{"/Users/hantao/colive/backoffice_backend/ormconfig.js": {"path":"/Users/hantao/colive/backoffice_backend/ormconfig.js","statementMap":{"0":{"start":{"line":1,"column":0},"end":{"line":56,"column":2}}},"fnMap":{},"branchMap":{},"s":{"0":12},"f":{},"b":{},"_coverageSchema":"43e27e138ebf9cfc5966b082cf9a028302ed4184","hash":"fabe2029fcf9336202845903aea799a54ac42325"}
,"/Users/hantao/colive/backoffice_backend/config/app-config.ts": {"path":"/Users/hantao/colive/backoffice_backend/config/app-config.ts","statementMap":{"0":{"start":{"line":1,"column":0},"end":{"line":6,"column":null}}},"fnMap":{},"branchMap":{"0":{"loc":{"start":{"line":2,"column":8},"end":{"line":2,"column":24}},"type":"binary-expr","locations":[{"start":{"line":2,"column":8},"end":{"line":2,"column":24}},{"start":{"line":2,"column":28},"end":{"line":2,"column":32}}]},"1":{"loc":{"start":{"line":5,"column":13},"end":{"line":5,"column":34}},"type":"binary-expr","locations":[{"start":{"line":5,"column":13},"end":{"line":5,"column":34}},{"start":{"line":5,"column":38},"end":{"line":5,"column":62}}]}},"s":{"0":12},"f":{},"b":{"0":[12,12],"1":[12,0]}}
,"/Users/hantao/colive/backoffice_backend/config/queue-config.ts": {"path":"/Users/hantao/colive/backoffice_backend/config/queue-config.ts","statementMap":{"0":{"start":{"line":1,"column":0},"end":{"line":10,"column":null}}},"fnMap":{},"branchMap":{},"s":{"0":12},"f":{},"b":{}}
,"/Users/hantao/colive/backoffice_backend/src/application/auth/authorization.ts": {"path":"/Users/hantao/colive/backoffice_backend/src/application/auth/authorization.ts","statementMap":{"0":{"start":{"line":1,"column":0},"end":{"line":1,"column":46}},"1":{"start":{"line":3,"column":0},"end":{"line":3,"column":67}},"2":{"start":{"line":6,"column":0},"end":{"line":20,"column":null}},"3":{"start":{"line":9,"column":12},"end":{"line":9,"column":28}},"4":{"start":{"line":11,"column":12},"end":{"line":11,"column":30}},"5":{"start":{"line":14,"column":9},"end":{"line":19,"column":null}},"6":{"start":{"line":15,"column":4},"end":{"line":19,"column":77}},"7":{"start":{"line":16,"column":21},"end":{"line":16,"column":144}},"8":{"start":{"line":17,"column":21},"end":{"line":17,"column":34}},"9":{"start":{"line":19,"column":28},"end":{"line":19,"column":76}},"10":{"start":{"line":6,"column":13},"end":{"line":20,"column":null}},"11":{"start":{"line":6,"column":13},"end":{"line":6,"column":26}}},"fnMap":{"0":{"name":"(anonymous_4)","decl":{"start":{"line":7,"column":2},"end":{"line":7,"column":null}},"loc":{"start":{"line":11,"column":30},"end":{"line":12,"column":6}}},"1":{"name":"(anonymous_5)","decl":{"start":{"line":14,"column":21},"end":{"line":14,"column":22}},"loc":{"start":{"line":15,"column":4},"end":{"line":19,"column":77}}},"2":{"name":"(anonymous_6)","decl":{"start":{"line":16,"column":12},"end":{"line":16,"column":17}},"loc":{"start":{"line":16,"column":21},"end":{"line":16,"column":144}}},"3":{"name":"(anonymous_7)","decl":{"start":{"line":17,"column":12},"end":{"line":17,"column":17}},"loc":{"start":{"line":17,"column":21},"end":{"line":17,"column":34}}},"4":{"name":"(anonymous_8)","decl":{"start":{"line":19,"column":12},"end":{"line":19,"column":13}},"loc":{"start":{"line":19,"column":28},"end":{"line":19,"column":76}}}},"branchMap":{"0":{"loc":{"start":{"line":16,"column":30},"end":{"line":16,"column":136}},"type":"cond-expr","locations":[{"start":{"line":16,"column":30},"end":{"line":16,"column":136}},{"start":{"line":16,"column":139},"end":{"line":16,"column":144}}]},"1":{"loc":{"start":{"line":19,"column":38},"end":{"line":19,"column":44}},"type":"cond-expr","locations":[{"start":{"line":19,"column":38},"end":{"line":19,"column":44}},{"start":{"line":19,"column":47},"end":{"line":19,"column":76}}]}},"s":{"0":12,"1":12,"2":12,"3":1,"4":1,"5":1,"6":2,"7":2,"8":2,"9":2,"10":12,"11":12},"f":{"0":1,"1":2,"2":2,"3":2,"4":2},"b":{"0":[0,2],"1":[0,2]}}
,"/Users/hantao/colive/backoffice_backend/src/application/auth/jwt/authentication.ts": {"path":"/Users/hantao/colive/backoffice_backend/src/application/auth/jwt/authentication.ts","statementMap":{"0":{"start":{"line":1,"column":0},"end":{"line":1,"column":35}},"1":{"start":{"line":7,"column":4},"end":{"line":7,"column":null}},"2":{"start":{"line":11,"column":4},"end":{"line":11,"column":null}},"3":{"start":{"line":15,"column":4},"end":{"line":19,"column":null}},"4":{"start":{"line":16,"column":6},"end":{"line":16,"column":null}},"5":{"start":{"line":18,"column":6},"end":{"line":18,"column":null}},"6":{"start":{"line":3,"column":0},"end":{"line":3,"column":13}}},"fnMap":{"0":{"name":"(anonymous_0)","decl":{"start":{"line":6,"column":2},"end":{"line":6,"column":null}},"loc":{"start":{"line":6,"column":2},"end":{"line":8,"column":3}}},"1":{"name":"(anonymous_1)","decl":{"start":{"line":10,"column":9},"end":{"line":10,"column":13}},"loc":{"start":{"line":10,"column":72},"end":{"line":12,"column":3}}},"2":{"name":"(anonymous_2)","decl":{"start":{"line":14,"column":9},"end":{"line":14,"column":15}},"loc":{"start":{"line":14,"column":21},"end":{"line":20,"column":3}}}},"branchMap":{"0":{"loc":{"start":{"line":10,"column":32},"end":{"line":10,"column":36}},"type":"default-arg","locations":[{"start":{"line":10,"column":32},"end":{"line":10,"column":36}}]},"1":{"loc":{"start":{"line":10,"column":65},"end":{"line":10,"column":72}},"type":"default-arg","locations":[{"start":{"line":10,"column":65},"end":{"line":10,"column":72}}]}},"s":{"0":15,"1":15,"2":13,"3":9,"4":9,"5":5,"6":15},"f":{"0":15,"1":13,"2":9},"b":{"0":[6],"1":[13]}}
,"/Users/hantao/colive/backoffice_backend/src/application/auth/jwt/service.ts": {"path":"/Users/hantao/colive/backoffice_backend/src/application/auth/jwt/service.ts","statementMap":{"0":{"start":{"line":1,"column":0},"end":{"line":1,"column":49}},"1":{"start":{"line":3,"column":30},"end":{"line":3,"column":50}},"2":{"start":{"line":5,"column":13},"end":{"line":6,"column":null}},"3":{"start":{"line":6,"column":2},"end":{"line":6,"column":78}},"4":{"start":{"line":8,"column":13},"end":{"line":9,"column":null}},"5":{"start":{"line":9,"column":2},"end":{"line":9,"column":57}},"6":{"start":{"line":11,"column":13},"end":{"line":12,"column":null}},"7":{"start":{"line":12,"column":2},"end":{"line":12,"column":88}},"8":{"start":{"line":14,"column":13},"end":{"line":14,"column":null}},"9":{"start":{"line":14,"column":38},"end":{"line":14,"column":75}},"10":{"start":{"line":16,"column":13},"end":{"line":19,"column":null}},"11":{"start":{"line":17,"column":54},"end":{"line":17,"column":61}},"12":{"start":{"line":18,"column":2},"end":{"line":18,"column":null}},"13":{"start":{"line":21,"column":13},"end":{"line":21,"column":null}},"14":{"start":{"line":21,"column":39},"end":{"line":21,"column":79}},"15":{"start":{"line":23,"column":13},"end":{"line":23,"column":null}},"16":{"start":{"line":23,"column":31},"end":{"line":23,"column":66}}},"fnMap":{"0":{"name":"(anonymous_0)","decl":{"start":{"line":5,"column":32},"end":{"line":5,"column":33}},"loc":{"start":{"line":6,"column":2},"end":{"line":6,"column":78}}},"1":{"name":"(anonymous_1)","decl":{"start":{"line":8,"column":31},"end":{"line":8,"column":32}},"loc":{"start":{"line":9,"column":2},"end":{"line":9,"column":57}}},"2":{"name":"(anonymous_2)","decl":{"start":{"line":11,"column":28},"end":{"line":11,"column":29}},"loc":{"start":{"line":12,"column":2},"end":{"line":12,"column":88}}},"3":{"name":"(anonymous_3)","decl":{"start":{"line":14,"column":29},"end":{"line":14,"column":34}},"loc":{"start":{"line":14,"column":38},"end":{"line":14,"column":75}}},"4":{"name":"(anonymous_4)","decl":{"start":{"line":16,"column":39},"end":{"line":16,"column":40}},"loc":{"start":{"line":16,"column":63},"end":{"line":19,"column":1}}},"5":{"name":"(anonymous_5)","decl":{"start":{"line":21,"column":27},"end":{"line":21,"column":35}},"loc":{"start":{"line":21,"column":39},"end":{"line":21,"column":79}}},"6":{"name":"(anonymous_6)","decl":{"start":{"line":23,"column":22},"end":{"line":23,"column":27}},"loc":{"start":{"line":23,"column":31},"end":{"line":23,"column":66}}}},"branchMap":{"0":{"loc":{"start":{"line":8,"column":58},"end":{"line":8,"column":62}},"type":"default-arg","locations":[{"start":{"line":8,"column":58},"end":{"line":8,"column":62}}]}},"s":{"0":14,"1":14,"2":14,"3":3,"4":14,"5":7,"6":14,"7":0,"8":14,"9":0,"10":14,"11":0,"12":0,"13":14,"14":0,"15":14,"16":6},"f":{"0":3,"1":7,"2":0,"3":0,"4":0,"5":0,"6":6},"b":{"0":[2]}}
,"/Users/hantao/colive/backoffice_backend/src/application/controllers/address.controller.ts": {"path":"/Users/hantao/colive/backoffice_backend/src/application/controllers/address.controller.ts","statementMap":{"0":{"start":{"line":1,"column":0},"end":{"line":1,"column":34}},"1":{"start":{"line":3,"column":0},"end":{"line":3,"column":48}},"2":{"start":{"line":4,"column":0},"end":{"line":4,"column":null}},"3":{"start":{"line":11,"column":0},"end":{"line":11,"column":null}},"4":{"start":{"line":19,"column":0},"end":{"line":19,"column":62}},"5":{"start":{"line":20,"column":0},"end":{"line":20,"column":47}},"6":{"start":{"line":21,"column":0},"end":{"line":21,"column":53}},"7":{"start":{"line":23,"column":0},"end":{"line":23,"column":null}},"8":{"start":{"line":34,"column":0},"end":{"line":123,"column":null}},"9":{"start":{"line":39,"column":4},"end":{"line":39,"column":null}},"10":{"start":{"line":37,"column":12},"end":{"line":37,"column":28}},"11":{"start":{"line":61,"column":4},"end":{"line":63,"column":null}},"12":{"start":{"line":63,"column":23},"end":{"line":63,"column":61}},"13":{"start":{"line":91,"column":4},"end":{"line":92,"column":null}},"14":{"start":{"line":92,"column":18},"end":{"line":92,"column":47}},"15":{"start":{"line":120,"column":4},"end":{"line":121,"column":null}},"16":{"start":{"line":121,"column":23},"end":{"line":121,"column":61}},"17":{"start":{"line":60,"column":2},"end":{"line":64,"column":null}},"18":{"start":{"line":90,"column":2},"end":{"line":93,"column":null}},"19":{"start":{"line":119,"column":2},"end":{"line":122,"column":null}},"20":{"start":{"line":34,"column":21},"end":{"line":123,"column":null}},"21":{"start":{"line":34,"column":21},"end":{"line":34,"column":39}}},"fnMap":{"0":{"name":"(anonymous_4)","decl":{"start":{"line":35,"column":2},"end":{"line":35,"column":null}},"loc":{"start":{"line":37,"column":42},"end":{"line":40,"column":3}}},"1":{"name":"(anonymous_5)","decl":{"start":{"line":60,"column":9},"end":{"line":60,"column":22}},"loc":{"start":{"line":60,"column":35},"end":{"line":64,"column":3}}},"2":{"name":"(anonymous_6)","decl":{"start":{"line":63,"column":12},"end":{"line":63,"column":19}},"loc":{"start":{"line":63,"column":23},"end":{"line":63,"column":61}}},"3":{"name":"(anonymous_7)","decl":{"start":{"line":90,"column":9},"end":{"line":90,"column":22}},"loc":{"start":{"line":90,"column":35},"end":{"line":93,"column":3}}},"4":{"name":"(anonymous_8)","decl":{"start":{"line":92,"column":12},"end":{"line":92,"column":15}},"loc":{"start":{"line":92,"column":18},"end":{"line":92,"column":47}}},"5":{"name":"(anonymous_9)","decl":{"start":{"line":119,"column":9},"end":{"line":119,"column":22}},"loc":{"start":{"line":119,"column":35},"end":{"line":122,"column":3}}},"6":{"name":"(anonymous_10)","decl":{"start":{"line":121,"column":12},"end":{"line":121,"column":19}},"loc":{"start":{"line":121,"column":23},"end":{"line":121,"column":61}}}},"branchMap":{},"s":{"0":12,"1":12,"2":12,"3":12,"4":12,"5":12,"6":12,"7":12,"8":12,"9":0,"10":0,"11":0,"12":0,"13":0,"14":0,"15":0,"16":0,"17":12,"18":12,"19":12,"20":12,"21":12},"f":{"0":0,"1":0,"2":0,"3":0,"4":0,"5":0,"6":0},"b":{}}
,"/Users/hantao/colive/backoffice_backend/src/application/controllers/admin.controller.ts": {"path":"/Users/hantao/colive/backoffice_backend/src/application/controllers/admin.controller.ts","statementMap":{"0":{"start":{"line":1,"column":0},"end":{"line":1,"column":34}},"1":{"start":{"line":3,"column":0},"end":{"line":3,"column":48}},"2":{"start":{"line":4,"column":0},"end":{"line":4,"column":null}},"3":{"start":{"line":12,"column":0},"end":{"line":12,"column":null}},"4":{"start":{"line":21,"column":0},"end":{"line":21,"column":51}},"5":{"start":{"line":22,"column":0},"end":{"line":22,"column":null}},"6":{"start":{"line":26,"column":0},"end":{"line":26,"column":49}},"7":{"start":{"line":27,"column":0},"end":{"line":27,"column":53}},"8":{"start":{"line":28,"column":0},"end":{"line":28,"column":58}},"9":{"start":{"line":36,"column":0},"end":{"line":294,"column":null}},"10":{"start":{"line":41,"column":4},"end":{"line":41,"column":null}},"11":{"start":{"line":39,"column":12},"end":{"line":39,"column":26}},"12":{"start":{"line":62,"column":4},"end":{"line":72,"column":null}},"13":{"start":{"line":68,"column":8},"end":{"line":71,"column":59}},"14":{"start":{"line":70,"column":24},"end":{"line":70,"column":75}},"15":{"start":{"line":71,"column":22},"end":{"line":71,"column":58}},"16":{"start":{"line":88,"column":4},"end":{"line":89,"column":null}},"17":{"start":{"line":89,"column":21},"end":{"line":89,"column":57}},"18":{"start":{"line":106,"column":4},"end":{"line":108,"column":null}},"19":{"start":{"line":107,"column":20},"end":{"line":107,"column":74}},"20":{"start":{"line":108,"column":18},"end":{"line":108,"column":47}},"21":{"start":{"line":131,"column":32},"end":{"line":131,"column":40}},"22":{"start":{"line":132,"column":4},"end":{"line":133,"column":null}},"23":{"start":{"line":133,"column":21},"end":{"line":133,"column":57}},"24":{"start":{"line":156,"column":4},"end":{"line":158,"column":null}},"25":{"start":{"line":158,"column":18},"end":{"line":158,"column":47}},"26":{"start":{"line":180,"column":4},"end":{"line":182,"column":null}},"27":{"start":{"line":182,"column":18},"end":{"line":182,"column":51}},"28":{"start":{"line":204,"column":4},"end":{"line":205,"column":null}},"29":{"start":{"line":205,"column":20},"end":{"line":205,"column":74}},"30":{"start":{"line":233,"column":4},"end":{"line":234,"column":null}},"31":{"start":{"line":234,"column":18},"end":{"line":234,"column":47}},"32":{"start":{"line":262,"column":4},"end":{"line":263,"column":null}},"33":{"start":{"line":263,"column":19},"end":{"line":263,"column":49}},"34":{"start":{"line":291,"column":4},"end":{"line":292,"column":null}},"35":{"start":{"line":292,"column":18},"end":{"line":292,"column":47}},"36":{"start":{"line":61,"column":2},"end":{"line":73,"column":null}},"37":{"start":{"line":87,"column":2},"end":{"line":90,"column":null}},"38":{"start":{"line":105,"column":2},"end":{"line":109,"column":null}},"39":{"start":{"line":130,"column":2},"end":{"line":134,"column":null}},"40":{"start":{"line":155,"column":2},"end":{"line":159,"column":null}},"41":{"start":{"line":179,"column":2},"end":{"line":183,"column":null}},"42":{"start":{"line":203,"column":2},"end":{"line":206,"column":null}},"43":{"start":{"line":232,"column":2},"end":{"line":235,"column":null}},"44":{"start":{"line":261,"column":2},"end":{"line":264,"column":null}},"45":{"start":{"line":290,"column":2},"end":{"line":293,"column":null}},"46":{"start":{"line":36,"column":21},"end":{"line":294,"column":null}},"47":{"start":{"line":36,"column":21},"end":{"line":36,"column":37}}},"fnMap":{"0":{"name":"(anonymous_4)","decl":{"start":{"line":37,"column":2},"end":{"line":37,"column":null}},"loc":{"start":{"line":39,"column":38},"end":{"line":42,"column":3}}},"1":{"name":"(anonymous_5)","decl":{"start":{"line":61,"column":9},"end":{"line":61,"column":20}},"loc":{"start":{"line":61,"column":48},"end":{"line":73,"column":3}}},"2":{"name":"(anonymous_6)","decl":{"start":{"line":67,"column":12},"end":{"line":67,"column":17}},"loc":{"start":{"line":68,"column":8},"end":{"line":71,"column":59}}},"3":{"name":"(anonymous_7)","decl":{"start":{"line":70,"column":16},"end":{"line":70,"column":20}},"loc":{"start":{"line":70,"column":24},"end":{"line":70,"column":75}}},"4":{"name":"(anonymous_8)","decl":{"start":{"line":71,"column":16},"end":{"line":71,"column":19}},"loc":{"start":{"line":71,"column":22},"end":{"line":71,"column":58}}},"5":{"name":"(anonymous_9)","decl":{"start":{"line":87,"column":9},"end":{"line":87,"column":17}},"loc":{"start":{"line":87,"column":45},"end":{"line":90,"column":3}}},"6":{"name":"(anonymous_10)","decl":{"start":{"line":89,"column":12},"end":{"line":89,"column":17}},"loc":{"start":{"line":89,"column":21},"end":{"line":89,"column":57}}},"7":{"name":"(anonymous_11)","decl":{"start":{"line":105,"column":9},"end":{"line":105,"column":31}},"loc":{"start":{"line":105,"column":44},"end":{"line":109,"column":3}}},"8":{"name":"(anonymous_12)","decl":{"start":{"line":107,"column":12},"end":{"line":107,"column":16}},"loc":{"start":{"line":107,"column":20},"end":{"line":107,"column":74}}},"9":{"name":"(anonymous_13)","decl":{"start":{"line":108,"column":12},"end":{"line":108,"column":15}},"loc":{"start":{"line":108,"column":18},"end":{"line":108,"column":47}}},"10":{"name":"(anonymous_14)","decl":{"start":{"line":130,"column":9},"end":{"line":130,"column":14}},"loc":{"start":{"line":130,"column":27},"end":{"line":134,"column":3}}},"11":{"name":"(anonymous_15)","decl":{"start":{"line":133,"column":12},"end":{"line":133,"column":17}},"loc":{"start":{"line":133,"column":21},"end":{"line":133,"column":57}}},"12":{"name":"(anonymous_16)","decl":{"start":{"line":155,"column":9},"end":{"line":155,"column":24}},"loc":{"start":{"line":155,"column":37},"end":{"line":159,"column":3}}},"13":{"name":"(anonymous_17)","decl":{"start":{"line":158,"column":12},"end":{"line":158,"column":15}},"loc":{"start":{"line":158,"column":18},"end":{"line":158,"column":47}}},"14":{"name":"(anonymous_18)","decl":{"start":{"line":179,"column":9},"end":{"line":179,"column":19}},"loc":{"start":{"line":179,"column":32},"end":{"line":183,"column":3}}},"15":{"name":"(anonymous_19)","decl":{"start":{"line":182,"column":12},"end":{"line":182,"column":14}},"loc":{"start":{"line":182,"column":18},"end":{"line":182,"column":51}}},"16":{"name":"(anonymous_20)","decl":{"start":{"line":203,"column":9},"end":{"line":203,"column":32}},"loc":{"start":{"line":203,"column":45},"end":{"line":206,"column":3}}},"17":{"name":"(anonymous_21)","decl":{"start":{"line":205,"column":12},"end":{"line":205,"column":16}},"loc":{"start":{"line":205,"column":20},"end":{"line":205,"column":74}}},"18":{"name":"(anonymous_22)","decl":{"start":{"line":232,"column":9},"end":{"line":232,"column":24}},"loc":{"start":{"line":232,"column":37},"end":{"line":235,"column":3}}},"19":{"name":"(anonymous_23)","decl":{"start":{"line":234,"column":12},"end":{"line":234,"column":15}},"loc":{"start":{"line":234,"column":18},"end":{"line":234,"column":47}}},"20":{"name":"(anonymous_24)","decl":{"start":{"line":261,"column":9},"end":{"line":261,"column":32}},"loc":{"start":{"line":261,"column":45},"end":{"line":264,"column":3}}},"21":{"name":"(anonymous_25)","decl":{"start":{"line":263,"column":12},"end":{"line":263,"column":15}},"loc":{"start":{"line":263,"column":19},"end":{"line":263,"column":49}}},"22":{"name":"(anonymous_26)","decl":{"start":{"line":290,"column":9},"end":{"line":290,"column":20}},"loc":{"start":{"line":290,"column":33},"end":{"line":293,"column":3}}},"23":{"name":"(anonymous_27)","decl":{"start":{"line":292,"column":12},"end":{"line":292,"column":15}},"loc":{"start":{"line":292,"column":18},"end":{"line":292,"column":47}}}},"branchMap":{},"s":{"0":12,"1":12,"2":12,"3":12,"4":12,"5":12,"6":12,"7":12,"8":12,"9":12,"10":0,"11":0,"12":0,"13":0,"14":0,"15":0,"16":0,"17":0,"18":0,"19":0,"20":0,"21":0,"22":0,"23":0,"24":0,"25":0,"26":0,"27":0,"28":0,"29":0,"30":0,"31":0,"32":0,"33":0,"34":0,"35":0,"36":12,"37":12,"38":12,"39":12,"40":12,"41":12,"42":12,"43":12,"44":12,"45":12,"46":12,"47":12},"f":{"0":0,"1":0,"2":0,"3":0,"4":0,"5":0,"6":0,"7":0,"8":0,"9":0,"10":0,"11":0,"12":0,"13":0,"14":0,"15":0,"16":0,"17":0,"18":0,"19":0,"20":0,"21":0,"22":0,"23":0},"b":{}}
,"/Users/hantao/colive/backoffice_backend/src/application/controllers/admins.controller.ts": {"path":"/Users/hantao/colive/backoffice_backend/src/application/controllers/admins.controller.ts","statementMap":{"0":{"start":{"line":1,"column":0},"end":{"line":1,"column":34}},"1":{"start":{"line":3,"column":0},"end":{"line":3,"column":48}},"2":{"start":{"line":4,"column":0},"end":{"line":4,"column":null}},"3":{"start":{"line":9,"column":0},"end":{"line":9,"column":null}},"4":{"start":{"line":15,"column":0},"end":{"line":15,"column":null}},"5":{"start":{"line":19,"column":0},"end":{"line":19,"column":53}},"6":{"start":{"line":20,"column":0},"end":{"line":20,"column":58}},"7":{"start":{"line":28,"column":0},"end":{"line":84,"column":null}},"8":{"start":{"line":33,"column":4},"end":{"line":33,"column":null}},"9":{"start":{"line":31,"column":12},"end":{"line":31,"column":26}},"10":{"start":{"line":51,"column":4},"end":{"line":52,"column":null}},"11":{"start":{"line":52,"column":22},"end":{"line":52,"column":59}},"12":{"start":{"line":81,"column":4},"end":{"line":82,"column":null}},"13":{"start":{"line":82,"column":22},"end":{"line":82,"column":59}},"14":{"start":{"line":50,"column":2},"end":{"line":53,"column":null}},"15":{"start":{"line":80,"column":2},"end":{"line":83,"column":null}},"16":{"start":{"line":28,"column":21},"end":{"line":84,"column":null}},"17":{"start":{"line":28,"column":21},"end":{"line":28,"column":38}}},"fnMap":{"0":{"name":"(anonymous_4)","decl":{"start":{"line":29,"column":2},"end":{"line":29,"column":null}},"loc":{"start":{"line":31,"column":38},"end":{"line":34,"column":3}}},"1":{"name":"(anonymous_5)","decl":{"start":{"line":50,"column":9},"end":{"line":50,"column":28}},"loc":{"start":{"line":50,"column":56},"end":{"line":53,"column":3}}},"2":{"name":"(anonymous_6)","decl":{"start":{"line":52,"column":12},"end":{"line":52,"column":18}},"loc":{"start":{"line":52,"column":22},"end":{"line":52,"column":59}}},"3":{"name":"(anonymous_7)","decl":{"start":{"line":80,"column":9},"end":{"line":80,"column":39}},"loc":{"start":{"line":80,"column":52},"end":{"line":83,"column":3}}},"4":{"name":"(anonymous_8)","decl":{"start":{"line":82,"column":12},"end":{"line":82,"column":18}},"loc":{"start":{"line":82,"column":22},"end":{"line":82,"column":59}}}},"branchMap":{},"s":{"0":12,"1":12,"2":12,"3":12,"4":12,"5":12,"6":12,"7":12,"8":0,"9":0,"10":0,"11":0,"12":0,"13":0,"14":12,"15":12,"16":12,"17":12},"f":{"0":0,"1":0,"2":0,"3":0,"4":0},"b":{}}
,"/Users/hantao/colive/backoffice_backend/src/application/controllers/apartment.controller.ts": {"path":"/Users/hantao/colive/backoffice_backend/src/application/controllers/apartment.controller.ts","statementMap":{"0":{"start":{"line":1,"column":0},"end":{"line":1,"column":34}},"1":{"start":{"line":3,"column":0},"end":{"line":3,"column":48}},"2":{"start":{"line":4,"column":0},"end":{"line":4,"column":null}},"3":{"start":{"line":11,"column":0},"end":{"line":11,"column":null}},"4":{"start":{"line":19,"column":0},"end":{"line":19,"column":66}},"5":{"start":{"line":20,"column":0},"end":{"line":20,"column":49}},"6":{"start":{"line":21,"column":0},"end":{"line":21,"column":53}},"7":{"start":{"line":22,"column":0},"end":{"line":22,"column":null}},"8":{"start":{"line":33,"column":0},"end":{"line":122,"column":null}},"9":{"start":{"line":38,"column":4},"end":{"line":38,"column":null}},"10":{"start":{"line":36,"column":12},"end":{"line":36,"column":30}},"11":{"start":{"line":60,"column":4},"end":{"line":62,"column":null}},"12":{"start":{"line":62,"column":25},"end":{"line":62,"column":65}},"13":{"start":{"line":90,"column":4},"end":{"line":91,"column":null}},"14":{"start":{"line":91,"column":18},"end":{"line":91,"column":47}},"15":{"start":{"line":119,"column":4},"end":{"line":120,"column":null}},"16":{"start":{"line":120,"column":25},"end":{"line":120,"column":65}},"17":{"start":{"line":59,"column":2},"end":{"line":63,"column":null}},"18":{"start":{"line":89,"column":2},"end":{"line":92,"column":null}},"19":{"start":{"line":118,"column":2},"end":{"line":121,"column":null}},"20":{"start":{"line":33,"column":21},"end":{"line":122,"column":null}},"21":{"start":{"line":33,"column":21},"end":{"line":33,"column":41}}},"fnMap":{"0":{"name":"(anonymous_4)","decl":{"start":{"line":34,"column":2},"end":{"line":34,"column":null}},"loc":{"start":{"line":36,"column":46},"end":{"line":39,"column":3}}},"1":{"name":"(anonymous_5)","decl":{"start":{"line":59,"column":9},"end":{"line":59,"column":24}},"loc":{"start":{"line":59,"column":37},"end":{"line":63,"column":3}}},"2":{"name":"(anonymous_6)","decl":{"start":{"line":62,"column":12},"end":{"line":62,"column":21}},"loc":{"start":{"line":62,"column":25},"end":{"line":62,"column":65}}},"3":{"name":"(anonymous_7)","decl":{"start":{"line":89,"column":9},"end":{"line":89,"column":24}},"loc":{"start":{"line":89,"column":37},"end":{"line":92,"column":3}}},"4":{"name":"(anonymous_8)","decl":{"start":{"line":91,"column":12},"end":{"line":91,"column":15}},"loc":{"start":{"line":91,"column":18},"end":{"line":91,"column":47}}},"5":{"name":"(anonymous_9)","decl":{"start":{"line":118,"column":9},"end":{"line":118,"column":24}},"loc":{"start":{"line":118,"column":37},"end":{"line":121,"column":3}}},"6":{"name":"(anonymous_10)","decl":{"start":{"line":120,"column":12},"end":{"line":120,"column":21}},"loc":{"start":{"line":120,"column":25},"end":{"line":120,"column":65}}}},"branchMap":{},"s":{"0":12,"1":12,"2":12,"3":12,"4":12,"5":12,"6":12,"7":12,"8":12,"9":0,"10":0,"11":0,"12":0,"13":0,"14":0,"15":0,"16":0,"17":12,"18":12,"19":12,"20":12,"21":12},"f":{"0":0,"1":0,"2":0,"3":0,"4":0,"5":0,"6":0},"b":{}}
,"/Users/hantao/colive/backoffice_backend/src/application/controllers/application.controller.ts": {"path":"/Users/hantao/colive/backoffice_backend/src/application/controllers/application.controller.ts","statementMap":{"0":{"start":{"line":2,"column":0},"end":{"line":2,"column":48}},"1":{"start":{"line":3,"column":0},"end":{"line":3,"column":34}},"2":{"start":{"line":4,"column":0},"end":{"line":4,"column":null}},"3":{"start":{"line":11,"column":0},"end":{"line":11,"column":null}},"4":{"start":{"line":19,"column":0},"end":{"line":19,"column":null}},"5":{"start":{"line":23,"column":0},"end":{"line":23,"column":53}},"6":{"start":{"line":24,"column":0},"end":{"line":24,"column":70}},"7":{"start":{"line":32,"column":0},"end":{"line":134,"column":null}},"8":{"start":{"line":37,"column":4},"end":{"line":37,"column":null}},"9":{"start":{"line":35,"column":21},"end":{"line":35,"column":41}},"10":{"start":{"line":60,"column":4},"end":{"line":61,"column":null}},"11":{"start":{"line":61,"column":27},"end":{"line":61,"column":69}},"12":{"start":{"line":78,"column":4},"end":{"line":79,"column":null}},"13":{"start":{"line":79,"column":28},"end":{"line":79,"column":71}},"14":{"start":{"line":106,"column":4},"end":{"line":107,"column":null}},"15":{"start":{"line":107,"column":18},"end":{"line":107,"column":47}},"16":{"start":{"line":131,"column":4},"end":{"line":132,"column":null}},"17":{"start":{"line":132,"column":21},"end":{"line":132,"column":57}},"18":{"start":{"line":59,"column":2},"end":{"line":62,"column":null}},"19":{"start":{"line":77,"column":2},"end":{"line":80,"column":null}},"20":{"start":{"line":105,"column":2},"end":{"line":108,"column":null}},"21":{"start":{"line":130,"column":2},"end":{"line":133,"column":null}},"22":{"start":{"line":32,"column":21},"end":{"line":134,"column":null}},"23":{"start":{"line":32,"column":21},"end":{"line":32,"column":43}}},"fnMap":{"0":{"name":"(anonymous_4)","decl":{"start":{"line":33,"column":2},"end":{"line":33,"column":null}},"loc":{"start":{"line":35,"column":59},"end":{"line":38,"column":3}}},"1":{"name":"(anonymous_5)","decl":{"start":{"line":59,"column":9},"end":{"line":59,"column":24}},"loc":{"start":{"line":59,"column":52},"end":{"line":62,"column":3}}},"2":{"name":"(anonymous_6)","decl":{"start":{"line":61,"column":12},"end":{"line":61,"column":23}},"loc":{"start":{"line":61,"column":27},"end":{"line":61,"column":69}}},"3":{"name":"(anonymous_7)","decl":{"start":{"line":77,"column":9},"end":{"line":77,"column":30}},"loc":{"start":{"line":77,"column":58},"end":{"line":80,"column":3}}},"4":{"name":"(anonymous_8)","decl":{"start":{"line":79,"column":12},"end":{"line":79,"column":24}},"loc":{"start":{"line":79,"column":28},"end":{"line":79,"column":71}}},"5":{"name":"(anonymous_9)","decl":{"start":{"line":105,"column":9},"end":{"line":105,"column":26}},"loc":{"start":{"line":105,"column":54},"end":{"line":108,"column":3}}},"6":{"name":"(anonymous_10)","decl":{"start":{"line":107,"column":12},"end":{"line":107,"column":15}},"loc":{"start":{"line":107,"column":18},"end":{"line":107,"column":47}}},"7":{"name":"(anonymous_11)","decl":{"start":{"line":130,"column":9},"end":{"line":130,"column":49}},"loc":{"start":{"line":130,"column":62},"end":{"line":133,"column":3}}},"8":{"name":"(anonymous_12)","decl":{"start":{"line":132,"column":12},"end":{"line":132,"column":17}},"loc":{"start":{"line":132,"column":21},"end":{"line":132,"column":57}}}},"branchMap":{},"s":{"0":12,"1":12,"2":12,"3":12,"4":12,"5":12,"6":12,"7":12,"8":0,"9":0,"10":0,"11":0,"12":0,"13":0,"14":0,"15":0,"16":0,"17":0,"18":12,"19":12,"20":12,"21":12,"22":12,"23":12},"f":{"0":0,"1":0,"2":0,"3":0,"4":0,"5":0,"6":0,"7":0,"8":0},"b":{}}
,"/Users/hantao/colive/backoffice_backend/src/application/controllers/client.controller.ts": {"path":"/Users/hantao/colive/backoffice_backend/src/application/controllers/client.controller.ts","statementMap":{"0":{"start":{"line":1,"column":0},"end":{"line":1,"column":34}},"1":{"start":{"line":3,"column":0},"end":{"line":3,"column":48}},"2":{"start":{"line":4,"column":0},"end":{"line":4,"column":null}},"3":{"start":{"line":12,"column":0},"end":{"line":12,"column":null}},"4":{"start":{"line":21,"column":0},"end":{"line":21,"column":null}},"5":{"start":{"line":25,"column":0},"end":{"line":25,"column":49}},"6":{"start":{"line":26,"column":0},"end":{"line":26,"column":53}},"7":{"start":{"line":27,"column":0},"end":{"line":27,"column":60}},"8":{"start":{"line":28,"column":0},"end":{"line":28,"column":56}},"9":{"start":{"line":36,"column":0},"end":{"line":140,"column":null}},"10":{"start":{"line":43,"column":4},"end":{"line":43,"column":null}},"11":{"start":{"line":39,"column":12},"end":{"line":39,"column":27}},"12":{"start":{"line":41,"column":12},"end":{"line":41,"column":25}},"13":{"start":{"line":63,"column":4},"end":{"line":64,"column":null}},"14":{"start":{"line":64,"column":22},"end":{"line":64,"column":57}},"15":{"start":{"line":91,"column":4},"end":{"line":92,"column":null}},"16":{"start":{"line":92,"column":19},"end":{"line":92,"column":49}},"17":{"start":{"line":110,"column":4},"end":{"line":111,"column":null}},"18":{"start":{"line":111,"column":22},"end":{"line":111,"column":59}},"19":{"start":{"line":138,"column":4},"end":{"line":138,"column":null}},"20":{"start":{"line":62,"column":2},"end":{"line":65,"column":null}},"21":{"start":{"line":90,"column":2},"end":{"line":93,"column":null}},"22":{"start":{"line":109,"column":2},"end":{"line":112,"column":null}},"23":{"start":{"line":137,"column":2},"end":{"line":139,"column":null}},"24":{"start":{"line":36,"column":21},"end":{"line":140,"column":null}},"25":{"start":{"line":36,"column":21},"end":{"line":36,"column":38}}},"fnMap":{"0":{"name":"(anonymous_4)","decl":{"start":{"line":37,"column":2},"end":{"line":37,"column":null}},"loc":{"start":{"line":41,"column":36},"end":{"line":44,"column":3}}},"1":{"name":"(anonymous_5)","decl":{"start":{"line":62,"column":9},"end":{"line":62,"column":21}},"loc":{"start":{"line":62,"column":34},"end":{"line":65,"column":3}}},"2":{"name":"(anonymous_6)","decl":{"start":{"line":64,"column":12},"end":{"line":64,"column":18}},"loc":{"start":{"line":64,"column":22},"end":{"line":64,"column":57}}},"3":{"name":"(anonymous_7)","decl":{"start":{"line":90,"column":9},"end":{"line":90,"column":25}},"loc":{"start":{"line":90,"column":38},"end":{"line":93,"column":3}}},"4":{"name":"(anonymous_8)","decl":{"start":{"line":92,"column":12},"end":{"line":92,"column":15}},"loc":{"start":{"line":92,"column":19},"end":{"line":92,"column":49}}},"5":{"name":"(anonymous_9)","decl":{"start":{"line":109,"column":9},"end":{"line":109,"column":18}},"loc":{"start":{"line":109,"column":46},"end":{"line":112,"column":3}}},"6":{"name":"(anonymous_10)","decl":{"start":{"line":111,"column":12},"end":{"line":111,"column":18}},"loc":{"start":{"line":111,"column":22},"end":{"line":111,"column":59}}},"7":{"name":"(anonymous_11)","decl":{"start":{"line":137,"column":9},"end":{"line":137,"column":21}},"loc":{"start":{"line":137,"column":34},"end":{"line":139,"column":3}}}},"branchMap":{},"s":{"0":12,"1":12,"2":12,"3":12,"4":12,"5":12,"6":12,"7":12,"8":12,"9":12,"10":0,"11":0,"12":0,"13":0,"14":0,"15":0,"16":0,"17":0,"18":0,"19":0,"20":12,"21":12,"22":12,"23":12,"24":12,"25":12},"f":{"0":0,"1":0,"2":0,"3":0,"4":0,"5":0,"6":0,"7":0},"b":{}}
,"/Users/hantao/colive/backoffice_backend/src/application/controllers/contract.controller.ts": {"path":"/Users/hantao/colive/backoffice_backend/src/application/controllers/contract.controller.ts","statementMap":{"0":{"start":{"line":2,"column":0},"end":{"line":2,"column":48}},"1":{"start":{"line":3,"column":0},"end":{"line":3,"column":34}},"2":{"start":{"line":4,"column":0},"end":{"line":4,"column":null}},"3":{"start":{"line":12,"column":0},"end":{"line":12,"column":null}},"4":{"start":{"line":21,"column":0},"end":{"line":21,"column":108}},"5":{"start":{"line":22,"column":0},"end":{"line":22,"column":53}},"6":{"start":{"line":23,"column":0},"end":{"line":23,"column":64}},"7":{"start":{"line":31,"column":0},"end":{"line":199,"column":null}},"8":{"start":{"line":36,"column":4},"end":{"line":36,"column":null}},"9":{"start":{"line":34,"column":12},"end":{"line":34,"column":29}},"10":{"start":{"line":57,"column":23},"end":{"line":57,"column":31}},"11":{"start":{"line":58,"column":23},"end":{"line":58,"column":33}},"12":{"start":{"line":59,"column":4},"end":{"line":60,"column":null}},"13":{"start":{"line":60,"column":25},"end":{"line":60,"column":65}},"14":{"start":{"line":87,"column":4},"end":{"line":88,"column":null}},"15":{"start":{"line":88,"column":25},"end":{"line":88,"column":65}},"16":{"start":{"line":104,"column":23},"end":{"line":104,"column":33}},"17":{"start":{"line":105,"column":4},"end":{"line":106,"column":null}},"18":{"start":{"line":106,"column":25},"end":{"line":106,"column":65}},"19":{"start":{"line":133,"column":4},"end":{"line":140,"column":null}},"20":{"start":{"line":135,"column":8},"end":{"line":138,"column":null}},"21":{"start":{"line":139,"column":8},"end":{"line":139,"column":null}},"22":{"start":{"line":168,"column":4},"end":{"line":169,"column":null}},"23":{"start":{"line":169,"column":24},"end":{"line":169,"column":63}},"24":{"start":{"line":196,"column":4},"end":{"line":197,"column":null}},"25":{"start":{"line":197,"column":18},"end":{"line":197,"column":47}},"26":{"start":{"line":56,"column":2},"end":{"line":61,"column":null}},"27":{"start":{"line":86,"column":2},"end":{"line":89,"column":null}},"28":{"start":{"line":103,"column":2},"end":{"line":107,"column":null}},"29":{"start":{"line":132,"column":2},"end":{"line":141,"column":null}},"30":{"start":{"line":167,"column":2},"end":{"line":170,"column":null}},"31":{"start":{"line":195,"column":2},"end":{"line":198,"column":null}},"32":{"start":{"line":31,"column":21},"end":{"line":199,"column":null}},"33":{"start":{"line":31,"column":21},"end":{"line":31,"column":40}}},"fnMap":{"0":{"name":"(anonymous_4)","decl":{"start":{"line":32,"column":2},"end":{"line":32,"column":null}},"loc":{"start":{"line":34,"column":44},"end":{"line":37,"column":3}}},"1":{"name":"(anonymous_5)","decl":{"start":{"line":56,"column":9},"end":{"line":56,"column":23}},"loc":{"start":{"line":56,"column":51},"end":{"line":61,"column":3}}},"2":{"name":"(anonymous_6)","decl":{"start":{"line":60,"column":12},"end":{"line":60,"column":21}},"loc":{"start":{"line":60,"column":25},"end":{"line":60,"column":65}}},"3":{"name":"(anonymous_7)","decl":{"start":{"line":86,"column":9},"end":{"line":86,"column":29}},"loc":{"start":{"line":86,"column":42},"end":{"line":89,"column":3}}},"4":{"name":"(anonymous_8)","decl":{"start":{"line":88,"column":12},"end":{"line":88,"column":21}},"loc":{"start":{"line":88,"column":25},"end":{"line":88,"column":65}}},"5":{"name":"(anonymous_9)","decl":{"start":{"line":103,"column":9},"end":{"line":103,"column":21}},"loc":{"start":{"line":103,"column":49},"end":{"line":107,"column":3}}},"6":{"name":"(anonymous_10)","decl":{"start":{"line":106,"column":12},"end":{"line":106,"column":21}},"loc":{"start":{"line":106,"column":25},"end":{"line":106,"column":65}}},"7":{"name":"(anonymous_11)","decl":{"start":{"line":132,"column":9},"end":{"line":132,"column":23}},"loc":{"start":{"line":132,"column":51},"end":{"line":141,"column":3}}},"8":{"name":"(anonymous_12)","decl":{"start":{"line":134,"column":12},"end":{"line":134,"column":16}},"loc":{"start":{"line":134,"column":19},"end":{"line":140,"column":7}}},"9":{"name":"(anonymous_13)","decl":{"start":{"line":167,"column":9},"end":{"line":167,"column":27}},"loc":{"start":{"line":167,"column":40},"end":{"line":170,"column":3}}},"10":{"name":"(anonymous_14)","decl":{"start":{"line":169,"column":12},"end":{"line":169,"column":20}},"loc":{"start":{"line":169,"column":24},"end":{"line":169,"column":63}}},"11":{"name":"(anonymous_15)","decl":{"start":{"line":195,"column":9},"end":{"line":195,"column":23}},"loc":{"start":{"line":195,"column":36},"end":{"line":198,"column":3}}},"12":{"name":"(anonymous_16)","decl":{"start":{"line":197,"column":12},"end":{"line":197,"column":15}},"loc":{"start":{"line":197,"column":18},"end":{"line":197,"column":47}}}},"branchMap":{},"s":{"0":12,"1":12,"2":12,"3":12,"4":12,"5":12,"6":12,"7":12,"8":0,"9":0,"10":0,"11":0,"12":0,"13":0,"14":0,"15":0,"16":0,"17":0,"18":0,"19":0,"20":0,"21":0,"22":0,"23":0,"24":0,"25":0,"26":12,"27":12,"28":12,"29":12,"30":12,"31":12,"32":12,"33":12},"f":{"0":0,"1":0,"2":0,"3":0,"4":0,"5":0,"6":0,"7":0,"8":0,"9":0,"10":0,"11":0,"12":0},"b":{}}
,"/Users/hantao/colive/backoffice_backend/src/application/controllers/contractTemplates.controller.ts": {"path":"/Users/hantao/colive/backoffice_backend/src/application/controllers/contractTemplates.controller.ts","statementMap":{"0":{"start":{"line":2,"column":0},"end":{"line":2,"column":48}},"1":{"start":{"line":3,"column":0},"end":{"line":3,"column":34}},"2":{"start":{"line":4,"column":0},"end":{"line":4,"column":null}},"3":{"start":{"line":10,"column":0},"end":{"line":10,"column":null}},"4":{"start":{"line":17,"column":0},"end":{"line":17,"column":97}},"5":{"start":{"line":18,"column":0},"end":{"line":18,"column":53}},"6":{"start":{"line":19,"column":0},"end":{"line":19,"column":80}},"7":{"start":{"line":27,"column":0},"end":{"line":137,"column":null}},"8":{"start":{"line":32,"column":4},"end":{"line":32,"column":null}},"9":{"start":{"line":30,"column":12},"end":{"line":30,"column":38}},"10":{"start":{"line":49,"column":4},"end":{"line":50,"column":null}},"11":{"start":{"line":50,"column":27},"end":{"line":50,"column":69}},"12":{"start":{"line":77,"column":4},"end":{"line":78,"column":null}},"13":{"start":{"line":78,"column":24},"end":{"line":78,"column":63}},"14":{"start":{"line":105,"column":4},"end":{"line":106,"column":null}},"15":{"start":{"line":106,"column":24},"end":{"line":106,"column":63}},"16":{"start":{"line":134,"column":4},"end":{"line":135,"column":null}},"17":{"start":{"line":135,"column":24},"end":{"line":135,"column":63}},"18":{"start":{"line":48,"column":2},"end":{"line":51,"column":null}},"19":{"start":{"line":76,"column":2},"end":{"line":79,"column":null}},"20":{"start":{"line":104,"column":2},"end":{"line":107,"column":null}},"21":{"start":{"line":133,"column":2},"end":{"line":136,"column":null}},"22":{"start":{"line":27,"column":21},"end":{"line":137,"column":null}},"23":{"start":{"line":27,"column":21},"end":{"line":27,"column":49}}},"fnMap":{"0":{"name":"(anonymous_4)","decl":{"start":{"line":28,"column":2},"end":{"line":28,"column":null}},"loc":{"start":{"line":30,"column":62},"end":{"line":33,"column":3}}},"1":{"name":"(anonymous_5)","decl":{"start":{"line":48,"column":9},"end":{"line":48,"column":23}},"loc":{"start":{"line":48,"column":23},"end":{"line":51,"column":3}}},"2":{"name":"(anonymous_6)","decl":{"start":{"line":50,"column":12},"end":{"line":50,"column":23}},"loc":{"start":{"line":50,"column":27},"end":{"line":50,"column":69}}},"3":{"name":"(anonymous_7)","decl":{"start":{"line":76,"column":9},"end":{"line":76,"column":42}},"loc":{"start":{"line":76,"column":55},"end":{"line":79,"column":3}}},"4":{"name":"(anonymous_8)","decl":{"start":{"line":78,"column":12},"end":{"line":78,"column":20}},"loc":{"start":{"line":78,"column":24},"end":{"line":78,"column":63}}},"5":{"name":"(anonymous_9)","decl":{"start":{"line":104,"column":9},"end":{"line":104,"column":38}},"loc":{"start":{"line":104,"column":51},"end":{"line":107,"column":3}}},"6":{"name":"(anonymous_10)","decl":{"start":{"line":106,"column":12},"end":{"line":106,"column":20}},"loc":{"start":{"line":106,"column":24},"end":{"line":106,"column":63}}},"7":{"name":"(anonymous_11)","decl":{"start":{"line":133,"column":9},"end":{"line":133,"column":41}},"loc":{"start":{"line":133,"column":54},"end":{"line":136,"column":3}}},"8":{"name":"(anonymous_12)","decl":{"start":{"line":135,"column":12},"end":{"line":135,"column":20}},"loc":{"start":{"line":135,"column":24},"end":{"line":135,"column":63}}}},"branchMap":{},"s":{"0":12,"1":12,"2":12,"3":12,"4":12,"5":12,"6":12,"7":12,"8":0,"9":0,"10":0,"11":0,"12":0,"13":0,"14":0,"15":0,"16":0,"17":0,"18":12,"19":12,"20":12,"21":12,"22":12,"23":12},"f":{"0":0,"1":0,"2":0,"3":0,"4":0,"5":0,"6":0,"7":0,"8":0},"b":{}}
,"/Users/hantao/colive/backoffice_backend/src/application/controllers/emergencyContacts.controller.ts": {"path":"/Users/hantao/colive/backoffice_backend/src/application/controllers/emergencyContacts.controller.ts","statementMap":{"0":{"start":{"line":1,"column":0},"end":{"line":1,"column":48}},"1":{"start":{"line":3,"column":0},"end":{"line":3,"column":34}},"2":{"start":{"line":4,"column":0},"end":{"line":4,"column":null}},"3":{"start":{"line":12,"column":0},"end":{"line":12,"column":null}},"4":{"start":{"line":21,"column":0},"end":{"line":21,"column":57}},"5":{"start":{"line":22,"column":0},"end":{"line":22,"column":53}},"6":{"start":{"line":23,"column":0},"end":{"line":23,"column":82}},"7":{"start":{"line":31,"column":0},"end":{"line":120,"column":null}},"8":{"start":{"line":36,"column":4},"end":{"line":36,"column":null}},"9":{"start":{"line":34,"column":12},"end":{"line":34,"column":38}},"10":{"start":{"line":56,"column":4},"end":{"line":57,"column":null}},"11":{"start":{"line":57,"column":23},"end":{"line":57,"column":61}},"12":{"start":{"line":72,"column":4},"end":{"line":73,"column":null}},"13":{"start":{"line":73,"column":24},"end":{"line":73,"column":63}},"14":{"start":{"line":92,"column":4},"end":{"line":93,"column":null}},"15":{"start":{"line":93,"column":23},"end":{"line":93,"column":61}},"16":{"start":{"line":117,"column":4},"end":{"line":118,"column":null}},"17":{"start":{"line":118,"column":18},"end":{"line":118,"column":47}},"18":{"start":{"line":55,"column":2},"end":{"line":58,"column":null}},"19":{"start":{"line":71,"column":2},"end":{"line":74,"column":null}},"20":{"start":{"line":91,"column":2},"end":{"line":94,"column":null}},"21":{"start":{"line":116,"column":2},"end":{"line":119,"column":null}},"22":{"start":{"line":31,"column":21},"end":{"line":120,"column":null}},"23":{"start":{"line":31,"column":21},"end":{"line":31,"column":49}}},"fnMap":{"0":{"name":"(anonymous_4)","decl":{"start":{"line":32,"column":2},"end":{"line":32,"column":null}},"loc":{"start":{"line":34,"column":62},"end":{"line":37,"column":3}}},"1":{"name":"(anonymous_5)","decl":{"start":{"line":55,"column":9},"end":{"line":55,"column":31}},"loc":{"start":{"line":55,"column":59},"end":{"line":58,"column":3}}},"2":{"name":"(anonymous_6)","decl":{"start":{"line":57,"column":12},"end":{"line":57,"column":19}},"loc":{"start":{"line":57,"column":23},"end":{"line":57,"column":61}}},"3":{"name":"(anonymous_7)","decl":{"start":{"line":71,"column":9},"end":{"line":71,"column":29}},"loc":{"start":{"line":71,"column":57},"end":{"line":74,"column":3}}},"4":{"name":"(anonymous_8)","decl":{"start":{"line":73,"column":12},"end":{"line":73,"column":20}},"loc":{"start":{"line":73,"column":24},"end":{"line":73,"column":63}}},"5":{"name":"(anonymous_9)","decl":{"start":{"line":91,"column":9},"end":{"line":91,"column":31}},"loc":{"start":{"line":91,"column":44},"end":{"line":94,"column":3}}},"6":{"name":"(anonymous_10)","decl":{"start":{"line":93,"column":12},"end":{"line":93,"column":19}},"loc":{"start":{"line":93,"column":23},"end":{"line":93,"column":61}}},"7":{"name":"(anonymous_11)","decl":{"start":{"line":116,"column":9},"end":{"line":116,"column":31}},"loc":{"start":{"line":116,"column":44},"end":{"line":119,"column":3}}},"8":{"name":"(anonymous_12)","decl":{"start":{"line":118,"column":12},"end":{"line":118,"column":15}},"loc":{"start":{"line":118,"column":18},"end":{"line":118,"column":47}}}},"branchMap":{},"s":{"0":12,"1":12,"2":12,"3":12,"4":12,"5":12,"6":12,"7":12,"8":0,"9":0,"10":0,"11":0,"12":0,"13":0,"14":0,"15":0,"16":0,"17":0,"18":12,"19":12,"20":12,"21":12,"22":12,"23":12},"f":{"0":0,"1":0,"2":0,"3":0,"4":0,"5":0,"6":0,"7":0,"8":0},"b":{}}
,"/Users/hantao/colive/backoffice_backend/src/application/controllers/getstreamChat.controller.ts": {"path":"/Users/hantao/colive/backoffice_backend/src/application/controllers/getstreamChat.controller.ts","statementMap":{"0":{"start":{"line":1,"column":0},"end":{"line":1,"column":34}},"1":{"start":{"line":3,"column":0},"end":{"line":3,"column":48}},"2":{"start":{"line":4,"column":0},"end":{"line":4,"column":null}},"3":{"start":{"line":9,"column":0},"end":{"line":9,"column":null}},"4":{"start":{"line":14,"column":0},"end":{"line":14,"column":92}},"5":{"start":{"line":15,"column":0},"end":{"line":15,"column":55}},"6":{"start":{"line":16,"column":0},"end":{"line":16,"column":53}},"7":{"start":{"line":17,"column":0},"end":{"line":17,"column":62}},"8":{"start":{"line":18,"column":0},"end":{"line":18,"column":60}},"9":{"start":{"line":26,"column":0},"end":{"line":78,"column":null}},"10":{"start":{"line":33,"column":4},"end":{"line":33,"column":null}},"11":{"start":{"line":29,"column":12},"end":{"line":29,"column":28}},"12":{"start":{"line":31,"column":12},"end":{"line":31,"column":27}},"13":{"start":{"line":51,"column":4},"end":{"line":52,"column":null}},"14":{"start":{"line":52,"column":20},"end":{"line":52,"column":51}},"15":{"start":{"line":70,"column":21},"end":{"line":70,"column":49}},"16":{"start":{"line":71,"column":4},"end":{"line":76,"column":null}},"17":{"start":{"line":72,"column":21},"end":{"line":75,"column":109}},"18":{"start":{"line":73,"column":25},"end":{"line":74,"column":90}},"19":{"start":{"line":76,"column":20},"end":{"line":76,"column":51}},"20":{"start":{"line":50,"column":2},"end":{"line":53,"column":null}},"21":{"start":{"line":69,"column":2},"end":{"line":77,"column":null}},"22":{"start":{"line":26,"column":21},"end":{"line":78,"column":null}},"23":{"start":{"line":26,"column":21},"end":{"line":26,"column":45}}},"fnMap":{"0":{"name":"(anonymous_4)","decl":{"start":{"line":27,"column":2},"end":{"line":27,"column":null}},"loc":{"start":{"line":31,"column":40},"end":{"line":34,"column":3}}},"1":{"name":"(anonymous_5)","decl":{"start":{"line":50,"column":9},"end":{"line":50,"column":36}},"loc":{"start":{"line":50,"column":64},"end":{"line":53,"column":3}}},"2":{"name":"(anonymous_6)","decl":{"start":{"line":52,"column":12},"end":{"line":52,"column":16}},"loc":{"start":{"line":52,"column":20},"end":{"line":52,"column":51}}},"3":{"name":"(anonymous_7)","decl":{"start":{"line":69,"column":9},"end":{"line":69,"column":34}},"loc":{"start":{"line":69,"column":62},"end":{"line":77,"column":3}}},"4":{"name":"(anonymous_8)","decl":{"start":{"line":72,"column":12},"end":{"line":72,"column":17}},"loc":{"start":{"line":72,"column":21},"end":{"line":75,"column":109}}},"5":{"name":"(anonymous_9)","decl":{"start":{"line":73,"column":14},"end":{"line":73,"column":21}},"loc":{"start":{"line":73,"column":25},"end":{"line":74,"column":90}}},"6":{"name":"(anonymous_10)","decl":{"start":{"line":76,"column":12},"end":{"line":76,"column":16}},"loc":{"start":{"line":76,"column":20},"end":{"line":76,"column":51}}}},"branchMap":{"0":{"loc":{"start":{"line":72,"column":40},"end":{"line":74,"column":91}},"type":"cond-expr","locations":[{"start":{"line":72,"column":40},"end":{"line":74,"column":91}},{"start":{"line":75,"column":10},"end":{"line":75,"column":109}}]}},"s":{"0":12,"1":12,"2":12,"3":12,"4":12,"5":12,"6":12,"7":12,"8":12,"9":12,"10":0,"11":0,"12":0,"13":0,"14":0,"15":0,"16":0,"17":0,"18":0,"19":0,"20":12,"21":12,"22":12,"23":12},"f":{"0":0,"1":0,"2":0,"3":0,"4":0,"5":0,"6":0},"b":{"0":[0,0]}}
,"/Users/hantao/colive/backoffice_backend/src/application/controllers/incidentReport.controller.ts": {"path":"/Users/hantao/colive/backoffice_backend/src/application/controllers/incidentReport.controller.ts","statementMap":{"0":{"start":{"line":1,"column":0},"end":{"line":1,"column":34}},"1":{"start":{"line":3,"column":0},"end":{"line":3,"column":48}},"2":{"start":{"line":4,"column":0},"end":{"line":4,"column":null}},"3":{"start":{"line":11,"column":0},"end":{"line":11,"column":null}},"4":{"start":{"line":19,"column":0},"end":{"line":19,"column":54}},"5":{"start":{"line":20,"column":0},"end":{"line":20,"column":65}},"6":{"start":{"line":21,"column":0},"end":{"line":21,"column":53}},"7":{"start":{"line":22,"column":0},"end":{"line":22,"column":58}},"8":{"start":{"line":23,"column":0},"end":{"line":23,"column":76}},"9":{"start":{"line":24,"column":0},"end":{"line":24,"column":74}},"10":{"start":{"line":25,"column":0},"end":{"line":25,"column":null}},"11":{"start":{"line":29,"column":0},"end":{"line":29,"column":70}},"12":{"start":{"line":37,"column":0},"end":{"line":348,"column":null}},"13":{"start":{"line":46,"column":4},"end":{"line":46,"column":null}},"14":{"start":{"line":40,"column":12},"end":{"line":40,"column":35}},"15":{"start":{"line":42,"column":12},"end":{"line":42,"column":26}},"16":{"start":{"line":44,"column":12},"end":{"line":44,"column":34}},"17":{"start":{"line":69,"column":4},"end":{"line":71,"column":null}},"18":{"start":{"line":71,"column":30},"end":{"line":71,"column":75}},"19":{"start":{"line":93,"column":4},"end":{"line":103,"column":null}},"20":{"start":{"line":94,"column":6},"end":{"line":102,"column":81}},"21":{"start":{"line":95,"column":8},"end":{"line":102,"column":80}},"22":{"start":{"line":102,"column":34},"end":{"line":102,"column":79}},"23":{"start":{"line":130,"column":4},"end":{"line":131,"column":null}},"24":{"start":{"line":131,"column":30},"end":{"line":131,"column":75}},"25":{"start":{"line":170,"column":4},"end":{"line":171,"column":null}},"26":{"start":{"line":171,"column":31},"end":{"line":171,"column":73}},"27":{"start":{"line":197,"column":4},"end":{"line":198,"column":null}},"28":{"start":{"line":198,"column":30},"end":{"line":198,"column":75}},"29":{"start":{"line":239,"column":4},"end":{"line":241,"column":null}},"30":{"start":{"line":241,"column":31},"end":{"line":241,"column":77}},"31":{"start":{"line":269,"column":4},"end":{"line":270,"column":null}},"32":{"start":{"line":270,"column":30},"end":{"line":270,"column":75}},"33":{"start":{"line":297,"column":4},"end":{"line":298,"column":null}},"34":{"start":{"line":298,"column":30},"end":{"line":298,"column":75}},"35":{"start":{"line":321,"column":4},"end":{"line":322,"column":null}},"36":{"start":{"line":322,"column":18},"end":{"line":322,"column":47}},"37":{"start":{"line":344,"column":23},"end":{"line":344,"column":84}},"38":{"start":{"line":345,"column":4},"end":{"line":346,"column":null}},"39":{"start":{"line":346,"column":27},"end":{"line":346,"column":65}},"40":{"start":{"line":68,"column":2},"end":{"line":72,"column":null}},"41":{"start":{"line":92,"column":2},"end":{"line":104,"column":null}},"42":{"start":{"line":129,"column":2},"end":{"line":132,"column":null}},"43":{"start":{"line":168,"column":2},"end":{"line":172,"column":null}},"44":{"start":{"line":196,"column":2},"end":{"line":199,"column":null}},"45":{"start":{"line":238,"column":2},"end":{"line":242,"column":null}},"46":{"start":{"line":268,"column":2},"end":{"line":271,"column":null}},"47":{"start":{"line":296,"column":2},"end":{"line":299,"column":null}},"48":{"start":{"line":320,"column":2},"end":{"line":323,"column":null}},"49":{"start":{"line":343,"column":2},"end":{"line":347,"column":null}},"50":{"start":{"line":37,"column":21},"end":{"line":348,"column":null}},"51":{"start":{"line":37,"column":21},"end":{"line":37,"column":46}}},"fnMap":{"0":{"name":"(anonymous_4)","decl":{"start":{"line":38,"column":2},"end":{"line":38,"column":null}},"loc":{"start":{"line":44,"column":54},"end":{"line":47,"column":3}}},"1":{"name":"(anonymous_5)","decl":{"start":{"line":68,"column":9},"end":{"line":68,"column":36}},"loc":{"start":{"line":68,"column":64},"end":{"line":72,"column":3}}},"2":{"name":"(anonymous_6)","decl":{"start":{"line":71,"column":12},"end":{"line":71,"column":26}},"loc":{"start":{"line":71,"column":30},"end":{"line":71,"column":75}}},"3":{"name":"(anonymous_7)","decl":{"start":{"line":92,"column":9},"end":{"line":92,"column":37}},"loc":{"start":{"line":92,"column":65},"end":{"line":104,"column":3}}},"4":{"name":"(anonymous_8)","decl":{"start":{"line":93,"column":81},"end":{"line":93,"column":94}},"loc":{"start":{"line":94,"column":6},"end":{"line":102,"column":81}}},"5":{"name":"(anonymous_9)","decl":{"start":{"line":94,"column":77},"end":{"line":94,"column":88}},"loc":{"start":{"line":95,"column":8},"end":{"line":102,"column":80}}},"6":{"name":"(anonymous_10)","decl":{"start":{"line":102,"column":16},"end":{"line":102,"column":30}},"loc":{"start":{"line":102,"column":34},"end":{"line":102,"column":79}}},"7":{"name":"(anonymous_11)","decl":{"start":{"line":129,"column":9},"end":{"line":129,"column":34}},"loc":{"start":{"line":129,"column":47},"end":{"line":132,"column":3}}},"8":{"name":"(anonymous_12)","decl":{"start":{"line":131,"column":12},"end":{"line":131,"column":26}},"loc":{"start":{"line":131,"column":30},"end":{"line":131,"column":75}}},"9":{"name":"(anonymous_13)","decl":{"start":{"line":168,"column":9},"end":{"line":168,"column":35}},"loc":{"start":{"line":168,"column":63},"end":{"line":172,"column":3}}},"10":{"name":"(anonymous_14)","decl":{"start":{"line":171,"column":12},"end":{"line":171,"column":27}},"loc":{"start":{"line":171,"column":31},"end":{"line":171,"column":73}}},"11":{"name":"(anonymous_15)","decl":{"start":{"line":196,"column":9},"end":{"line":196,"column":35}},"loc":{"start":{"line":196,"column":48},"end":{"line":199,"column":3}}},"12":{"name":"(anonymous_16)","decl":{"start":{"line":198,"column":12},"end":{"line":198,"column":26}},"loc":{"start":{"line":198,"column":30},"end":{"line":198,"column":75}}},"13":{"name":"(anonymous_17)","decl":{"start":{"line":238,"column":9},"end":{"line":238,"column":36}},"loc":{"start":{"line":238,"column":64},"end":{"line":242,"column":3}}},"14":{"name":"(anonymous_18)","decl":{"start":{"line":241,"column":12},"end":{"line":241,"column":27}},"loc":{"start":{"line":241,"column":31},"end":{"line":241,"column":77}}},"15":{"name":"(anonymous_19)","decl":{"start":{"line":268,"column":9},"end":{"line":268,"column":36}},"loc":{"start":{"line":268,"column":49},"end":{"line":271,"column":3}}},"16":{"name":"(anonymous_20)","decl":{"start":{"line":270,"column":12},"end":{"line":270,"column":26}},"loc":{"start":{"line":270,"column":30},"end":{"line":270,"column":75}}},"17":{"name":"(anonymous_21)","decl":{"start":{"line":296,"column":9},"end":{"line":296,"column":37}},"loc":{"start":{"line":296,"column":50},"end":{"line":299,"column":3}}},"18":{"name":"(anonymous_22)","decl":{"start":{"line":298,"column":12},"end":{"line":298,"column":26}},"loc":{"start":{"line":298,"column":30},"end":{"line":298,"column":75}}},"19":{"name":"(anonymous_23)","decl":{"start":{"line":320,"column":9},"end":{"line":320,"column":28}},"loc":{"start":{"line":320,"column":41},"end":{"line":323,"column":3}}},"20":{"name":"(anonymous_24)","decl":{"start":{"line":322,"column":12},"end":{"line":322,"column":15}},"loc":{"start":{"line":322,"column":18},"end":{"line":322,"column":47}}},"21":{"name":"(anonymous_25)","decl":{"start":{"line":343,"column":9},"end":{"line":343,"column":28}},"loc":{"start":{"line":343,"column":56},"end":{"line":347,"column":3}}},"22":{"name":"(anonymous_26)","decl":{"start":{"line":346,"column":12},"end":{"line":346,"column":23}},"loc":{"start":{"line":346,"column":27},"end":{"line":346,"column":65}}}},"branchMap":{"0":{"loc":{"start":{"line":344,"column":45},"end":{"line":344,"column":64}},"type":"cond-expr","locations":[{"start":{"line":344,"column":45},"end":{"line":344,"column":64}},{"start":{"line":344,"column":67},"end":{"line":344,"column":84}}]}},"s":{"0":12,"1":12,"2":12,"3":12,"4":12,"5":12,"6":12,"7":12,"8":12,"9":12,"10":12,"11":12,"12":12,"13":0,"14":0,"15":0,"16":0,"17":0,"18":0,"19":0,"20":0,"21":0,"22":0,"23":0,"24":0,"25":0,"26":0,"27":0,"28":0,"29":0,"30":0,"31":0,"32":0,"33":0,"34":0,"35":0,"36":0,"37":0,"38":0,"39":0,"40":12,"41":12,"42":12,"43":12,"44":12,"45":12,"46":12,"47":12,"48":12,"49":12,"50":12,"51":12},"f":{"0":0,"1":0,"2":0,"3":0,"4":0,"5":0,"6":0,"7":0,"8":0,"9":0,"10":0,"11":0,"12":0,"13":0,"14":0,"15":0,"16":0,"17":0,"18":0,"19":0,"20":0,"21":0,"22":0},"b":{"0":[0,0]}}
,"/Users/hantao/colive/backoffice_backend/src/application/controllers/interests.controller.ts": {"path":"/Users/hantao/colive/backoffice_backend/src/application/controllers/interests.controller.ts","statementMap":{"0":{"start":{"line":1,"column":0},"end":{"line":1,"column":48}},"1":{"start":{"line":2,"column":0},"end":{"line":2,"column":34}},"2":{"start":{"line":3,"column":0},"end":{"line":3,"column":null}},"3":{"start":{"line":8,"column":0},"end":{"line":8,"column":null}},"4":{"start":{"line":13,"column":0},"end":{"line":13,"column":68}},"5":{"start":{"line":14,"column":0},"end":{"line":14,"column":53}},"6":{"start":{"line":15,"column":0},"end":{"line":15,"column":66}},"7":{"start":{"line":23,"column":0},"end":{"line":46,"column":null}},"8":{"start":{"line":28,"column":4},"end":{"line":28,"column":null}},"9":{"start":{"line":26,"column":12},"end":{"line":26,"column":30}},"10":{"start":{"line":43,"column":4},"end":{"line":44,"column":null}},"11":{"start":{"line":44,"column":25},"end":{"line":44,"column":65}},"12":{"start":{"line":42,"column":2},"end":{"line":45,"column":null}},"13":{"start":{"line":23,"column":21},"end":{"line":46,"column":null}},"14":{"start":{"line":23,"column":21},"end":{"line":23,"column":41}}},"fnMap":{"0":{"name":"(anonymous_4)","decl":{"start":{"line":24,"column":2},"end":{"line":24,"column":null}},"loc":{"start":{"line":26,"column":46},"end":{"line":29,"column":3}}},"1":{"name":"(anonymous_5)","decl":{"start":{"line":42,"column":9},"end":{"line":42,"column":21}},"loc":{"start":{"line":42,"column":21},"end":{"line":45,"column":3}}},"2":{"name":"(anonymous_6)","decl":{"start":{"line":44,"column":12},"end":{"line":44,"column":21}},"loc":{"start":{"line":44,"column":25},"end":{"line":44,"column":65}}}},"branchMap":{},"s":{"0":12,"1":12,"2":12,"3":12,"4":12,"5":12,"6":12,"7":12,"8":0,"9":0,"10":0,"11":0,"12":12,"13":12,"14":12},"f":{"0":0,"1":0,"2":0},"b":{}}
,"/Users/hantao/colive/backoffice_backend/src/application/controllers/job.controller.ts": {"path":"/Users/hantao/colive/backoffice_backend/src/application/controllers/job.controller.ts","statementMap":{"0":{"start":{"line":1,"column":0},"end":{"line":1,"column":34}},"1":{"start":{"line":2,"column":0},"end":{"line":2,"column":48}},"2":{"start":{"line":3,"column":0},"end":{"line":3,"column":null}},"3":{"start":{"line":8,"column":0},"end":{"line":8,"column":62}},"4":{"start":{"line":9,"column":0},"end":{"line":9,"column":60}},"5":{"start":{"line":12,"column":0},"end":{"line":71,"column":null}},"6":{"start":{"line":19,"column":4},"end":{"line":19,"column":null}},"7":{"start":{"line":15,"column":12},"end":{"line":15,"column":28}},"8":{"start":{"line":17,"column":12},"end":{"line":17,"column":27}},"9":{"start":{"line":32,"column":4},"end":{"line":33,"column":null}},"10":{"start":{"line":33,"column":18},"end":{"line":33,"column":47}},"11":{"start":{"line":44,"column":4},"end":{"line":45,"column":null}},"12":{"start":{"line":45,"column":18},"end":{"line":45,"column":47}},"13":{"start":{"line":56,"column":4},"end":{"line":57,"column":null}},"14":{"start":{"line":57,"column":18},"end":{"line":57,"column":47}},"15":{"start":{"line":68,"column":4},"end":{"line":69,"column":null}},"16":{"start":{"line":69,"column":18},"end":{"line":69,"column":47}},"17":{"start":{"line":30,"column":2},"end":{"line":34,"column":null}},"18":{"start":{"line":43,"column":2},"end":{"line":46,"column":null}},"19":{"start":{"line":55,"column":2},"end":{"line":58,"column":null}},"20":{"start":{"line":67,"column":2},"end":{"line":70,"column":null}},"21":{"start":{"line":12,"column":21},"end":{"line":71,"column":null}},"22":{"start":{"line":12,"column":21},"end":{"line":12,"column":35}}},"fnMap":{"0":{"name":"(anonymous_4)","decl":{"start":{"line":13,"column":2},"end":{"line":13,"column":null}},"loc":{"start":{"line":17,"column":40},"end":{"line":20,"column":3}}},"1":{"name":"(anonymous_5)","decl":{"start":{"line":30,"column":9},"end":{"line":30,"column":34}},"loc":{"start":{"line":30,"column":34},"end":{"line":34,"column":3}}},"2":{"name":"(anonymous_6)","decl":{"start":{"line":33,"column":12},"end":{"line":33,"column":15}},"loc":{"start":{"line":33,"column":18},"end":{"line":33,"column":47}}},"3":{"name":"(anonymous_7)","decl":{"start":{"line":43,"column":9},"end":{"line":43,"column":32}},"loc":{"start":{"line":43,"column":32},"end":{"line":46,"column":3}}},"4":{"name":"(anonymous_8)","decl":{"start":{"line":45,"column":12},"end":{"line":45,"column":15}},"loc":{"start":{"line":45,"column":18},"end":{"line":45,"column":47}}},"5":{"name":"(anonymous_9)","decl":{"start":{"line":55,"column":9},"end":{"line":55,"column":32}},"loc":{"start":{"line":55,"column":32},"end":{"line":58,"column":3}}},"6":{"name":"(anonymous_10)","decl":{"start":{"line":57,"column":12},"end":{"line":57,"column":15}},"loc":{"start":{"line":57,"column":18},"end":{"line":57,"column":47}}},"7":{"name":"(anonymous_11)","decl":{"start":{"line":67,"column":9},"end":{"line":67,"column":34}},"loc":{"start":{"line":67,"column":34},"end":{"line":70,"column":3}}},"8":{"name":"(anonymous_12)","decl":{"start":{"line":69,"column":12},"end":{"line":69,"column":15}},"loc":{"start":{"line":69,"column":18},"end":{"line":69,"column":47}}}},"branchMap":{},"s":{"0":12,"1":12,"2":12,"3":12,"4":12,"5":12,"6":0,"7":0,"8":0,"9":0,"10":0,"11":0,"12":0,"13":0,"14":0,"15":0,"16":0,"17":12,"18":12,"19":12,"20":12,"21":12,"22":12},"f":{"0":0,"1":0,"2":0,"3":0,"4":0,"5":0,"6":0,"7":0,"8":0},"b":{}}
,"/Users/hantao/colive/backoffice_backend/src/application/controllers/label.controller.ts": {"path":"/Users/hantao/colive/backoffice_backend/src/application/controllers/label.controller.ts","statementMap":{"0":{"start":{"line":1,"column":0},"end":{"line":1,"column":34}},"1":{"start":{"line":3,"column":0},"end":{"line":3,"column":48}},"2":{"start":{"line":4,"column":0},"end":{"line":4,"column":null}},"3":{"start":{"line":11,"column":0},"end":{"line":11,"column":null}},"4":{"start":{"line":19,"column":0},"end":{"line":19,"column":58}},"5":{"start":{"line":20,"column":0},"end":{"line":20,"column":45}},"6":{"start":{"line":21,"column":0},"end":{"line":21,"column":53}},"7":{"start":{"line":22,"column":0},"end":{"line":22,"column":null}},"8":{"start":{"line":33,"column":0},"end":{"line":121,"column":null}},"9":{"start":{"line":38,"column":4},"end":{"line":38,"column":null}},"10":{"start":{"line":36,"column":12},"end":{"line":36,"column":26}},"11":{"start":{"line":60,"column":4},"end":{"line":62,"column":null}},"12":{"start":{"line":62,"column":21},"end":{"line":62,"column":57}},"13":{"start":{"line":89,"column":4},"end":{"line":90,"column":null}},"14":{"start":{"line":90,"column":18},"end":{"line":90,"column":47}},"15":{"start":{"line":118,"column":4},"end":{"line":119,"column":null}},"16":{"start":{"line":119,"column":21},"end":{"line":119,"column":57}},"17":{"start":{"line":59,"column":2},"end":{"line":63,"column":null}},"18":{"start":{"line":88,"column":2},"end":{"line":91,"column":null}},"19":{"start":{"line":117,"column":2},"end":{"line":120,"column":null}},"20":{"start":{"line":33,"column":21},"end":{"line":121,"column":null}},"21":{"start":{"line":33,"column":21},"end":{"line":33,"column":37}}},"fnMap":{"0":{"name":"(anonymous_4)","decl":{"start":{"line":34,"column":2},"end":{"line":34,"column":null}},"loc":{"start":{"line":36,"column":38},"end":{"line":39,"column":3}}},"1":{"name":"(anonymous_5)","decl":{"start":{"line":59,"column":9},"end":{"line":59,"column":20}},"loc":{"start":{"line":59,"column":33},"end":{"line":63,"column":3}}},"2":{"name":"(anonymous_6)","decl":{"start":{"line":62,"column":12},"end":{"line":62,"column":17}},"loc":{"start":{"line":62,"column":21},"end":{"line":62,"column":57}}},"3":{"name":"(anonymous_7)","decl":{"start":{"line":88,"column":9},"end":{"line":88,"column":20}},"loc":{"start":{"line":88,"column":33},"end":{"line":91,"column":3}}},"4":{"name":"(anonymous_8)","decl":{"start":{"line":90,"column":12},"end":{"line":90,"column":15}},"loc":{"start":{"line":90,"column":18},"end":{"line":90,"column":47}}},"5":{"name":"(anonymous_9)","decl":{"start":{"line":117,"column":9},"end":{"line":117,"column":20}},"loc":{"start":{"line":117,"column":33},"end":{"line":120,"column":3}}},"6":{"name":"(anonymous_10)","decl":{"start":{"line":119,"column":12},"end":{"line":119,"column":17}},"loc":{"start":{"line":119,"column":21},"end":{"line":119,"column":57}}}},"branchMap":{},"s":{"0":12,"1":12,"2":12,"3":12,"4":12,"5":12,"6":12,"7":12,"8":12,"9":0,"10":0,"11":0,"12":0,"13":0,"14":0,"15":0,"16":0,"17":12,"18":12,"19":12,"20":12,"21":12},"f":{"0":0,"1":0,"2":0,"3":0,"4":0,"5":0,"6":0},"b":{}}
,"/Users/hantao/colive/backoffice_backend/src/application/controllers/member.controller.ts": {"path":"/Users/hantao/colive/backoffice_backend/src/application/controllers/member.controller.ts","statementMap":{"0":{"start":{"line":2,"column":0},"end":{"line":2,"column":48}},"1":{"start":{"line":3,"column":0},"end":{"line":3,"column":34}},"2":{"start":{"line":4,"column":0},"end":{"line":4,"column":null}},"3":{"start":{"line":11,"column":0},"end":{"line":11,"column":null}},"4":{"start":{"line":19,"column":0},"end":{"line":19,"column":null}},"5":{"start":{"line":23,"column":0},"end":{"line":23,"column":53}},"6":{"start":{"line":24,"column":0},"end":{"line":24,"column":60}},"7":{"start":{"line":32,"column":0},"end":{"line":295,"column":null}},"8":{"start":{"line":37,"column":4},"end":{"line":37,"column":null}},"9":{"start":{"line":35,"column":21},"end":{"line":35,"column":36}},"10":{"start":{"line":65,"column":4},"end":{"line":66,"column":null}},"11":{"start":{"line":66,"column":22},"end":{"line":66,"column":59}},"12":{"start":{"line":94,"column":4},"end":{"line":95,"column":null}},"13":{"start":{"line":95,"column":21},"end":{"line":95,"column":57}},"14":{"start":{"line":123,"column":4},"end":{"line":124,"column":null}},"15":{"start":{"line":124,"column":27},"end":{"line":124,"column":69}},"16":{"start":{"line":152,"column":4},"end":{"line":153,"column":null}},"17":{"start":{"line":153,"column":23},"end":{"line":153,"column":61}},"18":{"start":{"line":181,"column":4},"end":{"line":182,"column":null}},"19":{"start":{"line":182,"column":29},"end":{"line":182,"column":73}},"20":{"start":{"line":210,"column":4},"end":{"line":211,"column":null}},"21":{"start":{"line":211,"column":23},"end":{"line":211,"column":61}},"22":{"start":{"line":234,"column":4},"end":{"line":235,"column":null}},"23":{"start":{"line":235,"column":21},"end":{"line":235,"column":57}},"24":{"start":{"line":264,"column":4},"end":{"line":265,"column":null}},"25":{"start":{"line":265,"column":21},"end":{"line":265,"column":57}},"26":{"start":{"line":292,"column":4},"end":{"line":293,"column":null}},"27":{"start":{"line":293,"column":22},"end":{"line":293,"column":59}},"28":{"start":{"line":64,"column":2},"end":{"line":67,"column":null}},"29":{"start":{"line":93,"column":2},"end":{"line":96,"column":null}},"30":{"start":{"line":122,"column":2},"end":{"line":125,"column":null}},"31":{"start":{"line":151,"column":2},"end":{"line":154,"column":null}},"32":{"start":{"line":180,"column":2},"end":{"line":183,"column":null}},"33":{"start":{"line":209,"column":2},"end":{"line":212,"column":null}},"34":{"start":{"line":233,"column":2},"end":{"line":236,"column":null}},"35":{"start":{"line":263,"column":2},"end":{"line":266,"column":null}},"36":{"start":{"line":291,"column":2},"end":{"line":294,"column":null}},"37":{"start":{"line":32,"column":21},"end":{"line":295,"column":null}},"38":{"start":{"line":32,"column":21},"end":{"line":32,"column":38}}},"fnMap":{"0":{"name":"(anonymous_4)","decl":{"start":{"line":33,"column":2},"end":{"line":33,"column":null}},"loc":{"start":{"line":35,"column":49},"end":{"line":38,"column":3}}},"1":{"name":"(anonymous_5)","decl":{"start":{"line":64,"column":9},"end":{"line":64,"column":18}},"loc":{"start":{"line":64,"column":31},"end":{"line":67,"column":3}}},"2":{"name":"(anonymous_6)","decl":{"start":{"line":66,"column":12},"end":{"line":66,"column":18}},"loc":{"start":{"line":66,"column":22},"end":{"line":66,"column":59}}},"3":{"name":"(anonymous_7)","decl":{"start":{"line":93,"column":9},"end":{"line":93,"column":23}},"loc":{"start":{"line":93,"column":36},"end":{"line":96,"column":3}}},"4":{"name":"(anonymous_8)","decl":{"start":{"line":95,"column":12},"end":{"line":95,"column":17}},"loc":{"start":{"line":95,"column":21},"end":{"line":95,"column":57}}},"5":{"name":"(anonymous_9)","decl":{"start":{"line":122,"column":9},"end":{"line":122,"column":29}},"loc":{"start":{"line":122,"column":42},"end":{"line":125,"column":3}}},"6":{"name":"(anonymous_10)","decl":{"start":{"line":124,"column":12},"end":{"line":124,"column":23}},"loc":{"start":{"line":124,"column":27},"end":{"line":124,"column":69}}},"7":{"name":"(anonymous_11)","decl":{"start":{"line":151,"column":9},"end":{"line":151,"column":25}},"loc":{"start":{"line":151,"column":38},"end":{"line":154,"column":3}}},"8":{"name":"(anonymous_12)","decl":{"start":{"line":153,"column":12},"end":{"line":153,"column":19}},"loc":{"start":{"line":153,"column":23},"end":{"line":153,"column":61}}},"9":{"name":"(anonymous_13)","decl":{"start":{"line":180,"column":9},"end":{"line":180,"column":31}},"loc":{"start":{"line":180,"column":44},"end":{"line":183,"column":3}}},"10":{"name":"(anonymous_14)","decl":{"start":{"line":182,"column":12},"end":{"line":182,"column":25}},"loc":{"start":{"line":182,"column":29},"end":{"line":182,"column":73}}},"11":{"name":"(anonymous_15)","decl":{"start":{"line":209,"column":9},"end":{"line":209,"column":31}},"loc":{"start":{"line":209,"column":44},"end":{"line":212,"column":3}}},"12":{"name":"(anonymous_16)","decl":{"start":{"line":211,"column":12},"end":{"line":211,"column":19}},"loc":{"start":{"line":211,"column":23},"end":{"line":211,"column":61}}},"13":{"name":"(anonymous_17)","decl":{"start":{"line":233,"column":9},"end":{"line":233,"column":26}},"loc":{"start":{"line":233,"column":39},"end":{"line":236,"column":3}}},"14":{"name":"(anonymous_18)","decl":{"start":{"line":235,"column":12},"end":{"line":235,"column":17}},"loc":{"start":{"line":235,"column":21},"end":{"line":235,"column":57}}},"15":{"name":"(anonymous_19)","decl":{"start":{"line":263,"column":9},"end":{"line":263,"column":26}},"loc":{"start":{"line":263,"column":39},"end":{"line":266,"column":3}}},"16":{"name":"(anonymous_20)","decl":{"start":{"line":265,"column":12},"end":{"line":265,"column":17}},"loc":{"start":{"line":265,"column":21},"end":{"line":265,"column":57}}},"17":{"name":"(anonymous_21)","decl":{"start":{"line":291,"column":9},"end":{"line":291,"column":30}},"loc":{"start":{"line":291,"column":43},"end":{"line":294,"column":3}}},"18":{"name":"(anonymous_22)","decl":{"start":{"line":293,"column":12},"end":{"line":293,"column":18}},"loc":{"start":{"line":293,"column":22},"end":{"line":293,"column":59}}}},"branchMap":{},"s":{"0":12,"1":12,"2":12,"3":12,"4":12,"5":12,"6":12,"7":12,"8":0,"9":0,"10":0,"11":0,"12":0,"13":0,"14":0,"15":0,"16":0,"17":0,"18":0,"19":0,"20":0,"21":0,"22":0,"23":0,"24":0,"25":0,"26":0,"27":0,"28":12,"29":12,"30":12,"31":12,"32":12,"33":12,"34":12,"35":12,"36":12,"37":12,"38":12},"f":{"0":0,"1":0,"2":0,"3":0,"4":0,"5":0,"6":0,"7":0,"8":0,"9":0,"10":0,"11":0,"12":0,"13":0,"14":0,"15":0,"16":0,"17":0,"18":0},"b":{}}
,"/Users/hantao/colive/backoffice_backend/src/application/controllers/memberTags.controller.ts": {"path":"/Users/hantao/colive/backoffice_backend/src/application/controllers/memberTags.controller.ts","statementMap":{"0":{"start":{"line":1,"column":0},"end":{"line":1,"column":34}},"1":{"start":{"line":3,"column":0},"end":{"line":3,"column":48}},"2":{"start":{"line":4,"column":0},"end":{"line":4,"column":null}},"3":{"start":{"line":12,"column":0},"end":{"line":12,"column":null}},"4":{"start":{"line":21,"column":0},"end":{"line":21,"column":68}},"5":{"start":{"line":22,"column":0},"end":{"line":22,"column":50}},"6":{"start":{"line":23,"column":0},"end":{"line":23,"column":53}},"7":{"start":{"line":24,"column":0},"end":{"line":24,"column":null}},"8":{"start":{"line":35,"column":0},"end":{"line":143,"column":null}},"9":{"start":{"line":40,"column":4},"end":{"line":40,"column":null}},"10":{"start":{"line":38,"column":12},"end":{"line":38,"column":31}},"11":{"start":{"line":62,"column":4},"end":{"line":64,"column":null}},"12":{"start":{"line":64,"column":19},"end":{"line":64,"column":53}},"13":{"start":{"line":83,"column":4},"end":{"line":84,"column":null}},"14":{"start":{"line":84,"column":20},"end":{"line":84,"column":55}},"15":{"start":{"line":111,"column":4},"end":{"line":112,"column":null}},"16":{"start":{"line":112,"column":18},"end":{"line":112,"column":47}},"17":{"start":{"line":140,"column":4},"end":{"line":141,"column":null}},"18":{"start":{"line":141,"column":19},"end":{"line":141,"column":53}},"19":{"start":{"line":61,"column":2},"end":{"line":65,"column":null}},"20":{"start":{"line":82,"column":2},"end":{"line":85,"column":null}},"21":{"start":{"line":110,"column":2},"end":{"line":113,"column":null}},"22":{"start":{"line":139,"column":2},"end":{"line":142,"column":null}},"23":{"start":{"line":35,"column":21},"end":{"line":143,"column":null}},"24":{"start":{"line":35,"column":21},"end":{"line":35,"column":42}}},"fnMap":{"0":{"name":"(anonymous_4)","decl":{"start":{"line":36,"column":2},"end":{"line":36,"column":null}},"loc":{"start":{"line":38,"column":48},"end":{"line":41,"column":3}}},"1":{"name":"(anonymous_5)","decl":{"start":{"line":61,"column":9},"end":{"line":61,"column":24}},"loc":{"start":{"line":61,"column":52},"end":{"line":65,"column":3}}},"2":{"name":"(anonymous_6)","decl":{"start":{"line":64,"column":12},"end":{"line":64,"column":15}},"loc":{"start":{"line":64,"column":19},"end":{"line":64,"column":53}}},"3":{"name":"(anonymous_7)","decl":{"start":{"line":82,"column":9},"end":{"line":82,"column":32}},"loc":{"start":{"line":82,"column":60},"end":{"line":85,"column":3}}},"4":{"name":"(anonymous_8)","decl":{"start":{"line":84,"column":12},"end":{"line":84,"column":16}},"loc":{"start":{"line":84,"column":20},"end":{"line":84,"column":55}}},"5":{"name":"(anonymous_9)","decl":{"start":{"line":110,"column":9},"end":{"line":110,"column":20}},"loc":{"start":{"line":110,"column":33},"end":{"line":113,"column":3}}},"6":{"name":"(anonymous_10)","decl":{"start":{"line":112,"column":12},"end":{"line":112,"column":15}},"loc":{"start":{"line":112,"column":18},"end":{"line":112,"column":47}}},"7":{"name":"(anonymous_11)","decl":{"start":{"line":139,"column":9},"end":{"line":139,"column":24}},"loc":{"start":{"line":139,"column":37},"end":{"line":142,"column":3}}},"8":{"name":"(anonymous_12)","decl":{"start":{"line":141,"column":12},"end":{"line":141,"column":15}},"loc":{"start":{"line":141,"column":19},"end":{"line":141,"column":53}}}},"branchMap":{},"s":{"0":12,"1":12,"2":12,"3":12,"4":12,"5":12,"6":12,"7":12,"8":12,"9":0,"10":0,"11":0,"12":0,"13":0,"14":0,"15":0,"16":0,"17":0,"18":0,"19":12,"20":12,"21":12,"22":12,"23":12,"24":12},"f":{"0":0,"1":0,"2":0,"3":0,"4":0,"5":0,"6":0,"7":0,"8":0},"b":{}}
,"/Users/hantao/colive/backoffice_backend/src/application/controllers/members.controller.ts": {"path":"/Users/hantao/colive/backoffice_backend/src/application/controllers/members.controller.ts","statementMap":{"0":{"start":{"line":2,"column":0},"end":{"line":2,"column":48}},"1":{"start":{"line":3,"column":0},"end":{"line":3,"column":34}},"2":{"start":{"line":4,"column":0},"end":{"line":4,"column":null}},"3":{"start":{"line":9,"column":0},"end":{"line":9,"column":null}},"4":{"start":{"line":18,"column":0},"end":{"line":18,"column":null}},"5":{"start":{"line":22,"column":0},"end":{"line":22,"column":53}},"6":{"start":{"line":23,"column":0},"end":{"line":23,"column":62}},"7":{"start":{"line":31,"column":0},"end":{"line":394,"column":null}},"8":{"start":{"line":36,"column":4},"end":{"line":36,"column":null}},"9":{"start":{"line":34,"column":21},"end":{"line":34,"column":37}},"10":{"start":{"line":100,"column":4},"end":{"line":101,"column":null}},"11":{"start":{"line":101,"column":34},"end":{"line":101,"column":79}},"12":{"start":{"line":165,"column":4},"end":{"line":166,"column":null}},"13":{"start":{"line":166,"column":34},"end":{"line":166,"column":79}},"14":{"start":{"line":241,"column":4},"end":{"line":242,"column":null}},"15":{"start":{"line":242,"column":34},"end":{"line":242,"column":79}},"16":{"start":{"line":390,"column":38},"end":{"line":390,"column":48}},"17":{"start":{"line":391,"column":4},"end":{"line":392,"column":null}},"18":{"start":{"line":392,"column":34},"end":{"line":392,"column":79}},"19":{"start":{"line":99,"column":2},"end":{"line":102,"column":null}},"20":{"start":{"line":164,"column":2},"end":{"line":167,"column":null}},"21":{"start":{"line":240,"column":2},"end":{"line":243,"column":null}},"22":{"start":{"line":389,"column":2},"end":{"line":393,"column":null}},"23":{"start":{"line":31,"column":21},"end":{"line":394,"column":null}},"24":{"start":{"line":31,"column":21},"end":{"line":31,"column":39}}},"fnMap":{"0":{"name":"(anonymous_4)","decl":{"start":{"line":32,"column":2},"end":{"line":32,"column":null}},"loc":{"start":{"line":34,"column":51},"end":{"line":37,"column":3}}},"1":{"name":"(anonymous_5)","decl":{"start":{"line":99,"column":9},"end":{"line":99,"column":29}},"loc":{"start":{"line":99,"column":42},"end":{"line":102,"column":3}}},"2":{"name":"(anonymous_6)","decl":{"start":{"line":101,"column":12},"end":{"line":101,"column":13}},"loc":{"start":{"line":101,"column":34},"end":{"line":101,"column":79}}},"3":{"name":"(anonymous_7)","decl":{"start":{"line":164,"column":9},"end":{"line":164,"column":31}},"loc":{"start":{"line":164,"column":44},"end":{"line":167,"column":3}}},"4":{"name":"(anonymous_8)","decl":{"start":{"line":166,"column":12},"end":{"line":166,"column":13}},"loc":{"start":{"line":166,"column":34},"end":{"line":166,"column":79}}},"5":{"name":"(anonymous_9)","decl":{"start":{"line":240,"column":9},"end":{"line":240,"column":27}},"loc":{"start":{"line":240,"column":40},"end":{"line":243,"column":3}}},"6":{"name":"(anonymous_10)","decl":{"start":{"line":242,"column":12},"end":{"line":242,"column":13}},"loc":{"start":{"line":242,"column":34},"end"
[...]
nd":{"line":40,"column":null}},"27":{"start":{"line":39,"column":6},"end":{"line":39,"column":null}},"28":{"start":{"line":41,"column":4},"end":{"line":43,"column":null}},"29":{"start":{"line":42,"column":6},"end":{"line":42,"column":null}},"30":{"start":{"line":45,"column":2},"end":{"line":45,"column":null}},"31":{"start":{"line":48,"column":13},"end":{"line":51,"column":null}},"32":{"start":{"line":49,"column":18},"end":{"line":49,"column":57}},"33":{"start":{"line":50,"column":2},"end":{"line":50,"column":null}},"34":{"start":{"line":53,"column":13},"end":{"line":60,"column":null}},"35":{"start":{"line":54,"column":2},"end":{"line":57,"column":null}},"36":{"start":{"line":56,"column":4},"end":{"line":56,"column":null}},"37":{"start":{"line":59,"column":2},"end":{"line":59,"column":null}},"38":{"start":{"line":62,"column":13},"end":{"line":69,"column":null}},"39":{"start":{"line":63,"column":2},"end":{"line":66,"column":null}},"40":{"start":{"line":65,"column":4},"end":{"line":65,"column":null}},"41":{"start":{"line":68,"column":2},"end":{"line":68,"column":null}},"42":{"start":{"line":71,"column":13},"end":{"line":89,"column":null}},"43":{"start":{"line":72,"column":15},"end":{"line":72,"column":17}},"44":{"start":{"line":74,"column":2},"end":{"line":76,"column":null}},"45":{"start":{"line":75,"column":4},"end":{"line":75,"column":null}},"46":{"start":{"line":78,"column":2},"end":{"line":86,"column":null}},"47":{"start":{"line":78,"column":15},"end":{"line":78,"column":16}},"48":{"start":{"line":79,"column":4},"end":{"line":79,"column":null}},"49":{"start":{"line":80,"column":4},"end":{"line":80,"column":null}},"50":{"start":{"line":81,"column":4},"end":{"line":81,"column":null}},"51":{"start":{"line":82,"column":4},"end":{"line":82,"column":null}},"52":{"start":{"line":83,"column":4},"end":{"line":83,"column":null}},"53":{"start":{"line":84,"column":4},"end":{"line":84,"column":null}},"54":{"start":{"line":85,"column":4},"end":{"line":85,"column":null}},"55":{"start":{"line":88,"column":2},"end":{"line":88,"column":null}},"56":{"start":{"line":91,"column":13},"end":{"line":91,"column":null}},"57":{"start":{"line":91,"column":44},"end":{"line":91,"column":77}},"58":{"start":{"line":93,"column":13},"end":{"line":93,"column":null}},"59":{"start":{"line":93,"column":56},"end":{"line":93,"column":131}}},"fnMap":{"0":{"name":"(anonymous_0)","decl":{"start":{"line":6,"column":39},"end":{"line":6,"column":50}},"loc":{"start":{"line":6,"column":53},"end":{"line":46,"column":1}}},"1":{"name":"(anonymous_1)","decl":{"start":{"line":48,"column":36},"end":{"line":48,"column":37}},"loc":{"start":{"line":48,"column":52},"end":{"line":51,"column":1}}},"2":{"name":"(anonymous_2)","decl":{"start":{"line":53,"column":48},"end":{"line":53,"column":49}},"loc":{"start":{"line":53,"column":77},"end":{"line":60,"column":1}}},"3":{"name":"(anonymous_3)","decl":{"start":{"line":62,"column":46},"end":{"line":62,"column":47}},"loc":{"start":{"line":62,"column":73},"end":{"line":69,"column":1}}},"4":{"name":"(anonymous_4)","decl":{"start":{"line":71,"column":32},"end":{"line":71,"column":39}},"loc":{"start":{"line":71,"column":42},"end":{"line":89,"column":1}}},"5":{"name":"(anonymous_5)","decl":{"start":{"line":91,"column":27},"end":{"line":91,"column":28}},"loc":{"start":{"line":91,"column":44},"end":{"line":91,"column":77}}},"6":{"name":"(anonymous_6)","decl":{"start":{"line":93,"column":39},"end":{"line":93,"column":40}},"loc":{"start":{"line":93,"column":56},"end":{"line":93,"column":131}}}},"branchMap":{"0":{"loc":{"start":{"line":7,"column":2},"end":{"line":44,"column":null}},"type":"if","locations":[{"start":{"line":7,"column":2},"end":{"line":44,"column":null}},{"start":{"line":7,"column":2},"end":{"line":44,"column":null}}]},"1":{"loc":{"start":{"line":15,"column":6},"end":{"line":33,"column":null}},"type":"if","locations":[{"start":{"line":15,"column":6},"end":{"line":33,"column":null}},{"start":{"line":15,"column":6},"end":{"line":33,"column":null}}]},"2":{"loc":{"start":{"line":15,"column":10},"end":{"line":15,"column":43}},"type":"binary-expr","locations":[{"start":{"line":15,"column":10},"end":{"line":15,"column":43}},{"start":{"line":15,"column":47},"end":{"line":15,"column":58}}]},"3":{"loc":{"start":{"line":16,"column":8},"end":{"line":20,"column":null}},"type":"if","locations":[{"start":{"line":16,"column":8},"end":{"line":20,"column":null}},{"start":{"line":16,"column":8},"end":{"line":20,"column":null}}]},"4":{"loc":{"start":{"line":21,"column":13},"end":{"line":33,"column":null}},"type":"if","locations":[{"start":{"line":21,"column":13},"end":{"line":33,"column":null}},{"start":{"line":21,"column":13},"end":{"line":33,"column":null}}]},"5":{"loc":{"start":{"line":21,"column":17},"end":{"line":21,"column":50}},"type":"binary-expr","locations":[{"start":{"line":21,"column":17},"end":{"line":21,"column":50}},{"start":{"line":21,"column":54},"end":{"line":21,"column":65}}]},"6":{"loc":{"start":{"line":22,"column":8},"end":{"line":26,"column":null}},"type":"if","locations":[{"start":{"line":22,"column":8},"end":{"line":26,"column":null}},{"start":{"line":22,"column":8},"end":{"line":26,"column":null}}]},"7":{"loc":{"start":{"line":27,"column":13},"end":{"line":33,"column":null}},"type":"if","locations":[{"start":{"line":27,"column":13},"end":{"line":33,"column":null}},{"start":{"line":27,"column":13},"end":{"line":33,"column":null}}]},"8":{"loc":{"start":{"line":27,"column":17},"end":{"line":27,"column":50}},"type":"binary-expr","locations":[{"start":{"line":27,"column":17},"end":{"line":27,"column":50}},{"start":{"line":27,"column":54},"end":{"line":27,"column":65}}]},"9":{"loc":{"start":{"line":28,"column":8},"end":{"line":32,"column":null}},"type":"if","locations":[{"start":{"line":28,"column":8},"end":{"line":32,"column":null}},{"start":{"line":28,"column":8},"end":{"line":32,"column":null}}]},"10":{"loc":{"start":{"line":35,"column":4},"end":{"line":37,"column":null}},"type":"if","locations":[{"start":{"line":35,"column":4},"end":{"line":37,"column":null}},{"start":{"line":35,"column":4},"end":{"line":37,"column":null}}]},"11":{"loc":{"start":{"line":35,"column":8},"end":{"line":35,"column":15}},"type":"binary-expr","locations":[{"start":{"line":35,"column":8},"end":{"line":35,"column":15}},{"start":{"line":35,"column":19},"end":{"line":35,"column":30}}]},"12":{"loc":{"start":{"line":38,"column":4},"end":{"line":40,"column":null}},"type":"if","locations":[{"start":{"line":38,"column":4},"end":{"line":40,"column":null}},{"start":{"line":38,"column":4},"end":{"line":40,"column":null}}]},"13":{"loc":{"start":{"line":38,"column":8},"end":{"line":38,"column":15}},"type":"binary-expr","locations":[{"start":{"line":38,"column":8},"end":{"line":38,"column":15}},{"start":{"line":38,"column":19},"end":{"line":38,"column":30}}]},"14":{"loc":{"start":{"line":41,"column":4},"end":{"line":43,"column":null}},"type":"if","locations":[{"start":{"line":41,"column":4},"end":{"line":43,"column":null}},{"start":{"line":41,"column":4},"end":{"line":43,"column":null}}]},"15":{"loc":{"start":{"line":41,"column":8},"end":{"line":41,"column":15}},"type":"binary-expr","locations":[{"start":{"line":41,"column":8},"end":{"line":41,"column":15}},{"start":{"line":41,"column":19},"end":{"line":41,"column":30}}]},"16":{"loc":{"start":{"line":54,"column":2},"end":{"line":57,"column":null}},"type":"if","locations":[{"start":{"line":54,"column":2},"end":{"line":57,"column":null}},{"start":{"line":54,"column":2},"end":{"line":57,"column":null}}]},"17":{"loc":{"start":{"line":63,"column":2},"end":{"line":66,"column":null}},"type":"if","locations":[{"start":{"line":63,"column":2},"end":{"line":66,"column":null}},{"start":{"line":63,"column":2},"end":{"line":66,"column":null}}]},"18":{"loc":{"start":{"line":74,"column":2},"end":{"line":76,"column":null}},"type":"if","locations":[{"start":{"line":74,"column":2},"end":{"line":76,"column":null}},{"start":{"line":74,"column":2},"end":{"line":76,"column":null}}]},"19":{"loc":{"start":{"line":74,"column":6},"end":{"line":74,"column":27}},"type":"binary-expr","locations":[{"start":{"line":74,"column":6},"end":{"line":74,"column":27}},{"start":{"line":74,"column":31},"end":{"line":74,"column":51}}]}},"s":{"0":12,"1":12,"2":12,"3":12,"4":0,"5":0,"6":0,"7":0,"8":0,"9":0,"10":0,"11":0,"12":0,"13":0,"14":0,"15":0,"16":0,"17":0,"18":0,"19":0,"20":0,"21":0,"22":0,"23":0,"24":0,"25":0,"26":0,"27":0,"28":0,"29":0,"30":0,"31":12,"32":0,"33":0,"34":12,"35":0,"36":0,"37":0,"38":12,"39":0,"40":0,"41":0,"42":12,"43":0,"44":0,"45":0,"46":0,"47":0,"48":0,"49":0,"50":0,"51":0,"52":0,"53":0,"54":0,"55":0,"56":12,"57":6,"58":12,"59":0},"f":{"0":0,"1":0,"2":0,"3":0,"4":0,"5":6,"6":0},"b":{"0":[0,0],"1":[0,0],"2":[0,0],"3":[0,0],"4":[0,0],"5":[0,0],"6":[0,0],"7":[0,0],"8":[0,0],"9":[0,0],"10":[0,0],"11":[0,0],"12":[0,0],"13":[0,0],"14":[0,0],"15":[0,0],"16":[0,0],"17":[0,0],"18":[0,0],"19":[0,0]}}
,"/Users/hantao/colive/backoffice_backend/src/infrastructure/utils/loggers/contractEvent.ts": {"path":"/Users/hantao/colive/backoffice_backend/src/infrastructure/utils/loggers/contractEvent.ts","statementMap":{"0":{"start":{"line":1,"column":0},"end":{"line":1,"column":25}},"1":{"start":{"line":2,"column":0},"end":{"line":2,"column":46}},"2":{"start":{"line":3,"column":0},"end":{"line":3,"column":34}},"3":{"start":{"line":4,"column":0},"end":{"line":4,"column":46}},"4":{"start":{"line":7,"column":0},"end":{"line":7,"column":69}},"5":{"start":{"line":10,"column":0},"end":{"line":21,"column":null}},"6":{"start":{"line":13,"column":4},"end":{"line":13,"column":null}},"7":{"start":{"line":12,"column":41},"end":{"line":12,"column":77}},"8":{"start":{"line":17,"column":51},"end":{"line":17,"column":58}},"9":{"start":{"line":18,"column":4},"end":{"line":18,"column":null}},"10":{"start":{"line":19,"column":4},"end":{"line":19,"column":null}},"11":{"start":{"line":10,"column":6},"end":{"line":21,"column":null}},"12":{"start":{"line":23,"column":53},"end":{"line":23,"column":67}},"13":{"start":{"line":24,"column":25},"end":{"line":24,"column":130}},"14":{"start":{"line":24,"column":67},"end":{"line":24,"column":129}},"15":{"start":{"line":26,"column":45},"end":{"line":26,"column":75}},"16":{"start":{"line":27,"column":33},"end":{"line":27,"column":78}},"17":{"start":{"line":28,"column":38},"end":{"line":30,"column":2}},"18":{"start":{"line":32,"column":0},"end":{"line":34,"column":null}},"19":{"start":{"line":36,"column":28},"end":{"line":36,"column":65}},"20":{"start":{"line":42,"column":9},"end":{"line":42,"column":28}},"21":{"start":{"line":38,"column":0},"end":{"line":40,"column":null}},"22":{"start":{"line":39,"column":2},"end":{"line":39,"column":null}}},"fnMap":{"0":{"name":"(anonymous_4)","decl":{"start":{"line":11,"column":2},"end":{"line":11,"column":null}},"loc":{"start":{"line":12,"column":77},"end":{"line":14,"column":3}}},"1":{"name":"(anonymous_5)","decl":{"start":{"line":16,"column":9},"end":{"line":16,"column":12}},"loc":{"start":{"line":16,"column":34},"end":{"line":20,"column":3}}},"2":{"name":"(anonymous_6)","decl":{"start":{"line":24,"column":32},"end":{"line":24,"column":33}},"loc":{"start":{"line":24,"column":67},"end":{"line":24,"column":129}}}},"branchMap":{"0":{"loc":{"start":{"line":38,"column":0},"end":{"line":40,"column":null}},"type":"if","locations":[{"start":{"line":38,"column":0},"end":{"line":40,"column":null}},{"start":{"line":38,"column":0},"end":{"line":40,"column":null}}]}},"s":{"0":12,"1":12,"2":12,"3":12,"4":12,"5":12,"6":12,"7":12,"8":0,"9":0,"10":0,"11":12,"12":12,"13":12,"14":0,"15":12,"16":12,"17":12,"18":12,"19":12,"20":12,"21":12,"22":12},"f":{"0":12,"1":0,"2":0},"b":{"0":[12,0]}}
,"/Users/hantao/colive/backoffice_backend/src/infrastructure/utils/loggers/errorEvent.ts": {"path":"/Users/hantao/colive/backoffice_backend/src/infrastructure/utils/loggers/errorEvent.ts","statementMap":{"0":{"start":{"line":1,"column":0},"end":{"line":1,"column":25}},"1":{"start":{"line":2,"column":0},"end":{"line":2,"column":34}},"2":{"start":{"line":3,"column":64},"end":{"line":3,"column":78}},"3":{"start":{"line":4,"column":25},"end":{"line":5,"column":56}},"4":{"start":{"line":5,"column":2},"end":{"line":5,"column":55}},"5":{"start":{"line":7,"column":0},"end":{"line":11,"column":null}},"6":{"start":{"line":13,"column":25},"end":{"line":13,"column":59}},"7":{"start":{"line":21,"column":9},"end":{"line":21,"column":25}},"8":{"start":{"line":15,"column":0},"end":{"line":19,"column":null}},"9":{"start":{"line":17,"column":4},"end":{"line":17,"column":null}}},"fnMap":{"0":{"name":"(anonymous_0)","decl":{"start":{"line":4,"column":32},"end":{"line":4,"column":33}},"loc":{"start":{"line":5,"column":2},"end":{"line":5,"column":55}}},"1":{"name":"(anonymous_1)","decl":{"start":{"line":16,"column":9},"end":{"line":16,"column":10}},"loc":{"start":{"line":16,"column":26},"end":{"line":18,"column":3}}}},"branchMap":{},"s":{"0":12,"1":12,"2":12,"3":12,"4":0,"5":12,"6":12,"7":12,"8":12,"9":0},"f":{"0":0,"1":0},"b":{}}
,"/Users/hantao/colive/backoffice_backend/src/infrastructure/utils/loggers/generalEvent.ts": {"path":"/Users/hantao/colive/backoffice_backend/src/infrastructure/utils/loggers/generalEvent.ts","statementMap":{"0":{"start":{"line":1,"column":0},"end":{"line":1,"column":25}},"1":{"start":{"line":2,"column":0},"end":{"line":2,"column":34}},"2":{"start":{"line":3,"column":64},"end":{"line":3,"column":78}},"3":{"start":{"line":4,"column":25},"end":{"line":4,"column":121}},"4":{"start":{"line":4,"column":67},"end":{"line":4,"column":120}},"5":{"start":{"line":6,"column":0},"end":{"line":9,"column":null}},"6":{"start":{"line":11,"column":15},"end":{"line":11,"column":51}},"7":{"start":{"line":23,"column":9},"end":{"line":23,"column":15}},"8":{"start":{"line":13,"column":0},"end":{"line":17,"column":null}},"9":{"start":{"line":15,"column":4},"end":{"line":15,"column":null}},"10":{"start":{"line":19,"column":0},"end":{"line":21,"column":null}},"11":{"start":{"line":20,"column":2},"end":{"line":20,"column":null}}},"fnMap":{"0":{"name":"(anonymous_0)","decl":{"start":{"line":4,"column":32},"end":{"line":4,"column":33}},"loc":{"start":{"line":4,"column":67},"end":{"line":4,"column":120}}},"1":{"name":"(anonymous_1)","decl":{"start":{"line":14,"column":9},"end":{"line":14,"column":10}},"loc":{"start":{"line":14,"column":26},"end":{"line":16,"column":3}}}},"branchMap":{"0":{"loc":{"start":{"line":19,"column":0},"end":{"line":21,"column":null}},"type":"if","locations":[{"start":{"line":19,"column":0},"end":{"line":21,"column":null}},{"start":{"line":19,"column":0},"end":{"line":21,"column":null}}]}},"s":{"0":12,"1":12,"2":12,"3":12,"4":24,"5":12,"6":12,"7":12,"8":12,"9":0,"10":12,"11":12},"f":{"0":24,"1":0},"b":{"0":[12,0]}}
,"/Users/hantao/colive/backoffice_backend/src/infrastructure/utils/loggers/index.ts": {"path":"/Users/hantao/colive/backoffice_backend/src/infrastructure/utils/loggers/index.ts","statementMap":{"0":{"start":{"line":1,"column":0},"end":{"line":1,"column":31}},"1":{"start":{"line":2,"column":0},"end":{"line":2,"column":28}},"2":{"start":{"line":3,"column":0},"end":{"line":3,"column":30}},"3":{"start":{"line":4,"column":0},"end":{"line":4,"column":28}}},"fnMap":{},"branchMap":{},"s":{"0":12,"1":12,"2":12,"3":12},"f":{},"b":{}}
,"/Users/hantao/colive/backoffice_backend/src/infrastructure/utils/loggers/offerEvent.ts": {"path":"/Users/hantao/colive/backoffice_backend/src/infrastructure/utils/loggers/offerEvent.ts","statementMap":{"0":{"start":{"line":1,"column":0},"end":{"line":1,"column":25}},"1":{"start":{"line":2,"column":0},"end":{"line":2,"column":46}},"2":{"start":{"line":3,"column":0},"end":{"line":3,"column":34}},"3":{"start":{"line":4,"column":0},"end":{"line":4,"column":46}},"4":{"start":{"line":5,"column":0},"end":{"line":5,"column":51}},"5":{"start":{"line":8,"column":0},"end":{"line":8,"column":66}},"6":{"start":{"line":11,"column":0},"end":{"line":25,"column":null}},"7":{"start":{"line":14,"column":4},"end":{"line":14,"column":null}},"8":{"start":{"line":13,"column":38},"end":{"line":13,"column":68}},"9":{"start":{"line":18,"column":43},"end":{"line":18,"column":50}},"10":{"start":{"line":19,"column":19},"end":{"line":19,"column":44}},"11":{"start":{"line":20,"column":4},"end":{"line":22,"column":null}},"12":{"start":{"line":21,"column":6},"end":{"line":21,"column":null}},"13":{"start":{"line":23,"column":4},"end":{"line":23,"column":null}},"14":{"start":{"line":11,"column":6},"end":{"line":25,"column":null}},"15":{"start":{"line":27,"column":53},"end":{"line":27,"column":67}},"16":{"start":{"line":28,"column":39},"end":{"line":28,"column":66}},"17":{"start":{"line":29,"column":25},"end":{"line":29,"column":130}},"18":{"start":{"line":29,"column":67},"end":{"line":29,"column":129}},"19":{"start":{"line":31,"column":30},"end":{"line":31,"column":69}},"20":{"start":{"line":32,"column":35},"end":{"line":34,"column":2}},"21":{"start":{"line":36,"column":0},"end":{"line":38,"column":null}},"22":{"start":{"line":40,"column":25},"end":{"line":40,"column":59}},"23":{"start":{"line":46,"column":9},"end":{"line":46,"column":25}},"24":{"start":{"line":42,"column":0},"end":{"line":44,"column":null}},"25":{"start":{"line":43,"column":2},"end":{"line":43,"column":null}}},"fnMap":{"0":{"name":"(anonymous_4)","decl":{"start":{"line":12,"column":2},"end":{"line":12,"column":null}},"loc":{"start":{"line":13,"column":68},"end":{"line":15,"column":3}}},"1":{"name":"(anonymous_5)","decl":{"start":{"line":17,"column":9},"end":{"line":17,"column":12}},"loc":{"start":{"line":17,"column":34},"end":{"line":24,"column":3}}},"2":{"name":"(anonymous_6)","decl":{"start":{"line":29,"column":32},"end":{"line":29,"column":33}},"loc":{"start":{"line":29,"column":67},"end":{"line":29,"column":129}}}},"branchMap":{"0":{"loc":{"start":{"line":20,"column":4},"end":{"line":22,"column":null}},"type":"if","locations":[{"start":{"line":20,"column":4},"end":{"line":22,"column":null}},{"start":{"line":20,"column":4},"end":{"line":22,"column":null}}]},"1":{"loc":{"start":{"line":20,"column":8},"end":{"line":20,"column":14}},"type":"binary-expr","locations":[{"start":{"line":20,"column":8},"end":{"line":20,"column":14}},{"start":{"line":20,"column":18},"end":{"line":20,"column":22}}]},"2":{"loc":{"start":{"line":42,"column":0},"end":{"line":44,"column":null}},"type":"if","locations":[{"start":{"line":42,"column":0},"end":{"line":44,"column":null}},{"start":{"line":42,"column":0},"end":{"line":44,"column":null}}]}},"s":{"0":12,"1":12,"2":12,"3":12,"4":12,"5":12,"6":12,"7":12,"8":12,"9":13,"10":13,"11":13,"12":0,"13":13,"14":12,"15":12,"16":12,"17":12,"18":13,"19":12,"20":12,"21":12,"22":12,"23":12,"24":12,"25":12},"f":{"0":12,"1":13,"2":13},"b":{"0":[0,13],"1":[13,0],"2":[12,0]}}
,"/Users/hantao/colive/backoffice_backend/test/index.ts": {"path":"/Users/hantao/colive/backoffice_backend/test/index.ts","statementMap":{"0":{"start":{"line":1,"column":0},"end":{"line":1,"column":32}},"1":{"start":{"line":2,"column":0},"end":{"line":2,"column":null}},"2":{"start":{"line":4,"column":0},"end":{"line":4,"column":46}},"3":{"start":{"line":6,"column":0},"end":{"line":6,"column":60}},"4":{"start":{"line":8,"column":37},"end":{"line":8,"column":78}},"5":{"start":{"line":14,"column":9},"end":{"line":14,"column":11}},"6":{"start":{"line":10,"column":0},"end":{"line":12,"column":null}},"7":{"start":{"line":11,"column":14},"end":{"line":11,"column":45}},"8":{"start":{"line":12,"column":19},"end":{"line":12,"column":73}}},"fnMap":{"0":{"name":"(anonymous_0)","decl":{"start":{"line":11,"column":8},"end":{"line":11,"column":11}},"loc":{"start":{"line":11,"column":14},"end":{"line":11,"column":45}}},"1":{"name":"(anonymous_1)","decl":{"start":{"line":12,"column":9},"end":{"line":12,"column":15}},"loc":{"start":{"line":12,"column":19},"end":{"line":12,"column":73}}}},"branchMap":{},"s":{"0":12,"1":12,"2":12,"3":12,"4":12,"5":12,"6":12,"7":12,"8":0},"f":{"0":12,"1":0},"b":{}}
}
