TN:
SF:/Users/hantao/colive/backoffice_backend/ormconfig.js
FNF:0
FNH:0
DA:1,12
LF:1
LH:1
BRF:0
BRH:0
end_of_record
TN:
SF:/Users/hantao/colive/backoffice_backend/config/app-config.ts
FNF:0
FNH:0
DA:1,12
LF:1
LH:1
BRDA:2,0,0,12
BRDA:2,0,1,12
BRDA:5,1,0,12
BRDA:5,1,1,0
BRF:4
BRH:3
end_of_record
TN:
SF:/Users/hantao/colive/backoffice_backend/config/queue-config.ts
FNF:0
FNH:0
DA:1,12
LF:1
LH:1
BRF:0
BRH:0
end_of_record
TN:
SF:/Users/hantao/colive/backoffice_backend/src/application/auth/authorization.ts
FN:7,(anonymous_4)
FN:14,(anonymous_5)
FN:16,(anonymous_6)
FN:17,(anonymous_7)
FN:19,(anonymous_8)
FNF:5
FNH:5
FNDA:1,(anonymous_4)
FNDA:2,(anonymous_5)
FNDA:2,(anonymous_6)
FNDA:2,(anonymous_7)
FNDA:2,(anonymous_8)
DA:1,12
DA:3,12
DA:6,12
DA:9,1
DA:11,1
DA:14,1
DA:15,2
DA:16,2
DA:17,2
DA:19,2
LF:10
LH:10
BRDA:16,0,0,0
BRDA:16,0,1,2
BRDA:19,1,0,0
BRDA:19,1,1,2
BRF:4
BRH:2
end_of_record
TN:
SF:/Users/hantao/colive/backoffice_backend/src/application/auth/jwt/authentication.ts
FN:6,(anonymous_0)
FN:10,(anonymous_1)
FN:14,(anonymous_2)
FNF:3
FNH:3
FNDA:15,(anonymous_0)
FNDA:13,(anonymous_1)
FNDA:9,(anonymous_2)
DA:1,15
DA:3,15
DA:7,15
DA:11,13
DA:15,9
DA:16,9
DA:18,5
LF:7
LH:7
BRDA:10,0,0,6
BRDA:10,1,0,13
BRF:2
BRH:2
end_of_record
TN:
SF:/Users/hantao/colive/backoffice_backend/src/application/auth/jwt/service.ts
FN:5,(anonymous_0)
FN:8,(anonymous_1)
FN:11,(anonymous_2)
FN:14,(anonymous_3)
FN:16,(anonymous_4)
FN:21,(anonymous_5)
FN:23,(anonymous_6)
FNF:7
FNH:3
FNDA:3,(anonymous_0)
FNDA:7,(anonymous_1)
FNDA:0,(anonymous_2)
FNDA:0,(anonymous_3)
FNDA:0,(anonymous_4)
FNDA:0,(anonymous_5)
FNDA:6,(anonymous_6)
DA:1,14
DA:3,14
DA:5,14
DA:6,3
DA:8,14
DA:9,7
DA:11,14
DA:12,0
DA:14,14
DA:16,14
DA:17,0
DA:18,0
DA:21,14
DA:23,14
LF:14
LH:11
BRDA:8,0,0,2
BRF:1
BRH:1
end_of_record
TN:
SF:/Users/hantao/colive/backoffice_backend/src/application/controllers/address.controller.ts
FN:35,(anonymous_4)
FN:60,(anonymous_5)
FN:63,(anonymous_6)
FN:90,(anonymous_7)
FN:92,(anonymous_8)
FN:119,(anonymous_9)
FN:121,(anonymous_10)
FNF:7
FNH:0
FNDA:0,(anonymous_4)
FNDA:0,(anonymous_5)
FNDA:0,(anonymous_6)
FNDA:0,(anonymous_7)
FNDA:0,(anonymous_8)
FNDA:0,(anonymous_9)
FNDA:0,(anonymous_10)
DA:1,12
DA:3,12
DA:4,12
DA:11,12
DA:19,12
DA:20,12
DA:21,12
DA:23,12
DA:34,12
DA:37,0
DA:39,0
DA:60,12
DA:61,0
DA:63,0
DA:90,12
DA:91,0
DA:92,0
DA:119,12
DA:120,0
DA:121,0
LF:20
LH:12
BRF:0
BRH:0
end_of_record
TN:
SF:/Users/hantao/colive/backoffice_backend/src/application/controllers/admin.controller.ts
FN:37,(anonymous_4)
FN:61,(anonymous_5)
FN:67,(anonymous_6)
FN:70,(anonymous_7)
FN:71,(anonymous_8)
FN:87,(anonymous_9)
FN:89,(anonymous_10)
FN:105,(anonymous_11)
FN:107,(anonymous_12)
FN:108,(anonymous_13)
FN:130,(anonymous_14)
FN:133,(anonymous_15)
FN:155,(anonymous_16)
FN:158,(anonymous_17)
FN:179,(anonymous_18)
FN:182,(anonymous_19)
FN:203,(anonymous_20)
FN:205,(anonymous_21)
FN:232,(anonymous_22)
FN:234,(anonymous_23)
FN:261,(anonymous_24)
FN:263,(anonymous_25)
FN:290,(anonymous_26)
FN:292,(anonymous_27)
FNF:24
FNH:0
FNDA:0,(anonymous_4)
FNDA:0,(anonymous_5)
FNDA:0,(anonymous_6)
FNDA:0,(anonymous_7)
FNDA:0,(anonymous_8)
FNDA:0,(anonymous_9)
FNDA:0,(anonymous_10)
FNDA:0,(anonymous_11)
FNDA:0,(anonymous_12)
FNDA:0,(anonymous_13)
FNDA:0,(anonymous_14)
FNDA:0,(anonymous_15)
FNDA:0,(anonymous_16)
FNDA:0,(anonymous_17)
FNDA:0,(anonymous_18)
FNDA:0,(anonymous_19)
FNDA:0,(anonymous_20)
FNDA:0,(anonymous_21)
FNDA:0,(anonymous_22)
FNDA:0,(anonymous_23)
FNDA:0,(anonymous_24)
FNDA:0,(anonymous_25)
FNDA:0,(anonymous_26)
FNDA:0,(anonymous_27)
DA:1,12
DA:3,12
DA:4,12
DA:12,12
DA:21,12
DA:22,12
DA:26,12
DA:27,12
DA:28,12
DA:36,12
DA:39,0
DA:41,0
DA:61,12
DA:62,0
DA:68,0
DA:70,0
DA:71,0
DA:87,12
DA:88,0
DA:89,0
DA:105,12
DA:106,0
DA:107,0
DA:108,0
DA:130,12
DA:131,0
DA:132,0
DA:133,0
DA:155,12
DA:156,0
DA:158,0
DA:179,12
DA:180,0
DA:182,0
DA:203,12
DA:204,0
DA:205,0
DA:232,12
DA:233,0
DA:234,0
DA:261,12
DA:262,0
DA:263,0
DA:290,12
DA:291,0
DA:292,0
LF:46
LH:20
BRF:0
BRH:0
end_of_record
TN:
SF:/Users/hantao/colive/backoffice_backend/src/application/controllers/admins.controller.ts
FN:29,(anonymous_4)
FN:50,(anonymous_5)
FN:52,(anonymous_6)
FN:80,(anonymous_7)
FN:82,(anonymous_8)
FNF:5
FNH:0
FNDA:0,(anonymous_4)
FNDA:0,(anonymous_5)
FNDA:0,(anonymous_6)
FNDA:0,(anonymous_7)
FNDA:0,(anonymous_8)
DA:1,12
DA:3,12
DA:4,12
DA:9,12
DA:15,12
DA:19,12
DA:20,12
DA:28,12
DA:31,0
DA:33,0
DA:50,12
DA:51,0
DA:52,0
DA:80,12
DA:81,0
DA:82,0
LF:16
LH:10
BRF:0
BRH:0
end_of_record
TN:
SF:/Users/hantao/colive/backoffice_backend/src/application/controllers/apartment.controller.ts
FN:34,(anonymous_4)
FN:59,(anonymous_5)
FN:62,(anonymous_6)
FN:89,(anonymous_7)
FN:91,(anonymous_8)
FN:118,(anonymous_9)
FN:120,(anonymous_10)
FNF:7
FNH:0
FNDA:0,(anonymous_4)
FNDA:0,(anonymous_5)
FNDA:0,(anonymous_6)
FNDA:0,(anonymous_7)
FNDA:0,(anonymous_8)
FNDA:0,(anonymous_9)
FNDA:0,(anonymous_10)
DA:1,12
DA:3,12
DA:4,12
DA:11,12
DA:19,12
DA:20,12
DA:21,12
DA:22,12
DA:33,12
DA:36,0
DA:38,0
DA:59,12
DA:60,0
DA:62,0
DA:89,12
DA:90,0
DA:91,0
DA:118,12
DA:119,0
DA:120,0
LF:20
LH:12
BRF:0
BRH:0
end_of_record
TN:
SF:/Users/hantao/colive/backoffice_backend/src/application/controllers/application.controller.ts
FN:33,(anonymous_4)
FN:59,(anonymous_5)
FN:61,(anonymous_6)
FN:77,(anonymous_7)
FN:79,(anonymous_8)
FN:105,(anonymous_9)
FN:107,(anonymous_10)
FN:130,(anonymous_11)
FN:132,(anonymous_12)
FNF:9
FNH:0
FNDA:0,(anonymous_4)
FNDA:0,(anonymous_5)
FNDA:0,(anonymous_6)
FNDA:0,(anonymous_7)
FNDA:0,(anonymous_8)
FNDA:0,(anonymous_9)
FNDA:0,(anonymous_10)
FNDA:0,(anonymous_11)
FNDA:0,(anonymous_12)
DA:2,12
DA:3,12
DA:4,12
DA:11,12
DA:19,12
DA:23,12
DA:24,12
DA:32,12
DA:35,0
DA:37,0
DA:59,12
DA:60,0
DA:61,0
DA:77,12
DA:78,0
DA:79,0
DA:105,12
DA:106,0
DA:107,0
DA:130,12
DA:131,0
DA:132,0
LF:22
LH:12
BRF:0
BRH:0
end_of_record
TN:
SF:/Users/hantao/colive/backoffice_backend/src/application/controllers/client.controller.ts
FN:37,(anonymous_4)
FN:62,(anonymous_5)
FN:64,(anonymous_6)
FN:90,(anonymous_7)
FN:92,(anonymous_8)
FN:109,(anonymous_9)
FN:111,(anonymous_10)
FN:137,(anonymous_11)
FNF:8
FNH:0
FNDA:0,(anonymous_4)
FNDA:0,(anonymous_5)
FNDA:0,(anonymous_6)
FNDA:0,(anonymous_7)
FNDA:0,(anonymous_8)
FNDA:0,(anonymous_9)
FNDA:0,(anonymous_10)
FNDA:0,(anonymous_11)
DA:1,12
DA:3,12
DA:4,12
DA:12,12
DA:21,12
DA:25,12
DA:26,12
DA:27,12
DA:28,12
DA:36,12
DA:39,0
DA:41,0
DA:43,0
DA:62,12
DA:63,0
DA:64,0
DA:90,12
DA:91,0
DA:92,0
DA:109,12
DA:110,0
DA:111,0
DA:137,12
DA:138,0
LF:24
LH:14
BRF:0
BRH:0
end_of_record
TN:
SF:/Users/hantao/colive/backoffice_backend/src/application/controllers/contract.controller.ts
FN:32,(anonymous_4)
FN:56,(anonymous_5)
FN:60,(anonymous_6)
FN:86,(anonymous_7)
FN:88,(anonymous_8)
FN:103,(anonymous_9)
FN:106,(anonymous_10)
FN:132,(anonymous_11)
FN:134,(anonymous_12)
FN:167,(anonymous_13)
FN:169,(anonymous_14)
FN:195,(anonymous_15)
FN:197,(anonymous_16)
FNF:13
FNH:0
FNDA:0,(anonymous_4)
FNDA:0,(anonymous_5)
FNDA:0,(anonymous_6)
FNDA:0,(anonymous_7)
FNDA:0,(anonymous_8)
FNDA:0,(anonymous_9)
FNDA:0,(anonymous_10)
FNDA:0,(anonymous_11)
FNDA:0,(anonymous_12)
FNDA:0,(anonymous_13)
FNDA:0,(anonymous_14)
FNDA:0,(anonymous_15)
FNDA:0,(anonymous_16)
DA:2,12
DA:3,12
DA:4,12
DA:12,12
DA:21,12
DA:22,12
DA:23,12
DA:31,12
DA:34,0
DA:36,0
DA:56,12
DA:57,0
DA:58,0
DA:59,0
DA:60,0
DA:86,12
DA:87,0
DA:88,0
DA:103,12
DA:104,0
DA:105,0
DA:106,0
DA:132,12
DA:133,0
DA:135,0
DA:139,0
DA:167,12
DA:168,0
DA:169,0
DA:195,12
DA:196,0
DA:197,0
LF:32
LH:14
BRF:0
BRH:0
end_of_record
TN:
SF:/Users/hantao/colive/backoffice_backend/src/application/controllers/contractTemplates.controller.ts
FN:28,(anonymous_4)
FN:48,(anonymous_5)
FN:50,(anonymous_6)
FN:76,(anonymous_7)
FN:78,(anonymous_8)
FN:104,(anonymous_9)
FN:106,(anonymous_10)
FN:133,(anonymous_11)
FN:135,(anonymous_12)
FNF:9
FNH:0
FNDA:0,(anonymous_4)
FNDA:0,(anonymous_5)
FNDA:0,(anonymous_6)
FNDA:0,(anonymous_7)
FNDA:0,(anonymous_8)
FNDA:0,(anonymous_9)
FNDA:0,(anonymous_10)
FNDA:0,(anonymous_11)
FNDA:0,(anonymous_12)
DA:2,12
DA:3,12
DA:4,12
DA:10,12
DA:17,12
DA:18,12
DA:19,12
DA:27,12
DA:30,0
DA:32,0
DA:48,12
DA:49,0
DA:50,0
DA:76,12
DA:77,0
DA:78,0
DA:104,12
DA:105,0
DA:106,0
DA:133,12
DA:134,0
DA:135,0
LF:22
LH:12
BRF:0
BRH:0
end_of_record
TN:
SF:/Users/hantao/colive/backoffice_backend/src/application/controllers/emergencyContacts.controller.ts
FN:32,(anonymous_4)
FN:55,(anonymous_5)
FN:57,(anonymous_6)
FN:71,(anonymous_7)
FN:73,(anonymous_8)
FN:91,(anonymous_9)
FN:93,(anonymous_10)
FN:116,(anonymous_11)
FN:118,(anonymous_12)
FNF:9
FNH:0
FNDA:0,(anonymous_4)
FNDA:0,(anonymous_5)
FNDA:0,(anonymous_6)
FNDA:0,(anonymous_7)
FNDA:0,(anonymous_8)
FNDA:0,(anonymous_9)
FNDA:0,(anonymous_10)
FNDA:0,(anonymous_11)
FNDA:0,(anonymous_12)
DA:1,12
DA:3,12
DA:4,12
DA:12,12
DA:21,12
DA:22,12
DA:23,12
DA:31,12
DA:34,0
DA:36,0
DA:55,12
DA:56,0
DA:57,0
DA:71,12
DA:72,0
DA:73,0
DA:91,12
DA:92,0
DA:93,0
DA:116,12
DA:117,0
DA:118,0
LF:22
LH:12
BRF:0
BRH:0
end_of_record
TN:
SF:/Users/hantao/colive/backoffice_backend/src/application/controllers/getstreamChat.controller.ts
FN:27,(anonymous_4)
FN:50,(anonymous_5)
FN:52,(anonymous_6)
FN:69,(anonymous_7)
FN:72,(anonymous_8)
FN:73,(anonymous_9)
FN:76,(anonymous_10)
FNF:7
FNH:0
FNDA:0,(anonymous_4)
FNDA:0,(anonymous_5)
FNDA:0,(anonymous_6)
FNDA:0,(anonymous_7)
FNDA:0,(anonymous_8)
FNDA:0,(anonymous_9)
FNDA:0,(anonymous_10)
DA:1,12
DA:3,12
DA:4,12
DA:9,12
DA:14,12
DA:15,12
DA:16,12
DA:17,12
DA:18,12
DA:26,12
DA:29,0
DA:31,0
DA:33,0
DA:50,12
DA:51,0
DA:52,0
DA:69,12
DA:70,0
DA:71,0
DA:72,0
DA:73,0
DA:76,0
LF:22
LH:12
BRDA:72,0,0,0
BRDA:72,0,1,0
BRF:2
BRH:0
end_of_record
TN:
SF:/Users/hantao/colive/backoffice_backend/src/application/controllers/incidentReport.controller.ts
FN:38,(anonymous_4)
FN:68,(anonymous_5)
FN:71,(anonymous_6)
FN:92,(anonymous_7)
FN:93,(anonymous_8)
FN:94,(anonymous_9)
FN:102,(anonymous_10)
FN:129,(anonymous_11)
FN:131,(anonymous_12)
FN:168,(anonymous_13)
FN:171,(anonymous_14)
FN:196,(anonymous_15)
FN:198,(anonymous_16)
FN:238,(anonymous_17)
FN:241,(anonymous_18)
FN:268,(anonymous_19)
FN:270,(anonymous_20)
FN:296,(anonymous_21)
FN:298,(anonymous_22)
FN:320,(anonymous_23)
FN:322,(anonymous_24)
FN:343,(anonymous_25)
FN:346,(anonymous_26)
FNF:23
FNH:0
FNDA:0,(anonymous_4)
FNDA:0,(anonymous_5)
FNDA:0,(anonymous_6)
FNDA:0,(anonymous_7)
FNDA:0,(anonymous_8)
FNDA:0,(anonymous_9)
FNDA:0,(anonymous_10)
FNDA:0,(anonymous_11)
FNDA:0,(anonymous_12)
FNDA:0,(anonymous_13)
FNDA:0,(anonymous_14)
FNDA:0,(anonymous_15)
FNDA:0,(anonymous_16)
FNDA:0,(anonymous_17)
FNDA:0,(anonymous_18)
FNDA:0,(anonymous_19)
FNDA:0,(anonymous_20)
FNDA:0,(anonymous_21)
FNDA:0,(anonymous_22)
FNDA:0,(anonymous_23)
FNDA:0,(anonymous_24)
FNDA:0,(anonymous_25)
FNDA:0,(anonymous_26)
DA:1,12
DA:3,12
DA:4,12
DA:11,12
DA:19,12
DA:20,12
DA:21,12
DA:22,12
DA:23,12
DA:24,12
DA:25,12
DA:29,12
DA:37,12
DA:40,0
DA:42,0
DA:44,0
DA:46,0
DA:68,12
DA:69,0
DA:71,0
DA:92,12
DA:93,0
DA:94,0
DA:95,0
DA:102,0
DA:129,12
DA:130,0
DA:131,0
DA:168,12
DA:170,0
DA:171,0
DA:196,12
DA:197,0
DA:198,0
DA:238,12
DA:239,0
DA:241,0
DA:268,12
DA:269,0
DA:270,0
DA:296,12
DA:297,0
DA:298,0
DA:320,12
DA:321,0
DA:322,0
DA:343,12
DA:344,0
DA:345,0
DA:346,0
LF:50
LH:23
BRDA:344,0,0,0
BRDA:344,0,1,0
BRF:2
BRH:0
end_of_record
TN:
SF:/Users/hantao/colive/backoffice_backend/src/application/controllers/interests.controller.ts
FN:24,(anonymous_4)
FN:42,(anonymous_5)
FN:44,(anonymous_6)
FNF:3
FNH:0
FNDA:0,(anonymous_4)
FNDA:0,(anonymous_5)
FNDA:0,(anonymous_6)
DA:1,12
DA:2,12
DA:3,12
DA:8,12
DA:13,12
DA:14,12
DA:15,12
DA:23,12
DA:26,0
DA:28,0
DA:42,12
DA:43,0
DA:44,0
LF:13
LH:9
BRF:0
BRH:0
end_of_record
TN:
SF:/Users/hantao/colive/backoffice_backend/src/application/controllers/job.controller.ts
FN:13,(anonymous_4)
FN:30,(anonymous_5)
FN:33,(anonymous_6)
FN:43,(anonymous_7)
FN:45,(anonymous_8)
FN:55,(anonymous_9)
FN:57,(anonymous_10)
FN:67,(anonymous_11)
FN:69,(anonymous_12)
FNF:9
FNH:0
FNDA:0,(anonymous_4)
FNDA:0,(anonymous_5)
FNDA:0,(anonymous_6)
FNDA:0,(anonymous_7)
FNDA:0,(anonymous_8)
FNDA:0,(anonymous_9)
FNDA:0,(anonymous_10)
FNDA:0,(anonymous_11)
FNDA:0,(anonymous_12)
DA:1,12
DA:2,12
DA:3,12
DA:8,12
DA:9,12
DA:12,12
DA:15,0
DA:17,0
DA:19,0
DA:30,12
DA:32,0
DA:33,0
DA:43,12
DA:44,0
DA:45,0
DA:55,12
DA:56,0
DA:57,0
DA:67,12
DA:68,0
DA:69,0
LF:21
LH:10
BRF:0
BRH:0
end_of_record
TN:
SF:/Users/hantao/colive/backoffice_backend/src/application/controllers/label.controller.ts
FN:34,(anonymous_4)
FN:59,(anonymous_5)
FN:62,(anonymous_6)
FN:88,(anonymous_7)
FN:90,(anonymous_8)
FN:117,(anonymous_9)
FN:119,(anonymous_10)
FNF:7
FNH:0
FNDA:0,(anonymous_4)
FNDA:0,(anonymous_5)
FNDA:0,(anonymous_6)
FNDA:0,(anonymous_7)
FNDA:0,(anonymous_8)
FNDA:0,(anonymous_9)
FNDA:0,(anonymous_10)
DA:1,12
DA:3,12
DA:4,12
DA:11,12
DA:19,12
DA:20,12
DA:21,12
DA:22,12
DA:33,12
DA:36,0
DA:38,0
DA:59,12
DA:60,0
DA:62,0
DA:88,12
DA:89,0
DA:90,0
DA:117,12
DA:118,0
DA:119,0
LF:20
LH:12
BRF:0
BRH:0
end_of_record
TN:
SF:/Users/hantao/colive/backoffice_backend/src/application/controllers/member.controller.ts
FN:33,(anonymous_4)
FN:64,(anonymous_5)
FN:66,(anonymous_6)
FN:93,(anonymous_7)
FN:95,(anonymous_8)
FN:122,(anonymous_9)
FN:124,(anonymous_10)
FN:151,(anonymous_11)
FN:153,(anonymous_12)
FN:180,(anonymous_13)
FN:182,(anonymous_14)
FN:209,(anonymous_15)
FN:211,(anonymous_16)
FN:233,(anonymous_17)
FN:235,(anonymous_18)
FN:263,(anonymous_19)
FN:265,(anonymous_20)
FN:291,(anonymous_21)
FN:293,(anonymous_22)
FNF:19
FNH:0
FNDA:0,(anonymous_4)
FNDA:0,(anonymous_5)
FNDA:0,(anonymous_6)
FNDA:0,(anonymous_7)
FNDA:0,(anonymous_8)
FNDA:0,(anonymous_9)
FNDA:0,(anonymous_10)
FNDA:0,(anonymous_11)
FNDA:0,(anonymous_12)
FNDA:0,(anonymous_13)
FNDA:0,(anonymous_14)
FNDA:0,(anonymous_15)
FNDA:0,(anonymous_16)
FNDA:0,(anonymous_17)
FNDA:0,(anonymous_18)
FNDA:0,(anonymous_19)
FNDA:0,(anonymous_20)
FNDA:0,(anonymous_21)
FNDA:0,(anonymous_22)
DA:2,12
DA:3,12
DA:4,12
DA:11,12
DA:19,12
DA:23,12
DA:24,12
DA:32,12
DA:35,0
DA:37,0
DA:64,12
DA:65,0
DA:66,0
DA:93,12
DA:94,0
DA:95,0
DA:122,12
DA:123,0
DA:124,0
DA:151,12
DA:152,0
DA:153,0
DA:180,12
DA:181,0
DA:182,0
DA:209,12
DA:210,0
DA:211,0
DA:233,12
DA:234,0
DA:235,0
DA:263,12
DA:264,0
DA:265,0
DA:291,12
DA:292,0
DA:293,0
LF:37
LH:17
BRF:0
BRH:0
end_of_record
TN:
SF:/Users/hantao/colive/backoffice_backend/src/application/controllers/memberTags.controller.ts
FN:36,(anonymous_4)
FN:61,(anonymous_5)
FN:64,(anonymous_6)
FN:82,(anonymous_7)
FN:84,(anonymous_8)
FN:110,(anonymous_9)
FN:112,(anonymous_10)
FN:139,(anonymous_11)
FN:141,(anonymous_12)
FNF:9
FNH:0
FNDA:0,(anonymous_4)
FNDA:0,(anonymous_5)
FNDA:0,(anonymous_6)
FNDA:0,(anonymous_7)
FNDA:0,(anonymous_8)
FNDA:0,(anonymous_9)
FNDA:0,(anonymous_10)
FNDA:0,(anonymous_11)
FNDA:0,(anonymous_12)
DA:1,12
DA:3,12
DA:4,12
DA:12,12
DA:21,12
DA:22,12
DA:23,12
DA:24,12
DA:35,12
DA:38,0
DA:40,0
DA:61,12
DA:62,0
DA:64,0
DA:82,12
DA:83,0
DA:84,0
DA:110,12
DA:111,0
DA:112,0
DA:139,12
DA:140,0
DA:141,0
LF:23
LH:13
BRF:0
BRH:0
end_of_record
TN:
SF:/Users/hantao/colive/backoffice_backend/src/application/controllers/members.controller.ts
FN:32,(anonymous_4)
FN:99,(anonymous_5)
FN:101,(anonymous_6)
FN:164,(anonymous_7)
FN:166,(anonymous_8)
FN:240,(anonymous_9)
FN:242,(anonymous_10)
FN:389,(anonymous_11)
FN:392,(anonymous_12)
FNF:9
FNH:0
FNDA:0,(anonymous_4)
FNDA:0,(anonymous_5)
FNDA:0,(anonymous_6)
FNDA:0,(anonymous_7)
FNDA:0,(anonymous_8)
FNDA:0,(anonymous_9)
FNDA:0,(anonymous_10)
FNDA:0,(anonymous_11)
FNDA:0,(anonymous_12)
DA:2,12
DA:3,12
DA:4,12
DA:9,12
DA:18,12
DA:22,12
DA:23,12
DA:31,12
DA:34,0
DA:36,0
DA:99,12
DA:100,0
DA:101,0
DA:164,12
DA:165,0
DA:166,0
DA:240,12
DA:241,0
DA:242,0
DA:389,12
DA:390,0
DA:391,0
DA:392,0
LF:23
LH:12
BRF:0
BRH:0
end_of_record
TN:
SF:/Users/hantao/colive/backoffice_backend/src/application/controllers/offer.controller.ts
FN:34,(anonymous_4)
FN:66,(anonymous_5)
FN:68,(anonymous_6)
FN:93,(anonymous_7)
FN:95,(anonymous_8)
FN:110,(anonymous_9)
FN:112,(anonymous_10)
FN:143,(anonymous_11)
FN:145,(anonymous_12)
FN:146,(anonymous_13)
FN:171,(anonymous_14)
FN:173,(anonymous_15)
FN:174,(anonymous_16)
FN:202,(anonymous_17)
FN:205,(anonymous_18)
FN:235,(anonymous_19)
FN:239,(anonymous_20)
FNF:17
FNH:0
FNDA:0,(anonymous_4)
FNDA:0,(anonymous_5)
FNDA:0,(anonymous_6)
FNDA:0,(anonymous_7)
FNDA:0,(anonymous_8)
FNDA:0,(anonymous_9)
FNDA:0,(anonymous_10)
FNDA:0,(anonymous_11)
FNDA:0,(anonymous_12)
FNDA:0,(anonymous_13)
FNDA:0,(anonymous_14)
FNDA:0,(anonymous_15)
FNDA:0,(anonymous_16)
FNDA:0,(anonymous_17)
FNDA:0,(anonymous_18)
FNDA:0,(anonymous_19)
FNDA:0,(anonymous_20)
DA:1,12
DA:3,12
DA:4,12
DA:11,12
DA:19,12
DA:20,12
DA:21,12
DA:22,12
DA:33,12
DA:36,0
DA:38,0
DA:40,0
DA:66,12
DA:67,0
DA:68,0
DA:93,12
DA:94,0
DA:95,0
DA:110,12
DA:111,0
DA:112,0
DA:143,12
DA:144,0
DA:145,0
DA:146,0
DA:171,12
DA:172,0
DA:173,0
DA:174,0
DA:202,12
DA:203,0
DA:204,0
DA:205,0
DA:235,12
DA:236,0
DA:237,0
DA:239,0
LF:37
LH:16
BRF:0
BRH:0
end_of_record
TN:
SF:/Users/hantao/colive/backoffice_backend/src/application/controllers/offerQueue.controller.ts
FN:13,(anonymous_4)
FN:30,(anonymous_5)
FN:33,(anonymous_6)
FNF:3
FNH:0
FNDA:0,(anonymous_4)
FNDA:0,(anonymous_5)
FNDA:0,(anonymous_6)
DA:1,12
DA:3,12
DA:4,12
DA:9,12
DA:12,12
DA:15,0
DA:17,0
DA:30,12
DA:32,0
DA:33,0
LF:10
LH:6
BRF:0
BRH:0
end_of_record
TN:
SF:/Users/hantao/colive/backoffice_backend/src/application/controllers/payment.controller.ts
FN:31,(anonymous_4)
FN:84,(anonymous_5)
FN:90,(anonymous_6)
FN:164,(anonymous_7)
FN:166,(anonymous_8)
FN:180,(anonymous_9)
FN:182,(anonymous_10)
FN:207,(anonymous_11)
FN:209,(anonymous_12)
FNF:9
FNH:0
FNDA:0,(anonymous_4)
FNDA:0,(anonymous_5)
FNDA:0,(anonymous_6)
FNDA:0,(anonymous_7)
FNDA:0,(anonymous_8)
FNDA:0,(anonymous_9)
FNDA:0,(anonymous_10)
FNDA:0,(anonymous_11)
FNDA:0,(anonymous_12)
DA:2,12
DA:3,12
DA:4,12
DA:10,12
DA:17,12
DA:18,12
DA:19,12
DA:30,12
DA:33,0
DA:35,0
DA:84,12
DA:85,0
DA:86,0
DA:88,0
DA:90,0
DA:164,12
DA:165,0
DA:166,0
DA:180,12
DA:181,0
DA:182,0
DA:207,12
DA:208,0
DA:209,0
LF:24
LH:12
BRF:0
BRH:0
end_of_record
TN:
SF:/Users/hantao/colive/backoffice_backend/src/application/controllers/project.controller.ts
FN:39,(anonymous_4)
FN:65,(anonymous_5)
FN:68,(anonymous_6)
FN:97,(anonymous_7)
FN:99,(anonymous_8)
FN:127,(anonymous_9)
FN:129,(anonymous_10)
FN:155,(anonymous_11)
FN:157,(anonymous_12)
FN:186,(anonymous_13)
FN:188,(anonymous_14)
FN:215,(anonymous_15)
FN:217,(anonymous_16)
FN:243,(anonymous_17)
FN:245,(anonymous_18)
FNF:15
FNH:0
FNDA:0,(anonymous_4)
FNDA:0,(anonymous_5)
FNDA:0,(anonymous_6)
FNDA:0,(anonymous_7)
FNDA:0,(anonymous_8)
FNDA:0,(anonymous_9)
FNDA:0,(anonymous_10)
FNDA:0,(anonymous_11)
FNDA:0,(anonymous_12)
FNDA:0,(anonymous_13)
FNDA:0,(anonymous_14)
FNDA:0,(anonymous_15)
FNDA:0,(anonymous_16)
FNDA:0,(anonymous_17)
FNDA:0,(anonymous_18)
DA:2,12
DA:3,12
DA:4,12
DA:13,12
DA:22,12
DA:23,12
DA:24,12
DA:25,12
DA:27,12
DA:38,12
DA:41,0
DA:43,0
DA:65,12
DA:66,0
DA:68,0
DA:97,12
DA:98,0
DA:99,0
DA:127,12
DA:128,0
DA:129,0
DA:155,12
DA:156,0
DA:157,0
DA:186,12
DA:187,0
DA:188,0
DA:215,12
DA:216,0
DA:217,0
DA:243,12
DA:244,0
DA:245,0
LF:33
LH:17
BRF:0
BRH:0
end_of_record
TN:
SF:/Users/hantao/colive/backoffice_backend/src/application/controllers/projectFacade.controller.ts
FN:41,(anonymous_4)
FN:75,(anonymous_5)
FN:78,(anonymous_6)
FN:106,(anonymous_7)
FN:110,(anonymous_8)
FN:139,(anonymous_9)
FN:144,(anonymous_10)
FN:159,(anonymous_11)
FN:161,(anonymous_12)
FN:187,(anonymous_13)
FN:189,(anonymous_14)
FN:215,(anonymous_15)
FN:217,(anonymous_16)
FN:243,(anonymous_17)
FN:245,(anonymous_18)
FN:277,(anonymous_19)
FN:279,(anonymous_20)
FN:305,(anonymous_21)
FN:307,(anonymous_22)
FN:333,(anonymous_23)
FN:335,(anonymous_24)
FNF:21
FNH:0
FNDA:0,(anonymous_4)
FNDA:0,(anonymous_5)
FNDA:0,(anonymous_6)
FNDA:0,(anonymous_7)
FNDA:0,(anonymous_8)
FNDA:0,(anonymous_9)
FNDA:0,(anonymous_10)
FNDA:0,(anonymous_11)
FNDA:0,(anonymous_12)
FNDA:0,(anonymous_13)
FNDA:0,(anonymous_14)
FNDA:0,(anonymous_15)
FNDA:0,(anonymous_16)
FNDA:0,(anonymous_17)
FNDA:0,(anonymous_18)
FNDA:0,(anonymous_19)
FNDA:0,(anonymous_20)
FNDA:0,(anonymous_21)
FNDA:0,(anonymous_22)
FNDA:0,(anonymous_23)
FNDA:0,(anonymous_24)
DA:2,12
DA:3,12
DA:4,12
DA:12,12
DA:21,12
DA:22,12
DA:23,12
DA:24,12
DA:25,12
DA:26,12
DA:27,12
DA:29,12
DA:40,12
DA:43,0
DA:45,0
DA:47,0
DA:49,0
DA:51,0
DA:53,0
DA:75,12
DA:76,0
DA:78,0
DA:106,12
DA:107,0
DA:110,0
DA:139,12
DA:140,0
DA:144,0
DA:159,12
DA:160,0
DA:161,0
DA:187,12
DA:188,0
DA:189,0
DA:215,12
DA:216,0
DA:217,0
DA:243,12
DA:244,0
DA:245,0
DA:277,12
DA:278,0
DA:279,0
DA:305,12
DA:306,0
DA:307,0
DA:333,12
DA:334,0
DA:335,0
LF:49
LH:23
BRF:0
BRH:0
end_of_record
TN:
SF:/Users/hantao/colive/backoffice_backend/src/application/controllers/projectFacadeBilling.controller.ts
FN:28,(anonymous_4)
FN:57,(anonymous_5)
FN:59,(anonymous_6)
FN:85,(anonymous_7)
FN:87,(anonymous_8)
FNF:5
FNH:0
FNDA:0,(anonymous_4)
FNDA:0,(anonymous_5)
FNDA:0,(anonymous_6)
FNDA:0,(anonymous_7)
FNDA:0,(anonymous_8)
DA:2,12
DA:3,12
DA:4,12
DA:10,12
DA:17,12
DA:18,12
DA:19,12
DA:27,12
DA:30,0
DA:32,0
DA:57,12
DA:58,0
DA:59,0
DA:85,12
DA:86,0
DA:87,0
LF:16
LH:10
BRF:0
BRH:0
end_of_record
TN:
SF:/Users/hantao/colive/backoffice_backend/src/application/controllers/projectGallery.controller.ts
FN:33,(anonymous_4)
FN:58,(anonymous_5)
FN:60,(anonymous_6)
FN:86,(anonymous_7)
FN:88,(anonymous_8)
FN:115,(anonymous_9)
FN:117,(anonymous_10)
FNF:7
FNH:0
FNDA:0,(anonymous_4)
FNDA:0,(anonymous_5)
FNDA:0,(anonymous_6)
FNDA:0,(anonymous_7)
FNDA:0,(anonymous_8)
FNDA:0,(anonymous_9)
FNDA:0,(anonymous_10)
DA:1,12
DA:3,12
DA:4,12
DA:11,12
DA:19,12
DA:20,12
DA:21,12
DA:32,12
DA:35,0
DA:37,0
DA:58,12
DA:59,0
DA:60,0
DA:86,12
DA:87,0
DA:88,0
DA:115,12
DA:116,0
DA:117,0
LF:19
LH:11
BRF:0
BRH:0
end_of_record
TN:
SF:/Users/hantao/colive/backoffice_backend/src/application/controllers/projects.controller.ts
FN:30,(anonymous_4)
FN:58,(anonymous_5)
FN:60,(anonymous_6)
FNF:3
FNH:0
FNDA:0,(anonymous_4)
FNDA:0,(anonymous_5)
FNDA:0,(anonymous_6)
DA:1,12
DA:2,12
DA:3,12
DA:9,12
DA:15,12
DA:16,12
DA:18,12
DA:29,12
DA:32,0
DA:34,0
DA:58,12
DA:59,0
DA:60,0
LF:13
LH:9
BRF:0
BRH:0
end_of_record
TN:
SF:/Users/hantao/colive/backoffice_backend/src/application/controllers/role.controller.ts
FN:26,(anonymous_4)
FN:55,(anonymous_5)
FN:57,(anonymous_6)
FNF:3
FNH:0
FNDA:0,(anonymous_4)
FNDA:0,(anonymous_5)
FNDA:0,(anonymous_6)
DA:1,12
DA:3,12
DA:4,12
DA:9,12
DA:15,12
DA:16,12
DA:17,12
DA:25,12
DA:28,0
DA:30,0
DA:55,12
DA:56,0
DA:57,0
LF:13
LH:9
BRF:0
BRH:0
end_of_record
TN:
SF:/Users/hantao/colive/backoffice_backend/src/application/controllers/room.controller.ts
FN:33,(anonymous_4)
FN:59,(anonymous_5)
FN:62,(anonymous_6)
FN:89,(anonymous_7)
FN:91,(anonymous_8)
FN:116,(anonymous_9)
FN:118,(anonymous_10)
FN:136,(anonymous_11)
FN:138,(anonymous_12)
FN:163,(anonymous_13)
FN:165,(anonymous_14)
FN:190,(anonymous_15)
FN:192,(anonymous_16)
FN:217,(anonymous_17)
FN:219,(anonymous_18)
FN:250,(anonymous_19)
FN:252,(anonymous_20)
FNF:17
FNH:0
FNDA:0,(anonymous_4)
FNDA:0,(anonymous_5)
FNDA:0,(anonymous_6)
FNDA:0,(anonymous_7)
FNDA:0,(anonymous_8)
FNDA:0,(anonymous_9)
FNDA:0,(anonymous_10)
FNDA:0,(anonymous_11)
FNDA:0,(anonymous_12)
FNDA:0,(anonymous_13)
FNDA:0,(anonymous_14)
FNDA:0,(anonymous_15)
FNDA:0,(anonymous_16)
FNDA:0,(anonymous_17)
FNDA:0,(anonymous_18)
FNDA:0,(anonymous_19)
FNDA:0,(anonymous_20)
DA:2,12
DA:3,12
DA:4,12
DA:12,12
DA:21,12
DA:22,12
DA:23,12
DA:24,12
DA:32,12
DA:35,0
DA:37,0
DA:59,12
DA:60,0
DA:62,0
DA:89,12
DA:90,0
DA:91,0
DA:116,12
DA:117,0
DA:118,0
DA:136,12
DA:137,0
DA:138,0
DA:163,12
DA:164,0
DA:165,0
DA:190,12
DA:191,0
DA:192,0
DA:217,12
DA:218,0
DA:219,0
DA:250,12
DA:251,0
DA:252,0
LF:35
LH:17
BRF:0
BRH:0
end_of_record
TN:
SF:/Users/hantao/colive/backoffice_backend/src/application/controllers/roomAndTenants.controller.ts
FN:28,(anonymous_4)
FN:100,(anonymous_5)
FN:102,(anonymous_6)
FNF:3
FNH:0
FNDA:0,(anonymous_4)
FNDA:0,(anonymous_5)
FNDA:0,(anonymous_6)
DA:2,12
DA:3,12
DA:4,12
DA:9,12
DA:15,12
DA:18,12
DA:19,12
DA:27,12
DA:30,0
DA:32,0
DA:100,12
DA:101,0
DA:102,0
LF:13
LH:9
BRF:0
BRH:0
end_of_record
TN:
SF:/Users/hantao/colive/backoffice_backend/src/application/controllers/rooms.controller.ts
FN:29,(anonymous_4)
FN:58,(anonymous_5)
FN:60,(anonymous_6)
FNF:3
FNH:0
FNDA:0,(anonymous_4)
FNDA:0,(anonymous_5)
FNDA:0,(anonymous_6)
DA:2,12
DA:3,12
DA:4,12
DA:9,12
DA:15,12
DA:19,12
DA:20,12
DA:28,12
DA:31,0
DA:33,0
DA:58,12
DA:59,0
DA:60,0
LF:13
LH:9
BRF:0
BRH:0
end_of_record
TN:
SF:/Users/hantao/colive/backoffice_backend/src/application/controllers/statistics.controller.ts
FN:26,(anonymous_4)
FN:60,(anonymous_5)
FN:62,(anonymous_6)
FN:72,(anonymous_7)
FN:74,(anonymous_8)
FN:90,(anonymous_9)
FN:93,(anonymous_10)
FN:123,(anonymous_11)
FN:125,(anonymous_12)
FN:155,(anonymous_13)
FN:157,(anonymous_14)
FN:187,(anonymous_15)
FN:189,(anonymous_16)
FN:223,(anonymous_17)
FNF:14
FNH:0
FNDA:0,(anonymous_4)
FNDA:0,(anonymous_5)
FNDA:0,(anonymous_6)
FNDA:0,(anonymous_7)
FNDA:0,(anonymous_8)
FNDA:0,(anonymous_9)
FNDA:0,(anonymous_10)
FNDA:0,(anonymous_11)
FNDA:0,(anonymous_12)
FNDA:0,(anonymous_13)
FNDA:0,(anonymous_14)
FNDA:0,(anonymous_15)
FNDA:0,(anonymous_16)
FNDA:0,(anonymous_17)
DA:1,12
DA:3,12
DA:4,12
DA:9,12
DA:15,12
DA:16,12
DA:17,12
DA:25,12
DA:28,0
DA:30,0
DA:60,12
DA:61,0
DA:62,0
DA:72,12
DA:73,0
DA:74,0
DA:90,12
DA:91,0
DA:92,0
DA:93,0
DA:123,12
DA:124,0
DA:125,0
DA:155,12
DA:156,0
DA:157,0
DA:187,12
DA:188,0
DA:189,0
DA:223,12
DA:224,0
LF:31
LH:15
BRF:0
BRH:0
end_of_record
TN:
SF:/Users/hantao/colive/backoffice_backend/src/application/controllers/tenant.controller.ts
FN:28,(anonymous_4)
FN:54,(anonymous_5)
FN:56,(anonymous_6)
FN:71,(anonymous_7)
FN:73,(anonymous_8)
FN:89,(anonymous_9)
FN:91,(anonymous_10)
FN:110,(anonymous_11)
FN:112,(anonymous_12)
FN:133,(anonymous_13)
FN:135,(anonymous_14)
FNF:11
FNH:0
FNDA:0,(anonymous_4)
FNDA:0,(anonymous_5)
FNDA:0,(anonymous_6)
FNDA:0,(anonymous_7)
FNDA:0,(anonymous_8)
FNDA:0,(anonymous_9)
FNDA:0,(anonymous_10)
FNDA:0,(anonymous_11)
FNDA:0,(anonymous_12)
FNDA:0,(anonymous_13)
FNDA:0,(anonymous_14)
DA:2,12
DA:3,12
DA:4,12
DA:10,12
DA:17,12
DA:18,12
DA:19,12
DA:27,12
DA:30,0
DA:32,0
DA:54,12
DA:55,0
DA:56,0
DA:71,12
DA:72,0
DA:73,0
DA:89,12
DA:90,0
DA:91,0
DA:110,12
DA:111,0
DA:112,0
DA:133,12
DA:134,0
DA:135,0
LF:25
LH:13
BRF:0
BRH:0
end_of_record
TN:
SF:/Users/hantao/colive/backoffice_backend/src/application/controllers/tenants.controller.ts
FN:26,(anonymous_4)
FN:78,(anonymous_5)
FN:80,(anonymous_6)
FNF:3
FNH:0
FNDA:0,(anonymous_4)
FNDA:0,(anonymous_5)
FNDA:0,(anonymous_6)
DA:2,12
DA:3,12
DA:4,12
DA:9,12
DA:15,12
DA:16,12
DA:17,12
DA:25,12
DA:28,0
DA:30,0
DA:78,12
DA:79,0
DA:80,0
LF:13
LH:9
BRF:0
BRH:0
end_of_record
TN:
SF:/Users/hantao/colive/backoffice_backend/src/application/controllers/user.controller.ts
FN:39,(anonymous_5)
FN:60,(anonymous_6)
FN:62,(anonymous_7)
FN:63,(anonymous_8)
FN:65,(anonymous_9)
FN:83,(anonymous_10)
FN:85,(anonymous_11)
FN:101,(anonymous_12)
FN:104,(anonymous_13)
FN:119,(anonymous_14)
FN:122,(anonymous_15)
FN:144,(anonymous_16)
FN:146,(anonymous_17)
FN:158,(anonymous_18)
FN:160,(anonymous_19)
FN:179,(anonymous_20)
FN:182,(anonymous_21)
FN:200,(anonymous_22)
FN:203,(anonymous_23)
FN:229,(anonymous_24)
FN:232,(anonymous_25)
FN:252,(anonymous_26)
FN:254,(anonymous_27)
FN:270,(anonymous_28)
FN:272,(anonymous_29)
FN:273,(anonymous_30)
FN:293,(anonymous_31)
FN:295,(anonymous_32)
FN:317,(anonymous_33)
FN:320,(anonymous_34)
FN:336,(anonymous_35)
FN:338,(anonymous_36)
FN:359,(anonymous_37)
FN:362,(anonymous_38)
FN:384,(anonymous_39)
FN:387,(anonymous_40)
FNF:36
FNH:0
FNDA:0,(anonymous_5)
FNDA:0,(anonymous_6)
FNDA:0,(anonymous_7)
FNDA:0,(anonymous_8)
FNDA:0,(anonymous_9)
FNDA:0,(anonymous_10)
FNDA:0,(anonymous_11)
FNDA:0,(anonymous_12)
FNDA:0,(anonymous_13)
FNDA:0,(anonymous_14)
FNDA:0,(anonymous_15)
FNDA:0,(anonymous_16)
FNDA:0,(anonymous_17)
FNDA:0,(anonymous_18)
FNDA:0,(anonymous_19)
FNDA:0,(anonymous_20)
FNDA:0,(anonymous_21)
FNDA:0,(anonymous_22)
FNDA:0,(anonymous_23)
FNDA:0,(anonymous_24)
FNDA:0,(anonymous_25)
FNDA:0,(anonymous_26)
FNDA:0,(anonymous_27)
FNDA:0,(anonymous_28)
FNDA:0,(anonymous_29)
FNDA:0,(anonymous_30)
FNDA:0,(anonymous_31)
FNDA:0,(anonymous_32)
FNDA:0,(anonymous_33)
FNDA:0,(anonymous_34)
FNDA:0,(anonymous_35)
FNDA:0,(anonymous_36)
FNDA:0,(anonymous_37)
FNDA:0,(anonymous_38)
FNDA:0,(anonymous_39)
FNDA:0,(anonymous_40)
DA:2,12
DA:3,12
DA:4,12
DA:12,12
DA:21,12
DA:26,12
DA:27,12
DA:28,12
DA:29,12
DA:30,12
DA:38,12
DA:41,0
DA:43,0
DA:60,12
DA:61,0
DA:62,0
DA:63,0
DA:65,0
DA:83,12
DA:84,0
DA:85,0
DA:101,12
DA:102,0
DA:104,0
DA:119,12
DA:120,0
DA:122,0
DA:144,12
DA:145,0
DA:146,0
DA:158,12
DA:159,0
DA:160,0
DA:179,12
DA:180,0
DA:182,0
DA:200,12
DA:201,0
DA:203,0
DA:229,12
DA:230,0
DA:232,0
DA:252,12
DA:253,0
DA:254,0
DA:270,12
DA:271,0
DA:272,0
DA:273,0
DA:293,12
DA:294,0
DA:295,0
DA:317,12
DA:318,0
DA:320,0
DA:336,12
DA:337,0
DA:338,0
DA:359,12
DA:360,0
DA:361,0
DA:362,0
DA:384,12
DA:385,0
DA:386,0
DA:387,0
LF:66
LH:27
BRF:0
BRH:0
end_of_record
TN:
SF:/Users/hantao/colive/backoffice_backend/src/application/controllers/userPreferences.controller.ts
FN:29,(anonymous_4)
FN:47,(anonymous_5)
FN:49,(anonymous_6)
FN:67,(anonymous_7)
FN:69,(anonymous_8)
FN:90,(anonymous_9)
FN:93,(anonymous_10)
FN:109,(anonymous_11)
FN:111,(anonymous_12)
FN:125,(anonymous_13)
FN:127,(anonymous_14)
FN:140,(anonymous_15)
FN:142,(anonymous_16)
FN:157,(anonymous_17)
FN:159,(anonymous_18)
FNF:15
FNH:0
FNDA:0,(anonymous_4)
FNDA:0,(anonymous_5)
FNDA:0,(anonymous_6)
FNDA:0,(anonymous_7)
FNDA:0,(anonymous_8)
FNDA:0,(anonymous_9)
FNDA:0,(anonymous_10)
FNDA:0,(anonymous_11)
FNDA:0,(anonymous_12)
FNDA:0,(anonymous_13)
FNDA:0,(anonymous_14)
FNDA:0,(anonymous_15)
FNDA:0,(anonymous_16)
FNDA:0,(anonymous_17)
FNDA:0,(anonymous_18)
DA:2,12
DA:3,12
DA:4,12
DA:12,12
DA:18,12
DA:19,12
DA:20,12
DA:28,12
DA:31,0
DA:33,0
DA:47,12
DA:48,0
DA:49,0
DA:67,12
DA:68,0
DA:69,0
DA:90,12
DA:91,0
DA:92,0
DA:93,0
DA:109,12
DA:110,0
DA:111,0
DA:125,12
DA:126,0
DA:127,0
DA:140,12
DA:141,0
DA:142,0
DA:157,12
DA:158,0
DA:159,0
LF:32
LH:15
BRF:0
BRH:0
end_of_record
TN:
SF:/Users/hantao/colive/backoffice_backend/src/application/controllers/userProfiles.controller.ts
FN:27,(anonymous_4)
FN:45,(anonymous_5)
FN:47,(anonymous_6)
FN:65,(anonymous_7)
FN:67,(anonymous_8)
FNF:5
FNH:0
FNDA:0,(anonymous_4)
FNDA:0,(anonymous_5)
FNDA:0,(anonymous_6)
FNDA:0,(anonymous_7)
FNDA:0,(anonymous_8)
DA:2,12
DA:3,12
DA:4,12
DA:10,12
DA:16,12
DA:17,12
DA:18,12
DA:26,12
DA:29,0
DA:31,0
DA:45,12
DA:46,0
DA:47,0
DA:65,12
DA:66,0
DA:67,0
LF:16
LH:10
BRF:0
BRH:0
end_of_record
TN:
SF:/Users/hantao/colive/backoffice_backend/src/application/controllers/webhook.controller.ts
FN:16,(anonymous_4)
FN:33,(anonymous_5)
FN:36,(anonymous_6)
FN:45,(anonymous_7)
FN:47,(anonymous_8)
FN:56,(anonymous_9)
FN:58,(anonymous_10)
FNF:7
FNH:0
FNDA:0,(anonymous_4)
FNDA:0,(anonymous_5)
FNDA:0,(anonymous_6)
FNDA:0,(anonymous_7)
FNDA:0,(anonymous_8)
FNDA:0,(anonymous_9)
FNDA:0,(anonymous_10)
DA:2,12
DA:3,12
DA:4,12
DA:10,12
DA:11,12
DA:12,12
DA:15,12
DA:18,0
DA:20,0
DA:22,0
DA:24,0
DA:33,12
DA:34,0
DA:35,0
DA:36,0
DA:45,12
DA:46,0
DA:47,0
DA:56,12
DA:57,0
DA:58,0
LF:21
LH:10
BRF:0
BRH:0
end_of_record
TN:
SF:/Users/hantao/colive/backoffice_backend/src/application/firebase/accomodation.ts
FN:9,(anonymous_0)
FN:9,(anonymous_1)
FN:21,(anonymous_2)
FN:29,(anonymous_3)
FN:33,(anonymous_4)
FN:34,(anonymous_5)
FN:37,(anonymous_6)
FNF:7
FNH:0
FNDA:0,(anonymous_0)
FNDA:0,(anonymous_1)
FNDA:0,(anonymous_2)
FNDA:0,(anonymous_3)
FNDA:0,(anonymous_4)
FNDA:0,(anonymous_5)
FNDA:0,(anonymous_6)
DA:1,12
DA:2,12
DA:4,12
DA:5,12
DA:7,12
DA:9,12
DA:10,0
DA:11,0
DA:12,0
DA:13,0
DA:14,0
DA:16,0
DA:18,0
DA:21,0
DA:29,0
DA:33,12
DA:34,0
DA:35,0
DA:36,0
DA:37,0
LF:20
LH:7
BRF:0
BRH:0
end_of_record
TN:
SF:/Users/hantao/colive/backoffice_backend/src/application/firebase/admin.ts
FN:9,(anonymous_0)
FN:9,(anonymous_1)
FN:21,(anonymous_2)
FN:29,(anonymous_3)
FNF:4
FNH:0
FNDA:0,(anonymous_0)
FNDA:0,(anonymous_1)
FNDA:0,(anonymous_2)
FNDA:0,(anonymous_3)
DA:1,12
DA:2,12
DA:4,12
DA:5,12
DA:7,12
DA:9,12
DA:10,0
DA:11,0
DA:12,0
DA:13,0
DA:14,0
DA:16,0
DA:18,0
DA:21,0
DA:29,0
LF:15
LH:6
BRF:0
BRH:0
end_of_record
TN:
SF:/Users/hantao/colive/backoffice_backend/src/application/firebase/backoffice.ts
FNF:0
FNH:0
DA:1,12
DA:2,12
DA:3,12
LF:3
LH:3
BRF:0
BRH:0
end_of_record
TN:
SF:/Users/hantao/colive/backoffice_backend/src/application/firebase/client.ts
FN:9,(anonymous_0)
FN:9,(anonymous_1)
FN:21,(anonymous_2)
FN:29,(anonymous_3)
FNF:4
FNH:0
FNDA:0,(anonymous_0)
FNDA:0,(anonymous_1)
FNDA:0,(anonymous_2)
FNDA:0,(anonymous_3)
DA:1,12
DA:2,12
DA:4,12
DA:5,12
DA:7,12
DA:9,12
DA:10,0
DA:11,0
DA:12,0
DA:13,0
DA:14,0
DA:16,0
DA:18,0
DA:21,0
DA:29,0
LF:15
LH:6
BRF:0
BRH:0
end_of_record
TN:
SF:/Users/hantao/colive/backoffice_backend/src/application/firebase/community.ts
FNF:0
FNH:0
DA:1,12
DA:2,12
DA:4,12
DA:14,12
LF:4
LH:4
BRF:0
BRH:0
end_of_record
TN:
SF:/Users/hantao/colive/backoffice_backend/src/application/firebase/incident.ts
FN:9,(anonymous_0)
FN:9,(anonymous_1)
FN:21,(anonymous_2)
FN:29,(anonymous_3)
FN:33,(anonymous_4)
FN:34,(anonymous_5)
FN:37,(anonymous_6)
FNF:7
FNH:0
FNDA:0,(anonymous_0)
FNDA:0,(anonymous_1)
FNDA:0,(anonymous_2)
FNDA:0,(anonymous_3)
FNDA:0,(anonymous_4)
FNDA:0,(anonymous_5)
FNDA:0,(anonymous_6)
DA:1,12
DA:2,12
DA:4,12
DA:5,12
DA:7,12
DA:9,12
DA:10,0
DA:11,0
DA:12,0
DA:13,0
DA:14,0
DA:16,0
DA:18,0
DA:21,0
DA:29,0
DA:33,12
DA:34,0
DA:35,0
DA:36,0
DA:37,0
LF:20
LH:7
BRF:0
BRH:0
end_of_record
TN:
SF:/Users/hantao/colive/backoffice_backend/src/application/firebase/user.ts
FN:13,(anonymous_0)
FN:18,(anonymous_1)
FN:18,(anonymous_2)
FN:29,(anonymous_3)
FN:37,(anonymous_4)
FNF:5
FNH:0
FNDA:0,(anonymous_0)
FNDA:0,(anonymous_1)
FNDA:0,(anonymous_2)
FNDA:0,(anonymous_3)
FNDA:0,(anonymous_4)
DA:1,12
DA:2,12
DA:3,12
DA:5,12
DA:6,12
DA:8,12
DA:11,12
DA:13,12
DA:14,0
DA:18,12
DA:19,0
DA:20,0
DA:21,0
DA:22,0
DA:24,0
DA:26,0
DA:29,0
DA:37,0
LF:18
LH:9
BRF:0
BRH:0
end_of_record
TN:
SF:/Users/hantao/colive/backoffice_backend/src/application/getstream/chat.ts
FN:5,(anonymous_0)
FN:7,(anonymous_1)
FN:12,(anonymous_2)
FN:13,(anonymous_3)
FN:13,(anonymous_4)
FN:26,(anonymous_5)
FN:27,(anonymous_6)
FN:32,(anonymous_7)
FN:38,(anonymous_8)
FN:39,(anonymous_9)
FN:39,(anonymous_10)
FN:53,(anonymous_11)
FN:54,(anonymous_12)
FNF:13
FNH:0
FNDA:0,(anonymous_0)
FNDA:0,(anonymous_1)
FNDA:0,(anonymous_2)
FNDA:0,(anonymous_3)
FNDA:0,(anonymous_4)
FNDA:0,(anonymous_5)
FNDA:0,(anonymous_6)
FNDA:0,(anonymous_7)
FNDA:0,(anonymous_8)
FNDA:0,(anonymous_9)
FNDA:0,(anonymous_10)
FNDA:0,(anonymous_11)
FNDA:0,(anonymous_12)
DA:1,12
DA:2,12
DA:3,12
DA:5,12
DA:7,12
DA:8,0
DA:9,0
DA:11,0
DA:12,0
DA:13,0
DA:26,0
DA:29,0
DA:32,12
DA:34,0
DA:35,0
DA:37,0
DA:38,0
DA:39,0
DA:53,0
DA:56,0
LF:20
LH:6
BRDA:13,0,0,0
BRDA:13,0,1,0
BRDA:39,1,0,0
BRDA:39,1,1,0
BRF:4
BRH:0
end_of_record
TN:
SF:/Users/hantao/colive/backoffice_backend/src/application/getstream/client.ts
FNF:0
FNH:0
DA:1,12
DA:3,12
DA:8,12
LF:3
LH:3
BRF:0
BRH:0
end_of_record
TN:
SF:/Users/hantao/colive/backoffice_backend/src/application/middleware/auth.ts
FN:9,(anonymous_7)
FN:17,(anonymous_8)
FN:17,(anonymous_9)
FN:25,(anonymous_10)
FN:25,(anonymous_11)
FN:33,(anonymous_12)
FN:37,(anonymous_13)
FN:45,(anonymous_14)
FNF:8
FNH:2
FNDA:0,(anonymous_7)
FNDA:1176,(anonymous_8)
FNDA:0,(anonymous_9)
FNDA:1704,(anonymous_10)
FNDA:0,(anonymous_11)
FNDA:0,(anonymous_12)
FNDA:0,(anonymous_13)
FNDA:0,(anonymous_14)
DA:2,12
DA:3,12
DA:5,12
DA:6,12
DA:8,12
DA:14,0
DA:15,0
DA:17,1176
DA:22,0
DA:23,0
DA:25,1704
DA:30,0
DA:31,0
DA:37,0
DA:38,0
DA:45,0
LF:16
LH:7
BRDA:46,0,0,0
BRDA:46,0,1,0
BRF:2
BRH:0
end_of_record
TN:
SF:/Users/hantao/colive/backoffice_backend/src/application/middleware/authentication.ts
FN:13,(anonymous_1)
FN:24,(anonymous_2)
FNF:2
FNH:2
FNDA:6,(anonymous_1)
FNDA:3,(anonymous_2)
DA:2,13
DA:3,13
DA:4,13
DA:6,13
DA:7,13
DA:12,13
DA:14,6
DA:15,6
DA:16,0
DA:19,6
DA:20,0
DA:22,6
DA:23,6
DA:25,3
DA:26,1
DA:28,2
DA:29,2
DA:30,2
DA:31,2
DA:32,2
DA:33,2
DA:34,2
DA:35,2
DA:36,2
LF:24
LH:22
BRDA:15,0,0,0
BRDA:15,0,1,6
BRDA:15,1,0,6
BRDA:15,1,1,0
BRDA:19,2,0,0
BRDA:19,2,1,6
BRDA:25,3,0,1
BRDA:25,3,1,2
BRF:8
BRH:5
end_of_record
TN:
SF:/Users/hantao/colive/backoffice_backend/src/application/middleware/authorization.ts
FN:9,(anonymous_4)
FN:16,(anonymous_5)
FN:22,(anonymous_6)
FNF:3
FNH:3
FNDA:1,(anonymous_4)
FNDA:3,(anonymous_5)
FNDA:2,(anonymous_6)
DA:2,12
DA:3,12
DA:4,12
DA:5,12
DA:8,12
DA:11,1
DA:13,1
DA:20,3
DA:21,2
DA:22,2
DA:26,1
LF:11
LH:11
BRDA:20,0,0,2
BRDA:20,0,1,1
BRDA:23,1,0,1
BRDA:23,1,1,1
BRF:4
BRH:4
end_of_record
TN:
SF:/Users/hantao/colive/backoffice_backend/src/application/middleware/validator/address.ts
FN:8,(anonymous_1)
FN:19,(anonymous_2)
FN:28,(anonymous_3)
FN:38,(anonymous_4)
FN:46,(anonymous_5)
FN:51,(anonymous_6)
FNF:6
FNH:6
FNDA:3,(anonymous_1)
FNDA:3,(anonymous_2)
FNDA:1,(anonymous_3)
FNDA:1,(anonymous_4)
FNDA:2,(anonymous_5)
FNDA:2,(anonymous_6)
DA:2,13
DA:3,13
DA:4,13
DA:7,13
DA:9,3
DA:10,3
DA:19,3
DA:27,13
DA:29,1
DA:30,1
DA:38,1
DA:45,13
DA:47,2
DA:48,2
DA:51,2
LF:15
LH:15
BRDA:20,0,0,2
BRDA:20,0,1,1
BRDA:39,1,0,0
BRDA:39,1,1,1
BRDA:52,2,0,1
BRDA:52,2,1,1
BRF:6
BRH:5
end_of_record
TN:
SF:/Users/hantao/colive/backoffice_backend/src/application/middleware/validator/admin.ts
FN:8,(anonymous_1)
FN:17,(anonymous_2)
FN:26,(anonymous_3)
FN:35,(anonymous_4)
FN:44,(anonymous_5)
FN:50,(anonymous_6)
FN:65,(anonymous_7)
FN:72,(anonymous_8)
FN:81,(anonymous_9)
FN:88,(anonymous_10)
FN:97,(anonymous_11)
FN:103,(anonymous_12)
FN:112,(anonymous_13)
FN:118,(anonymous_14)
FN:127,(anonymous_15)
FN:138,(anonymous_16)
FNF:16
FNH:8
FNDA:0,(anonymous_1)
FNDA:0,(anonymous_2)
FNDA:3,(anonymous_3)
FNDA:3,(anonymous_4)
FNDA:1,(anonymous_5)
FNDA:1,(anonymous_6)
FNDA:1,(anonymous_7)
FNDA:1,(anonymous_8)
FNDA:0,(anonymous_9)
FNDA:0,(anonymous_10)
FNDA:0,(anonymous_11)
FNDA:0,(anonymous_12)
FNDA:1,(anonymous_13)
FNDA:1,(anonymous_14)
FNDA:0,(anonymous_15)
FNDA:0,(anonymous_16)
DA:2,13
DA:3,13
DA:4,13
DA:7,13
DA:9,0
DA:10,0
DA:17,0
DA:25,13
DA:27,3
DA:28,3
DA:35,3
DA:43,13
DA:45,1
DA:46,1
DA:50,1
DA:58,13
DA:61,13
DA:64,13
DA:66,1
DA:67,1
DA:72,1
DA:80,13
DA:82,0
DA:83,0
DA:88,0
DA:96,13
DA:98,0
DA:99,0
DA:103,0
DA:111,13
DA:113,1
DA:114,1
DA:118,1
DA:126,13
DA:128,0
DA:129,0
DA:138,0
LF:37
LH:25
BRDA:18,0,0,0
BRDA:18,0,1,0
BRDA:36,1,0,1
BRDA:36,1,1,2
BRDA:51,2,0,1
BRDA:51,2,1,0
BRDA:73,3,0,1
BRDA:73,3,1,0
BRDA:89,4,0,0
BRDA:89,4,1,0
BRDA:104,5,0,0
BRDA:104,5,1,0
BRDA:119,6,0,1
BRDA:119,6,1,0
BRDA:139,7,0,0
BRDA:139,7,1,0
BRF:16
BRH:5
end_of_record
TN:
SF:/Users/hantao/colive/backoffice_backend/src/application/middleware/validator/admins.ts
FN:8,(anonymous_1)
FN:13,(anonymous_2)
FNF:2
FNH:0
FNDA:0,(anonymous_1)
FNDA:0,(anonymous_2)
DA:2,12
DA:3,12
DA:4,12
DA:7,12
DA:9,0
DA:10,0
DA:13,0
LF:7
LH:4
BRDA:14,0,0,0
BRDA:14,0,1,0
BRF:2
BRH:0
end_of_record
TN:
SF:/Users/hantao/colive/backoffice_backend/src/application/middleware/validator/apartment.ts
FN:8,(anonymous_1)
FN:15,(anonymous_2)
FN:24,(anonymous_3)
FN:35,(anonymous_4)
FN:44,(anonymous_5)
FN:50,(anonymous_6)
FNF:6
FNH:0
FNDA:0,(anonymous_1)
FNDA:0,(anonymous_2)
FNDA:0,(anonymous_3)
FNDA:0,(anonymous_4)
FNDA:0,(anonymous_5)
FNDA:0,(anonymous_6)
DA:2,12
DA:3,12
DA:4,12
DA:7,12
DA:9,0
DA:10,0
DA:15,0
DA:23,12
DA:25,0
DA:26,0
DA:35,0
DA:43,12
DA:45,0
DA:46,0
DA:50,0
LF:15
LH:6
BRDA:16,0,0,0
BRDA:16,0,1,0
BRDA:36,1,0,0
BRDA:36,1,1,0
BRDA:51,2,0,0
BRDA:51,2,1,0
BRF:6
BRH:0
end_of_record
TN:
SF:/Users/hantao/colive/backoffice_backend/src/application/middleware/validator/application.ts
FN:8,(anonymous_1)
FN:14,(anonymous_2)
FN:25,(anonymous_3)
FN:31,(anonymous_4)
FN:42,(anonymous_5)
FN:48,(anonymous_6)
FNF:6
FNH:2
FNDA:3,(anonymous_1)
FNDA:3,(anonymous_2)
FNDA:0,(anonymous_3)
FNDA:0,(anonymous_4)
FNDA:0,(anonymous_5)
FNDA:0,(anonymous_6)
DA:2,13
DA:3,13
DA:4,13
DA:7,13
DA:9,3
DA:10,3
DA:14,3
DA:24,13
DA:26,0
DA:27,0
DA:31,0
DA:41,13
DA:43,0
DA:44,0
DA:48,0
LF:15
LH:9
BRDA:15,0,0,2
BRDA:15,0,1,1
BRDA:32,1,0,0
BRDA:32,1,1,0
BRDA:49,2,0,0
BRDA:49,2,1,0
BRF:6
BRH:2
end_of_record
TN:
SF:/Users/hantao/colive/backoffice_backend/src/application/middleware/validator/contract.ts
FN:10,(anonymous_1)
FN:16,(anonymous_2)
FN:25,(anonymous_3)
FN:31,(anonymous_4)
FN:40,(anonymous_5)
FN:46,(anonymous_6)
FN:55,(anonymous_7)
FN:61,(anonymous_8)
FN:70,(anonymous_9)
FN:84,(anonymous_10)
FNF:10
FNH:0
FNDA:0,(anonymous_1)
FNDA:0,(anonymous_2)
FNDA:0,(anonymous_3)
FNDA:0,(anonymous_4)
FNDA:0,(anonymous_5)
FNDA:0,(anonymous_6)
FNDA:0,(anonymous_7)
FNDA:0,(anonymous_8)
FNDA:0,(anonymous_9)
FNDA:0,(anonymous_10)
DA:2,12
DA:3,12
DA:4,12
DA:6,12
DA:9,12
DA:11,0
DA:12,0
DA:16,0
DA:24,12
DA:26,0
DA:27,0
DA:31,0
DA:39,12
DA:41,0
DA:42,0
DA:46,0
DA:54,12
DA:56,0
DA:57,0
DA:61,0
DA:69,12
DA:71,0
DA:72,0
DA:84,0
LF:24
LH:9
BRDA:17,0,0,0
BRDA:17,0,1,0
BRDA:32,1,0,0
BRDA:32,1,1,0
BRDA:47,2,0,0
BRDA:47,2,1,0
BRDA:62,3,0,0
BRDA:62,3,1,0
BRDA:85,4,0,0
BRDA:85,4,1,0
BRF:10
BRH:0
end_of_record
TN:
SF:/Users/hantao/colive/backoffice_backend/src/application/middleware/validator/contractTemplates.ts
FN:8,(anonymous_1)
FN:14,(anonymous_2)
FN:23,(anonymous_3)
FN:29,(anonymous_4)
FN:38,(anonymous_5)
FN:44,(anonymous_6)
FNF:6
FNH:0
FNDA:0,(anonymous_1)
FNDA:0,(anonymous_2)
FNDA:0,(anonymous_3)
FNDA:0,(anonymous_4)
FNDA:0,(anonymous_5)
FNDA:0,(anonymous_6)
DA:2,12
DA:3,12
DA:4,12
DA:7,12
DA:9,0
DA:10,0
DA:14,0
DA:22,12
DA:24,0
DA:25,0
DA:29,0
DA:37,12
DA:39,0
DA:40,0
DA:44,0
LF:15
LH:6
BRDA:15,0,0,0
BRDA:15,0,1,0
BRDA:30,1,0,0
BRDA:30,1,1,0
BRDA:45,2,0,0
BRDA:45,2,1,0
BRF:6
BRH:0
end_of_record
TN:
SF:/Users/hantao/colive/backoffice_backend/src/application/middleware/validator/emergencyContact.ts
FN:8,(anonymous_1)
FN:17,(anonymous_2)
FN:26,(anonymous_3)
FN:35,(anonymous_4)
FNF:4
FNH:4
FNDA:3,(anonymous_1)
FNDA:3,(anonymous_2)
FNDA:2,(anonymous_3)
FNDA:2,(anonymous_4)
DA:2,13
DA:3,13
DA:4,13
DA:7,13
DA:9,3
DA:10,3
DA:17,3
DA:25,13
DA:27,2
DA:28,2
DA:35,2
LF:11
LH:11
BRDA:18,0,0,2
BRDA:18,0,1,1
BRDA:36,1,0,1
BRDA:36,1,1,1
BRF:4
BRH:4
end_of_record
TN:
SF:/Users/hantao/colive/backoffice_backend/src/application/middleware/validator/incidentReport.ts
FN:8,(anonymous_1)
FN:27,(anonymous_2)
FN:36,(anonymous_3)
FN:48,(anonymous_4)
FN:57,(anonymous_5)
FN:76,(anonymous_6)
FN:84,(anonymous_7)
FN:90,(anonymous_8)
FN:105,(anonymous_9)
FN:113,(anonymous_10)
FN:122,(anonymous_11)
FN:131,(anonymous_12)
FN:140,(anonymous_13)
FN:146,(anonymous_14)
FN:155,(anonymous_15)
FN:162,(anonymous_16)
FNF:16
FNH:0
FNDA:0,(anonymous_1)
FNDA:0,(anonymous_2)
FNDA:0,(anonymous_3)
FNDA:0,(anonymous_4)
FNDA:0,(anonymous_5)
FNDA:0,(anonymous_6)
FNDA:0,(anonymous_7)
FNDA:0,(anonymous_8)
FNDA:0,(anonymous_9)
FNDA:0,(anonymous_10)
FNDA:0,(anonymous_11)
FNDA:0,(anonymous_12)
FNDA:0,(anonymous_13)
FNDA:0,(anonymous_14)
FNDA:0,(anonymous_15)
FNDA:0,(anonymous_16)
DA:2,12
DA:3,12
DA:4,12
DA:7,12
DA:9,0
DA:10,0
DA:27,0
DA:35,12
DA:37,0
DA:38,0
DA:48,0
DA:56,12
DA:58,0
DA:59,0
DA:76,0
DA:83,12
DA:85,0
DA:86,0
DA:90,0
DA:98,12
DA:101,12
DA:104,12
DA:106,0
DA:107,0
DA:113,0
DA:121,12
DA:123,0
DA:124,0
DA:131,0
DA:139,12
DA:141,0
DA:142,0
DA:146,0
DA:154,12
DA:156,0
DA:157,0
DA:162,0
LF:37
LH:13
BRDA:28,0,0,0
BRDA:28,0,1,0
BRDA:49,1,0,0
BRDA:49,1,1,0
BRDA:77,2,0,0
BRDA:77,2,1,0
BRDA:91,3,0,0
BRDA:91,3,1,0
BRDA:114,4,0,0
BRDA:114,4,1,0
BRDA:132,5,0,0
BRDA:132,5,1,0
BRDA:147,6,0,0
BRDA:147,6,1,0
BRDA:163,7,0,0
BRDA:163,7,1,0
BRF:16
BRH:0
end_of_record
TN:
SF:/Users/hantao/colive/backoffice_backend/src/application/middleware/validator/job.ts
FN:7,(anonymous_1)
FNF:1
FNH:0
FNDA:0,(anonymous_1)
DA:2,12
DA:3,12
DA:6,12
DA:8,0
DA:9,0
DA:11,0
DA:12,0
DA:14,0
LF:8
LH:3
BRDA:11,0,0,0
BRDA:11,0,1,0
BRF:2
BRH:0
end_of_record
TN:
SF:/Users/hantao/colive/backoffice_backend/src/application/middleware/validator/label.ts
FN:8,(anonymous_1)
FN:15,(anonymous_2)
FN:24,(anonymous_3)
FN:30,(anonymous_4)
FNF:4
FNH:0
FNDA:0,(anonymous_1)
FNDA:0,(anonymous_2)
FNDA:0,(anonymous_3)
FNDA:0,(anonymous_4)
DA:2,12
DA:3,12
DA:4,12
DA:7,12
DA:9,0
DA:10,0
DA:15,0
DA:23,12
DA:25,0
DA:26,0
DA:30,0
LF:11
LH:5
BRDA:16,0,0,0
BRDA:16,0,1,0
BRDA:31,1,0,0
BRDA:31,1,1,0
BRF:4
BRH:0
end_of_record
TN:
SF:/Users/hantao/colive/backoffice_backend/src/application/middleware/validator/member.ts
FN:8,(anonymous_1)
FN:47,(anonymous_2)
FN:56,(anonymous_3)
FN:62,(anonymous_4)
FN:86,(anonymous_5)
FN:94,(anonymous_6)
FN:103,(anonymous_7)
FN:115,(anonymous_8)
FNF:8
FNH:2
FNDA:6,(anonymous_1)
FNDA:6,(anonymous_2)
FNDA:0,(anonymous_3)
FNDA:0,(anonymous_4)
FNDA:0,(anonymous_5)
FNDA:0,(anonymous_6)
FNDA:0,(anonymous_7)
FNDA:0,(anonymous_8)
DA:2,13
DA:3,13
DA:4,13
DA:7,13
DA:9,6
DA:10,6
DA:47,6
DA:55,13
DA:57,0
DA:58,0
DA:62,0
DA:70,13
DA:73,13
DA:76,13
DA:79,13
DA:82,13
DA:85,13
DA:87,0
DA:88,0
DA:94,0
DA:102,13
DA:104,0
DA:105,0
DA:115,0
LF:24
LH:15
BRDA:48,0,0,5
BRDA:48,0,1,1
BRDA:63,1,0,0
BRDA:63,1,1,0
BRDA:95,2,0,0
BRDA:95,2,1,0
BRDA:116,3,0,0
BRDA:116,3,1,0
BRF:8
BRH:2
end_of_record
TN:
SF:/Users/hantao/colive/backoffice_backend/src/application/middleware/validator/memberTags.ts
FN:8,(anonymous_1)
FN:14,(anonymous_2)
FN:23,(anonymous_3)
FN:29,(anonymous_4)
FNF:4
FNH:0
FNDA:0,(anonymous_1)
FNDA:0,(anonymous_2)
FNDA:0,(anonymous_3)
FNDA:0,(anonymous_4)
DA:2,12
DA:3,12
DA:4,12
DA:7,12
DA:9,0
DA:10,0
DA:14,0
DA:22,12
DA:24,0
DA:25,0
DA:29,0
LF:11
LH:5
BRDA:15,0,0,0
BRDA:15,0,1,0
BRDA:30,1,0,0
BRDA:30,1,1,0
BRF:4
BRH:0
end_of_record
TN:
SF:/Users/hantao/colive/backoffice_backend/src/application/middleware/validator/members.ts
FN:8,(anonymous_1)
FN:23,(anonymous_2)
FN:32,(anonymous_3)
FN:47,(anonymous_4)
FN:56,(anonymous_5)
FN:74,(anonymous_6)
FNF:6
FNH:0
FNDA:0,(anonymous_1)
FNDA:0,(anonymous_2)
FNDA:0,(anonymous_3)
FNDA:0,(anonymous_4)
FNDA:0,(anonymous_5)
FNDA:0,(anonymous_6)
DA:2,12
DA:3,12
DA:4,12
DA:7,12
DA:9,0
DA:10,0
DA:23,0
DA:31,12
DA:33,0
DA:34,0
DA:47,0
DA:55,12
DA:57,0
DA:58,0
DA:74,0
LF:15
LH:6
BRDA:24,0,0,0
BRDA:24,0,1,0
BRDA:48,1,0,0
BRDA:48,1,1,0
BRDA:75,2,0,0
BRDA:75,2,1,0
BRF:6
BRH:0
end_of_record
TN:
SF:/Users/hantao/colive/backoffice_backend/src/application/middleware/validator/offer.ts
FN:10,(anonymous_4)
FN:16,(anonymous_5)
FN:25,(anonymous_6)
FN:42,(anonymous_7)
FN:51,(anonymous_8)
FN:65,(anonymous_9)
FN:74,(anonymous_10)
FN:81,(anonymous_11)
FN:90,(anonymous_12)
FN:96,(anonymous_13)
FN:105,(anonymous_14)
FN:110,(anonymous_15)
FN:121,(anonymous_16)
FN:123,(anonymous_17)
FN:124,(anonymous_18)
FN:124,(anonymous_19)
FNF:16
FNH:0
FNDA:0,(anonymous_4)
FNDA:0,(anonymous_5)
FNDA:0,(anonymous_6)
FNDA:0,(anonymous_7)
FNDA:0,(anonymous_8)
FNDA:0,(anonymous_9)
FNDA:0,(anonymous_10)
FNDA:0,(anonymous_11)
FNDA:0,(anonymous_12)
FNDA:0,(anonymous_13)
FNDA:0,(anonymous_14)
FNDA:0,(anonymous_15)
FNDA:0,(anonymous_16)
FNDA:0,(anonymous_17)
FNDA:0,(anonymous_18)
FNDA:0,(anonymous_19)
DA:2,12
DA:3,12
DA:4,12
DA:6,12
DA:9,12
DA:11,0
DA:12,0
DA:16,0
DA:24,12
DA:26,0
DA:27,0
DA:42,0
DA:50,12
DA:52,0
DA:53,0
DA:65,0
DA:73,12
DA:75,0
DA:76,0
DA:81,0
DA:89,12
DA:91,0
DA:92,0
DA:96,0
DA:104,12
DA:106,0
DA:108,0
DA:111,0
DA:112,0
DA:120,0
DA:121,0
DA:123,0
DA:124,0
LF:33
LH:10
BRDA:17,0,0,0
BRDA:17,0,1,0
BRDA:43,1,0,0
BRDA:43,1,1,0
BRDA:66,2,0,0
BRDA:66,2,1,0
BRDA:82,3,0,0
BRDA:82,3,1,0
BRDA:97,4,0,0
BRDA:97,4,1,0
BRDA:121,5,0,0
BRDA:121,5,1,0
BRDA:123,6,0,0
BRDA:123,6,1,0
BRDA:124,7,0,0
BRDA:124,7,1,0
BRF:16
BRH:0
end_of_record
TN:
SF:/Users/hantao/colive/backoffice_backend/src/application/middleware/validator/oneflow.ts
FN:9,(anonymous_1)
FNF:1
FNH:0
FNDA:0,(anonymous_1)
DA:2,12
DA:3,12
DA:4,12
DA:5,12
DA:8,12
DA:10,0
DA:11,0
DA:12,0
DA:13,0
DA:15,0
LF:10
LH:5
BRDA:12,0,0,0
BRDA:12,0,1,0
BRF:2
BRH:0
end_of_record
TN:
SF:/Users/hantao/colive/backoffice_backend/src/application/middleware/validator/payment.ts
FN:8,(anonymous_1)
FN:21,(anonymous_2)
FN:34,(anonymous_3)
FN:52,(anonymous_4)
FN:61,(anonymous_5)
FN:78,(anonymous_6)
FN:84,(anonymous_7)
FNF:7
FNH:0
FNDA:0,(anonymous_1)
FNDA:0,(anonymous_2)
FNDA:0,(anonymous_3)
FNDA:0,(anonymous_4)
FNDA:0,(anonymous_5)
FNDA:0,(anonymous_6)
FNDA:0,(anonymous_7)
DA:2,12
DA:3,12
DA:4,12
DA:7,12
DA:9,0
DA:10,0
DA:21,0
DA:33,12
DA:35,0
DA:36,0
DA:52,0
DA:60,12
DA:62,0
DA:63,0
DA:65,0
DA:66,0
DA:68,0
DA:77,12
DA:79,0
DA:80,0
DA:84,0
LF:21
LH:7
BRDA:22,0,0,0
BRDA:22,0,1,0
BRDA:53,1,0,0
BRDA:53,1,1,0
BRDA:65,2,0,0
BRDA:65,2,1,0
BRDA:65,3,0,0
BRDA:65,3,1,0
BRDA:65,3,2,0
BRDA:65,3,3,0
BRDA:85,4,0,0
BRDA:85,4,1,0
BRF:12
BRH:0
end_of_record
TN:
SF:/Users/hantao/colive/backoffice_backend/src/application/middleware/validator/project.ts
FN:12,(anonymous_5)
FN:63,(anonymous_6)
FN:72,(anonymous_7)
FN:78,(anonymous_8)
FN:133,(anonymous_9)
FN:134,(anonymous_10)
FN:134,(anonymous_11)
FN:135,(anonymous_12)
FN:136,(anonymous_13)
FN:136,(anonymous_14)
FN:142,(anonymous_15)
FN:152,(anonymous_16)
FN:158,(anonymous_17)
FN:167,(anonymous_18)
FN:173,(anonymous_19)
FN:182,(anonymous_20)
FN:189,(anonymous_21)
FN:198,(anonymous_22)
FN:209,(anonymous_23)
FN:218,(anonymous_24)
FN:224,(anonymous_25)
FNF:21
FNH:0
FNDA:0,(anonymous_5)
FNDA:0,(anonymous_6)
FNDA:0,(anonymous_7)
FNDA:0,(anonymous_8)
FNDA:0,(anonymous_9)
FNDA:0,(anonymous_10)
FNDA:0,(anonymous_11)
FNDA:0,(anonymous_12)
FNDA:0,(anonymous_13)
FNDA:0,(anonymous_14)
FNDA:0,(anonymous_15)
FNDA:0,(anonymous_16)
FNDA:0,(anonymous_17)
FNDA:0,(anonymous_18)
FNDA:0,(anonymous_19)
FNDA:0,(anonymous_20)
FNDA:0,(anonymous_21)
FNDA:0,(anonymous_22)
FNDA:0,(anonymous_23)
FNDA:0,(anonymous_24)
FNDA:0,(anonymous_25)
DA:2,12
DA:3,12
DA:4,12
DA:7,12
DA:8,12
DA:11,12
DA:13,0
DA:15,0
DA:24,0
DA:63,0
DA:71,12
DA:73,0
DA:75,0
DA:79,0
DA:80,0
DA:88,0
DA:131,0
DA:132,0
DA:133,0
DA:134,0
DA:135,0
DA:136,0
DA:142,0
DA:151,12
DA:153,0
DA:154,0
DA:158,0
DA:166,12
DA:168,0
DA:169,0
DA:173,0
DA:181,12
DA:183,0
DA:184,0
DA:189,0
DA:197,12
DA:199,0
DA:200,0
DA:209,0
DA:217,12
DA:219,0
DA:220,0
DA:224,0
LF:43
LH:12
BRDA:64,0,0,0
BRDA:64,0,1,0
BRDA:131,1,0,0
BRDA:131,1,1,0
BRDA:131,2,0,0
BRDA:131,2,1,0
BRDA:133,3,0,0
BRDA:133,3,1,0
BRDA:133,4,0,0
BRDA:133,4,1,0
BRDA:135,5,0,0
BRDA:135,5,1,0
BRDA:137,6,0,0
BRDA:137,6,1,0
BRDA:143,7,0,0
BRDA:143,7,1,0
BRDA:159,8,0,0
BRDA:159,8,1,0
BRDA:174,9,0,0
BRDA:174,9,1,0
BRDA:190,10,0,0
BRDA:190,10,1,0
BRDA:210,11,0,0
BRDA:210,11,1,0
BRDA:225,12,0,0
BRDA:225,12,1,0
BRF:26
BRH:0
end_of_record
TN:
SF:/Users/hantao/colive/backoffice_backend/src/application/middleware/validator/projectFacade.ts
FN:8,(anonymous_1)
FN:16,(anonymous_2)
FN:25,(anonymous_3)
FN:52,(anonymous_4)
FN:61,(anonymous_5)
FN:68,(anonymous_6)
FN:77,(anonymous_7)
FN:83,(anonymous_8)
FNF:8
FNH:4
FNDA:2,(anonymous_1)
FNDA:2,(anonymous_2)
FNDA:2,(anonymous_3)
FNDA:2,(anonymous_4)
FNDA:0,(anonymous_5)
FNDA:0,(anonymous_6)
FNDA:0,(anonymous_7)
FNDA:0,(anonymous_8)
DA:2,13
DA:3,13
DA:4,13
DA:7,13
DA:9,2
DA:10,2
DA:16,2
DA:24,13
DA:26,2
DA:27,2
DA:52,2
DA:60,13
DA:62,0
DA:63,0
DA:68,0
DA:76,13
DA:78,0
DA:79,0
DA:83,0
LF:19
LH:13
BRDA:17,0,0,1
BRDA:17,0,1,1
BRDA:53,1,0,1
BRDA:53,1,1,1
BRDA:69,2,0,0
BRDA:69,2,1,0
BRDA:84,3,0,0
BRDA:84,3,1,0
BRF:8
BRH:4
end_of_record
TN:
SF:/Users/hantao/colive/backoffice_backend/src/application/middleware/validator/projectGallery.ts
FN:8,(anonymous_1)
FN:16,(anonymous_2)
FN:25,(anonymous_3)
FN:32,(anonymous_4)
FNF:4
FNH:0
FNDA:0,(anonymous_1)
FNDA:0,(anonymous_2)
FNDA:0,(anonymous_3)
FNDA:0,(anonymous_4)
DA:2,12
DA:3,12
DA:4,12
DA:7,12
DA:9,0
DA:10,0
DA:16,0
DA:24,12
DA:26,0
DA:27,0
DA:32,0
LF:11
LH:5
BRDA:17,0,0,0
BRDA:17,0,1,0
BRDA:33,1,0,0
BRDA:33,1,1,0
BRF:4
BRH:0
end_of_record
TN:
SF:/Users/hantao/colive/backoffice_backend/src/application/middleware/validator/projects.ts
FN:8,(anonymous_1)
FN:14,(anonymous_2)
FNF:2
FNH:0
FNDA:0,(anonymous_1)
FNDA:0,(anonymous_2)
DA:2,12
DA:3,12
DA:4,12
DA:7,12
DA:9,0
DA:10,0
DA:14,0
LF:7
LH:4
BRDA:15,0,0,0
BRDA:15,0,1,0
BRF:2
BRH:0
end_of_record
TN:
SF:/Users/hantao/colive/backoffice_backend/src/application/middleware/validator/room.ts
FN:9,(anonymous_1)
FN:32,(anonymous_2)
FN:41,(anonymous_3)
FN:47,(anonymous_4)
FN:56,(anonymous_5)
FN:74,(anonymous_6)
FN:83,(anonymous_7)
FN:89,(anonymous_8)
FN:98,(anonymous_9)
FN:126,(anonymous_10)
FNF:10
FNH:2
FNDA:0,(anonymous_1)
FNDA:0,(anonymous_2)
FNDA:0,(anonymous_3)
FNDA:0,(anonymous_4)
FNDA:7,(anonymous_5)
FNDA:7,(anonymous_6)
FNDA:0,(anonymous_7)
FNDA:0,(anonymous_8)
FNDA:0,(anonymous_9)
FNDA:0,(anonymous_10)
DA:2,13
DA:3,13
DA:4,13
DA:5,13
DA:8,13
DA:10,0
DA:11,0
DA:32,0
DA:40,13
DA:42,0
DA:43,0
DA:47,0
DA:55,13
DA:57,7
DA:58,7
DA:74,7
DA:82,13
DA:84,0
DA:85,0
DA:89,0
DA:97,13
DA:99,0
DA:100,0
DA:126,0
LF:24
LH:12
BRDA:33,0,0,0
BRDA:33,0,1,0
BRDA:48,1,0,0
BRDA:48,1,1,0
BRDA:75,2,0,5
BRDA:75,2,1,2
BRDA:90,3,0,0
BRDA:90,3,1,0
BRDA:127,4,0,0
BRDA:127,4,1,0
BRF:10
BRH:2
end_of_record
TN:
SF:/Users/hantao/colive/backoffice_backend/src/application/middleware/validator/rooms.ts
FN:8,(anonymous_1)
FN:14,(anonymous_2)
FNF:2
FNH:0
FNDA:0,(anonymous_1)
FNDA:0,(anonymous_2)
DA:2,12
DA:3,12
DA:4,12
DA:7,12
DA:9,0
DA:10,0
DA:14,0
LF:7
LH:4
BRDA:15,0,0,0
BRDA:15,0,1,0
BRF:2
BRH:0
end_of_record
TN:
SF:/Users/hantao/colive/backoffice_backend/src/application/middleware/validator/statistics.ts
FN:8,(anonymous_1)
FN:17,(anonymous_2)
FN:26,(anonymous_3)
FN:35,(anonymous_4)
FN:44,(anonymous_5)
FN:53,(anonymous_6)
FN:62,(anonymous_7)
FN:72,(anonymous_8)
FNF:8
FNH:0
FNDA:0,(anonymous_1)
FNDA:0,(anonymous_2)
FNDA:0,(anonymous_3)
FNDA:0,(anonymous_4)
FNDA:0,(anonymous_5)
FNDA:0,(anonymous_6)
FNDA:0,(anonymous_7)
FNDA:0,(anonymous_8)
DA:2,12
DA:3,12
DA:4,12
DA:7,12
DA:9,0
DA:10,0
DA:17,0
DA:25,12
DA:27,0
DA:28,0
DA:35,0
DA:43,12
DA:45,0
DA:46,0
DA:53,0
DA:61,12
DA:63,0
DA:64,0
DA:72,0
LF:19
LH:7
BRDA:18,0,0,0
BRDA:18,0,1,0
BRDA:36,1,0,0
BRDA:36,1,1,0
BRDA:54,2,0,0
BRDA:54,2,1,0
BRDA:73,3,0,0
BRDA:73,3,1,0
BRF:8
BRH:0
end_of_record
TN:
SF:/Users/hantao/colive/backoffice_backend/src/application/middleware/validator/tenant.ts
FN:8,(anonymous_1)
FN:23,(anonymous_2)
FN:32,(anonymous_3)
FN:39,(anonymous_4)
FN:48,(anonymous_5)
FN:54,(anonymous_6)
FNF:6
FNH:2
FNDA:1,(anonymous_1)
FNDA:1,(anonymous_2)
FNDA:0,(anonymous_3)
FNDA:0,(anonymous_4)
FNDA:0,(anonymous_5)
FNDA:0,(anonymous_6)
DA:2,13
DA:3,13
DA:4,13
DA:7,13
DA:9,1
DA:10,1
DA:23,1
DA:31,13
DA:33,0
DA:34,0
DA:39,0
DA:47,13
DA:49,0
DA:50,0
DA:54,0
LF:15
LH:9
BRDA:24,0,0,1
BRDA:24,0,1,0
BRDA:40,1,0,0
BRDA:40,1,1,0
BRDA:55,2,0,0
BRDA:55,2,1,0
BRF:6
BRH:1
end_of_record
TN:
SF:/Users/hantao/colive/backoffice_backend/src/application/middleware/validator/typeform.ts
FN:9,(anonymous_1)
FN:21,(anonymous_2)
FNF:2
FNH:2
FNDA:2,(anonymous_1)
FNDA:2,(anonymous_2)
DA:2,13
DA:3,13
DA:4,13
DA:5,13
DA:8,13
DA:10,2
DA:15,2
DA:16,2
DA:17,2
DA:19,2
DA:21,2
LF:11
LH:11
BRDA:15,0,0,2
BRDA:15,0,1,1
BRDA:16,1,0,2
BRDA:16,1,1,1
BRDA:22,2,0,0
BRDA:22,2,1,2
BRF:6
BRH:5
end_of_record
TN:
SF:/Users/hantao/colive/backoffice_backend/src/application/middleware/validator/user.ts
FN:8,(anonymous_1)
FN:28,(anonymous_2)
FN:37,(anonymous_3)
FN:45,(anonymous_4)
FN:54,(anonymous_5)
FN:64,(anonymous_6)
FN:73,(anonymous_7)
FN:87,(anonymous_8)
FN:96,(anonymous_9)
FN:103,(anonymous_10)
FN:112,(anonymous_11)
FN:118,(anonymous_12)
FN:127,(anonymous_13)
FN:133,(anonymous_14)
FN:142,(anonymous_15)
FN:149,(anonymous_16)
FN:158,(anonymous_17)
FN:165,(anonymous_18)
FN:174,(anonymous_19)
FN:181,(anonymous_20)
FNF:20
FNH:0
FNDA:0,(anonymous_1)
FNDA:0,(anonymous_2)
FNDA:0,(anonymous_3)
FNDA:0,(anonymous_4)
FNDA:0,(anonymous_5)
FNDA:0,(anonymous_6)
FNDA:0,(anonymous_7)
FNDA:0,(anonymous_8)
FNDA:0,(anonymous_9)
FNDA:0,(anonymous_10)
FNDA:0,(anonymous_11)
FNDA:0,(anonymous_12)
FNDA:0,(anonymous_13)
FNDA:0,(anonymous_14)
FNDA:0,(anonymous_15)
FNDA:0,(anonymous_16)
FNDA:0,(anonymous_17)
FNDA:0,(anonymous_18)
FNDA:0,(anonymous_19)
FNDA:0,(anonymous_20)
DA:2,12
DA:3,12
DA:4,12
DA:7,12
DA:9,0
DA:10,0
DA:28,0
DA:36,12
DA:38,0
DA:39,0
DA:45,0
DA:53,12
DA:55,0
DA:56,0
DA:64,0
DA:72,12
DA:74,0
DA:75,0
DA:87,0
DA:95,12
DA:97,0
DA:98,0
DA:103,0
DA:111,12
DA:113,0
DA:114,0
DA:118,0
DA:126,12
DA:128,0
DA:129,0
DA:133,0
DA:141,12
DA:143,0
DA:144,0
DA:149,0
DA:157,12
DA:159,0
DA:160,0
DA:165,0
DA:173,12
DA:175,0
DA:176,0
DA:181,0
LF:43
LH:13
BRDA:29,0,0,0
BRDA:29,0,1,0
BRDA:46,1,0,0
BRDA:46,1,1,0
BRDA:65,2,0,0
BRDA:65,2,1,0
BRDA:88,3,0,0
BRDA:88,3,1,0
BRDA:104,4,0,0
BRDA:104,4,1,0
BRDA:119,5,0,0
BRDA:119,5,1,0
BRDA:134,6,0,0
BRDA:134,6,1,0
BRDA:150,7,0,0
BRDA:150,7,1,0
BRDA:166,8,0,0
BRDA:166,8,1,0
BRDA:182,9,0,0
BRDA:182,9,1,0
BRF:20
BRH:0
end_of_record
TN:
SF:/Users/hantao/colive/backoffice_backend/src/application/middleware/validator/userPreferences.ts
FN:8,(anonymous_1)
FN:28,(anonymous_2)
FNF:2
FNH:0
FNDA:0,(anonymous_1)
FNDA:0,(anonymous_2)
DA:2,12
DA:3,12
DA:4,12
DA:7,12
DA:9,0
DA:10,0
DA:28,0
LF:7
LH:4
BRDA:29,0,0,0
BRDA:29,0,1,0
BRF:2
BRH:0
end_of_record
TN:
SF:/Users/hantao/colive/backoffice_backend/src/application/middleware/validator/userPreferredRoommates.ts
FN:9,(anonymous_1)
FN:17,(anonymous_2)
FN:26,(anonymous_3)
FN:35,(anonymous_4)
FN:38,(anonymous_5)
FN:46,(anonymous_6)
FN:52,(anonymous_7)
FN:61,(anonymous_8)
FN:70,(anonymous_9)
FN:73,(anonymous_10)
FNF:10
FNH:6
FNDA:2,(anonymous_1)
FNDA:2,(anonymous_2)
FNDA:1,(anonymous_3)
FNDA:1,(anonymous_4)
FNDA:0,(anonymous_5)
FNDA:3,(anonymous_6)
FNDA:3,(anonymous_7)
FNDA:0,(anonymous_8)
FNDA:0,(anonymous_9)
FNDA:0,(anonymous_10)
DA:2,13
DA:3,13
DA:4,13
DA:5,13
DA:8,13
DA:10,2
DA:11,2
DA:17,2
DA:25,13
DA:27,1
DA:28,1
DA:35,1
DA:38,0
DA:45,13
DA:47,3
DA:48,3
DA:52,3
DA:60,13
DA:62,0
DA:63,0
DA:70,0
DA:73,0
LF:22
LH:17
BRDA:18,0,0,1
BRDA:18,0,1,1
BRDA:36,1,0,1
BRDA:36,1,1,0
BRDA:53,2,0,2
BRDA:53,2,1,1
BRDA:71,3,0,0
BRDA:71,3,1,0
BRF:8
BRH:5
end_of_record
TN:
SF:/Users/hantao/colive/backoffice_backend/src/application/middleware/validator/userProfiles.ts
FN:8,(anonymous_1)
FN:28,(anonymous_2)
FNF:2
FNH:0
FNDA:0,(anonymous_1)
FNDA:0,(anonymous_2)
DA:2,12
DA:3,12
DA:4,12
DA:7,12
DA:9,0
DA:10,0
DA:28,0
LF:7
LH:4
BRDA:29,0,0,0
BRDA:29,0,1,0
BRF:2
BRH:0
end_of_record
TN:
SF:/Users/hantao/colive/backoffice_backend/src/application/services/address.service.ts
FN:8,(anonymous_4)
FN:12,(anonymous_5)
FN:14,(anonymous_6)
FN:16,(anonymous_7)
FN:18,(anonymous_8)
FNF:5
FNH:0
FNDA:0,(anonymous_4)
FNDA:0,(anonymous_5)
FNDA:0,(anonymous_6)
FNDA:0,(anonymous_7)
FNDA:0,(anonymous_8)
DA:1,12
DA:2,12
DA:7,12
DA:9,0
DA:12,0
DA:14,0
DA:16,0
DA:18,0
LF:8
LH:3
BRF:0
BRH:0
end_of_record
TN:
SF:/Users/hantao/colive/backoffice_backend/src/application/services/admin.service.ts
FN:14,(anonymous_4)
FN:18,(anonymous_5)
FN:20,(anonymous_6)
FN:22,(anonymous_7)
FN:23,(anonymous_8)
FN:26,(anonymous_9)
FN:28,(anonymous_10)
FN:29,(anonymous_11)
FN:32,(anonymous_12)
FN:34,(anonymous_13)
FN:39,(anonymous_14)
FN:42,(anonymous_15)
FN:44,(anonymous_16)
FN:46,(anonymous_17)
FN:49,(anonymous_18)
FN:50,(anonymous_19)
FN:52,(anonymous_20)
FN:54,(anonymous_21)
FN:55,(anonymous_22)
FN:56,(anonymous_23)
FN:58,(anonymous_24)
FN:60,(anonymous_25)
FN:61,(anonymous_26)
FN:62,(anonymous_27)
FN:64,(anonymous_28)
FN:66,(anonymous_29)
FN:67,(anonymous_30)
FN:72,(anonymous_31)
FN:74,(anonymous_32)
FNF:29
FNH:0
FNDA:0,(anonymous_4)
FNDA:0,(anonymous_5)
FNDA:0,(anonymous_6)
FNDA:0,(anonymous_7)
FNDA:0,(anonymous_8)
FNDA:0,(anonymous_9)
FNDA:0,(anonymous_10)
FNDA:0,(anonymous_11)
FNDA:0,(anonymous_12)
FNDA:0,(anonymous_13)
FNDA:0,(anonymous_14)
FNDA:0,(anonymous_15)
FNDA:0,(anonymous_16)
FNDA:0,(anonymous_17)
FNDA:0,(anonymous_18)
FNDA:0,(anonymous_19)
FNDA:0,(anonymous_20)
FNDA:0,(anonymous_21)
FNDA:0,(anonymous_22)
FNDA:0,(anonymous_23)
FNDA:0,(anonymous_24)
FNDA:0,(anonymous_25)
FNDA:0,(anonymous_26)
FNDA:0,(anonymous_27)
FNDA:0,(anonymous_28)
FNDA:0,(anonymous_29)
FNDA:0,(anonymous_30)
FNDA:0,(anonymous_31)
FNDA:0,(anonymous_32)
DA:1,12
DA:2,12
DA:6,12
DA:7,12
DA:8,12
DA:9,12
DA:10,12
DA:13,12
DA:15,0
DA:18,0
DA:20,0
DA:22,0
DA:23,0
DA:26,0
DA:27,0
DA:28,0
DA:29,0
DA:33,0
DA:34,0
DA:39,0
DA:40,0
DA:42,0
DA:43,0
DA:44,0
DA:46,0
DA:47,0
DA:49,0
DA:50,0
DA:52,0
DA:53,0
DA:54,0
DA:55,0
DA:56,0
DA:58,0
DA:59,0
DA:60,0
DA:61,0
DA:62,0
DA:64,0
DA:65,0
DA:66,0
DA:68,0
DA:72,0
DA:74,0
LF:44
LH:8
BRDA:23,0,0,0
BRDA:23,0,1,0
BRDA:28,1,0,0
BRDA:28,1,1,0
BRDA:30,2,0,0
BRDA:30,2,1,0
BRDA:34,3,0,0
BRDA:34,3,1,0
BRDA:44,4,0,0
BRDA:44,4,1,0
BRDA:54,5,0,0
BRDA:54,5,1,0
BRDA:60,6,0,0
BRDA:60,6,1,0
BRDA:69,7,0,0
BRDA:69,7,1,0
BRF:16
BRH:0
end_of_record
TN:
SF:/Users/hantao/colive/backoffice_backend/src/application/services/apartment.service.ts
FN:8,(anonymous_4)
FN:12,(anonymous_5)
FN:14,(anonymous_6)
FN:16,(anonymous_7)
FN:18,(anonymous_8)
FNF:5
FNH:0
FNDA:0,(anonymous_4)
FNDA:0,(anonymous_5)
FNDA:0,(anonymous_6)
FNDA:0,(anonymous_7)
FNDA:0,(anonymous_8)
DA:1,12
DA:2,12
DA:7,12
DA:9,0
DA:12,0
DA:14,0
DA:16,0
DA:18,0
LF:8
LH:3
BRF:0
BRH:0
end_of_record
TN:
SF:/Users/hantao/colive/backoffice_backend/src/application/services/application.service.ts
FN:11,(anonymous_4)
FN:20,(anonymous_5)
FN:22,(anonymous_6)
FN:25,(anonymous_7)
FN:26,(anonymous_8)
FN:27,(anonymous_9)
FN:28,(anonymous_10)
FN:30,(anonymous_11)
FN:33,(anonymous_12)
FN:35,(anonymous_13)
FN:37,(anonymous_14)
FN:41,(anonymous_15)
FN:45,(anonymous_16)
FN:47,(anonymous_17)
FN:48,(anonymous_18)
FN:50,(anonymous_19)
FNF:16
FNH:8
FNDA:2,(anonymous_4)
FNDA:1,(anonymous_5)
FNDA:1,(anonymous_6)
FNDA:1,(anonymous_7)
FNDA:1,(anonymous_8)
FNDA:1,(anonymous_9)
FNDA:1,(anonymous_10)
FNDA:1,(anonymous_11)
FNDA:0,(anonymous_12)
FNDA:0,(anonymous_13)
FNDA:0,(anonymous_14)
FNDA:0,(anonymous_15)
FNDA:0,(anonymous_16)
FNDA:0,(anonymous_17)
FNDA:0,(anonymous_18)
FNDA:0,(anonymous_19)
DA:1,12
DA:2,12
DA:5,12
DA:6,12
DA:7,12
DA:10,12
DA:13,2
DA:15,2
DA:17,2
DA:20,2
DA:21,1
DA:22,1
DA:25,1
DA:26,1
DA:27,1
DA:28,1
DA:30,1
DA:33,2
DA:35,2
DA:36,0
DA:38,0
DA:39,0
DA:40,0
DA:41,0
DA:42,0
DA:45,2
DA:46,0
DA:47,0
DA:48,0
DA:50,0
LF:30
LH:20
BRDA:23,0,0,0
BRDA:23,0,1,1
BRDA:25,1,0,0
BRDA:25,1,1,1
BRF:4
BRH:2
end_of_record
TN:
SF:/Users/hantao/colive/backoffice_backend/src/application/services/client.service.ts
FN:8,(anonymous_4)
FN:13,(anonymous_5)
FN:15,(anonymous_6)
FN:17,(anonymous_7)
FNF:4
FNH:0
FNDA:0,(anonymous_4)
FNDA:0,(anonymous_5)
FNDA:0,(anonymous_6)
FNDA:0,(anonymous_7)
DA:1,12
DA:2,12
DA:7,12
DA:9,0
DA:10,0
DA:13,0
DA:15,0
DA:17,0
LF:8
LH:3
BRF:0
BRH:0
end_of_record
TN:
SF:/Users/hantao/colive/backoffice_backend/src/application/services/contract.service.ts
FN:28,(anonymous_4)
FN:37,(anonymous_5)
FN:40,(anonymous_6)
FN:43,(anonymous_7)
FN:44,(anonymous_8)
FN:45,(anonymous_9)
FN:47,(anonymous_10)
FN:56,(anonymous_11)
FN:58,(anonymous_12)
FN:60,(anonymous_13)
FN:61,(anonymous_14)
FN:62,(anonymous_15)
FN:65,(anonymous_16)
FN:66,(anonymous_17)
FN:68,(anonymous_18)
FN:70,(anonymous_19)
FN:93,(anonymous_20)
FN:96,(anonymous_21)
FN:98,(anonymous_22)
FN:100,(anonymous_23)
FN:105,(anonymous_24)
FN:106,(anonymous_25)
FN:106,(anonymous_26)
FN:108,(anonymous_27)
FN:117,(anonymous_28)
FN:120,(anonymous_29)
FN:120,(anonymous_30)
FN:122,(anonymous_31)
FN:127,(anonymous_32)
FN:127,(anonymous_33)
FN:129,(anonymous_34)
FN:131,(anonymous_35)
FN:137,(anonymous_36)
FN:139,(anonymous_37)
FN:142,(anonymous_38)
FN:142,(anonymous_39)
FN:148,(anonymous_40)
FN:151,(anonymous_41)
FN:153,(anonymous_42)
FN:154,(anonymous_43)
FN:157,(anonymous_44)
FN:157,(anonymous_45)
FN:159,(anonymous_46)
FN:161,(anonymous_47)
FNF:44
FNH:0
FNDA:0,(anonymous_4)
FNDA:0,(anonymous_5)
FNDA:0,(anonymous_6)
FNDA:0,(anonymous_7)
FNDA:0,(anonymous_8)
FNDA:0,(anonymous_9)
FNDA:0,(anonymous_10)
FNDA:0,(anonymous_11)
FNDA:0,(anonymous_12)
FNDA:0,(anonymous_13)
FNDA:0,(anonymous_14)
FNDA:0,(anonymous_15)
FNDA:0,(anonymous_16)
FNDA:0,(anonymous_17)
FNDA:0,(anonymous_18)
FNDA:0,(anonymous_19)
FNDA:0,(anonymous_20)
FNDA:0,(anonymous_21)
FNDA:0,(anonymous_22)
FNDA:0,(anonymous_23)
FNDA:0,(anonymous_24)
FNDA:0,(anonymous_25)
FNDA:0,(anonymous_26)
FNDA:0,(anonymous_27)
FNDA:0,(anonymous_28)
FNDA:0,(anonymous_29)
FNDA:0,(anonymous_30)
FNDA:0,(anonymous_31)
FNDA:0,(anonymous_32)
FNDA:0,(anonymous_33)
FNDA:0,(anonymous_34)
FNDA:0,(anonymous_35)
FNDA:0,(anonymous_36)
FNDA:0,(anonymous_37)
FNDA:0,(anonymous_38)
FNDA:0,(anonymous_39)
FNDA:0,(anonymous_40)
FNDA:0,(anonymous_41)
FNDA:0,(anonymous_42)
FNDA:0,(anonymous_43)
FNDA:0,(anonymous_44)
FNDA:0,(anonymous_45)
FNDA:0,(anonymous_46)
FNDA:0,(anonymous_47)
DA:1,12
DA:2,12
DA:3,12
DA:7,12
DA:9,12
DA:10,12
DA:11,12
DA:22,12
DA:23,12
DA:24,12
DA:27,12
DA:29,0
DA:30,0
DA:31,0
DA:32,0
DA:33,0
DA:34,0
DA:37,0
DA:39,0
DA:40,0
DA:43,0
DA:44,0
DA:45,0
DA:48,0
DA:49,0
DA:51,0
DA:53,0
DA:54,0
DA:56,0
DA:58,0
DA:60,0
DA:61,0
DA:62,0
DA:66,0
DA:67,0
DA:68,0
DA:71,0
DA:93,0
DA:96,0
DA:98,0
DA:99,0
DA:102,0
DA:103,0
DA:104,0
DA:105,0
DA:106,0
DA:107,0
DA:108,0
DA:112,0
DA:116,0
DA:118,0
DA:119,0
DA:120,0
DA:121,0
DA:122,0
DA:125,0
DA:126,0
DA:127,0
DA:128,0
DA:129,0
DA:131,0
DA:137,0
DA:138,0
DA:139,0
DA:142,0
DA:143,0
DA:144,0
DA:148,0
DA:149,0
DA:151,0
DA:152,0
DA:153,0
DA:154,0
DA:157,0
DA:158,0
DA:159,0
DA:161,0
LF:77
LH:11
BRDA:41,0,0,0
BRDA:41,0,1,0
BRDA:43,1,0,0
BRDA:43,1,1,0
BRDA:46,2,0,0
BRDA:46,2,1,0
BRDA:48,3,0,0
BRDA:48,3,1,0
BRDA:102,4,0,0
BRDA:102,4,1,0
BRDA:103,5,0,0
BRDA:103,5,1,0
BRDA:118,6,0,0
BRDA:118,6,1,0
BRDA:125,7,0,0
BRDA:125,7,1,0
BRDA:141,8,0,0
BRDA:141,8,1,0
BRDA:153,9,0,0
BRDA:153,9,1,0
BRF:20
BRH:0
end_of_record
TN:
SF:/Users/hantao/colive/backoffice_backend/src/application/services/contractTemplates.service.ts
FN:19,(anonymous_4)
FN:23,(anonymous_5)
FN:26,(anonymous_6)
FN:30,(anonymous_7)
FN:32,(anonymous_8)
FN:34,(anonymous_9)
FN:39,(anonymous_10)
FN:41,(anonymous_11)
FN:43,(anonymous_12)
FNF:9
FNH:0
FNDA:0,(anonymous_4)
FNDA:0,(anonymous_5)
FNDA:0,(anonymous_6)
FNDA:0,(anonymous_7)
FNDA:0,(anonymous_8)
FNDA:0,(anonymous_9)
FNDA:0,(anonymous_10)
FNDA:0,(anonymous_11)
FNDA:0,(anonymous_12)
DA:1,12
DA:2,12
DA:5,12
DA:6,12
DA:18,12
DA:20,0
DA:23,0
DA:26,0
DA:28,0
DA:30,0
DA:31,0
DA:32,0
DA:34,0
DA:39,0
DA:41,0
DA:42,0
DA:43,0
LF:17
LH:5
BRDA:32,0,0,0
BRDA:32,0,1,0
BRDA:44,1,0,0
BRDA:44,1,1,0
BRF:4
BRH:0
end_of_record
TN:
SF:/Users/hantao/colive/backoffice_backend/src/application/services/emergencyContacts.service.ts
FN:8,(anonymous_4)
FN:12,(anonymous_5)
FN:14,(anonymous_6)
FN:16,(anonymous_7)
FN:18,(anonymous_8)
FNF:5
FNH:0
FNDA:0,(anonymous_4)
FNDA:0,(anonymous_5)
FNDA:0,(anonymous_6)
FNDA:0,(anonymous_7)
FNDA:0,(anonymous_8)
DA:1,12
DA:2,12
DA:7,12
DA:9,0
DA:12,0
DA:14,0
DA:16,0
DA:18,0
LF:8
LH:3
BRF:0
BRH:0
end_of_record
TN:
SF:/Users/hantao/colive/backoffice_backend/src/application/services/incidentReport.service.ts
FN:10,(anonymous_4)
FN:16,(anonymous_5)
FN:19,(anonymous_6)
FN:22,(anonymous_7)
FN:24,(anonymous_8)
FN:27,(anonymous_9)
FN:29,(anonymous_10)
FN:32,(anonymous_11)
FN:35,(anonymous_12)
FN:38,(anonymous_13)
FN:40,(anonymous_14)
FN:43,(anonymous_15)
FN:50,(anonymous_16)
FNF:13
FNH:0
FNDA:0,(anonymous_4)
FNDA:0,(anonymous_5)
FNDA:0,(anonymous_6)
FNDA:0,(anonymous_7)
FNDA:0,(anonymous_8)
FNDA:0,(anonymous_9)
FNDA:0,(anonymous_10)
FNDA:0,(anonymous_11)
FNDA:0,(anonymous_12)
FNDA:0,(anonymous_13)
FNDA:0,(anonymous_14)
FNDA:0,(anonymous_15)
FNDA:0,(anonymous_16)
DA:1,12
DA:2,12
DA:6,12
DA:9,12
DA:11,0
DA:12,0
DA:13,0
DA:16,0
DA:17,0
DA:19,0
DA:20,0
DA:22,0
DA:23,0
DA:24,0
DA:27,0
DA:28,0
DA:29,0
DA:32,0
DA:33,0
DA:35,0
DA:36,0
DA:38,0
DA:39,0
DA:40,0
DA:43,0
DA:50,0
LF:26
LH:4
BRDA:24,0,0,0
BRDA:24,0,1,0
BRDA:29,1,0,0
BRDA:29,1,1,0
BRDA:42,2,0,0
BRDA:42,2,1,0
BRF:6
BRH:0
end_of_record
TN:
SF:/Users/hantao/colive/backoffice_backend/src/application/services/interests.service.ts
FN:7,(anonymous_4)
FN:11,(anonymous_5)
FNF:2
FNH:0
FNDA:0,(anonymous_4)
FNDA:0,(anonymous_5)
DA:1,12
DA:2,12
DA:6,12
DA:8,0
DA:11,0
LF:5
LH:3
BRF:0
BRH:0
end_of_record
TN:
SF:/Users/hantao/colive/backoffice_backend/src/application/services/label.service.ts
FN:8,(anonymous_4)
FN:12,(anonymous_5)
FN:14,(anonymous_6)
FN:16,(anonymous_7)
FN:18,(anonymous_8)
FNF:5
FNH:0
FNDA:0,(anonymous_4)
FNDA:0,(anonymous_5)
FNDA:0,(anonymous_6)
FNDA:0,(anonymous_7)
FNDA:0,(anonymous_8)
DA:1,12
DA:2,12
DA:7,12
DA:9,0
DA:12,0
DA:14,0
DA:16,0
DA:18,0
LF:8
LH:3
BRF:0
BRH:0
end_of_record
TN:
SF:/Users/hantao/colive/backoffice_backend/src/application/services/member.service.ts
FN:24,(anonymous_11)
FN:38,(anonymous_12)
FN:40,(anonymous_13)
FN:42,(anonymous_14)
FN:44,(anonymous_15)
FN:47,(anonymous_16)
FN:49,(anonymous_17)
FN:51,(anonymous_18)
FN:57,(anonymous_19)
FN:59,(anonymous_20)
FN:61,(anonymous_21)
FN:63,(anonymous_22)
FN:65,(anonymous_23)
FN:71,(anonymous_24)
FN:72,(anonymous_25)
FN:74,(anonymous_26)
FN:75,(anonymous_27)
FN:76,(anonymous_28)
FN:77,(anonymous_29)
FN:80,(anonymous_30)
FN:85,(anonymous_31)
FN:87,(anonymous_32)
FN:88,(anonymous_33)
FN:89,(anonymous_34)
FN:92,(anonymous_35)
FN:95,(anonymous_36)
FN:98,(anonymous_37)
FNF:27
FNH:0
FNDA:0,(anonymous_11)
FNDA:0,(anonymous_12)
FNDA:0,(anonymous_13)
FNDA:0,(anonymous_14)
FNDA:0,(anonymous_15)
FNDA:0,(anonymous_16)
FNDA:0,(anonymous_17)
FNDA:0,(anonymous_18)
FNDA:0,(anonymous_19)
FNDA:0,(anonymous_20)
FNDA:0,(anonymous_21)
FNDA:0,(anonymous_22)
FNDA:0,(anonymous_23)
FNDA:0,(anonymous_24)
FNDA:0,(anonymous_25)
FNDA:0,(anonymous_26)
FNDA:0,(anonymous_27)
FNDA:0,(anonymous_28)
FNDA:0,(anonymous_29)
FNDA:0,(anonymous_30)
FNDA:0,(anonymous_31)
FNDA:0,(anonymous_32)
FNDA:0,(anonymous_33)
FNDA:0,(anonymous_34)
FNDA:0,(anonymous_35)
FNDA:0,(anonymous_36)
FNDA:0,(anonymous_37)
DA:1,12
DA:2,12
DA:19,12
DA:20,12
DA:23,12
DA:25,0
DA:26,0
DA:27,0
DA:28,0
DA:29,0
DA:30,0
DA:31,0
DA:32,0
DA:33,0
DA:34,0
DA:35,0
DA:38,0
DA:39,0
DA:40,0
DA:42,0
DA:44,0
DA:47,0
DA:48,0
DA:49,0
DA:52,0
DA:53,0
DA:57,0
DA:58,0
DA:59,0
DA:61,0
DA:62,0
DA:63,0
DA:66,0
DA:67,0
DA:71,0
DA:72,0
DA:73,0
DA:74,0
DA:75,0
DA:77,0
DA:80,0
DA:85,0
DA:86,0
DA:87,0
DA:88,0
DA:89,0
DA:92,0
DA:93,0
DA:95,0
DA:96,0
DA:99,0
DA:100,0
DA:102,0
DA:103,0
DA:106,0
DA:108,0
DA:110,0
LF:57
LH:5
BRDA:40,0,0,0
BRDA:40,0,1,0
BRDA:43,1,0,0
BRDA:43,1,1,0
BRDA:50,2,0,0
BRDA:50,2,1,0
BRDA:49,3,0,0
BRDA:49,3,1,0
BRDA:49,3,2,0
BRDA:63,4,0,0
BRDA:63,4,1,0
BRDA:63,5,0,0
BRDA:63,5,1,0
BRDA:63,5,2,0
BRDA:73,6,0,0
BRDA:73,6,1,0
BRDA:88,7,0,0
BRDA:88,7,1,0
BRDA:89,8,0,0
BRDA:89,8,1,0
BRDA:89,9,0,0
BRDA:89,9,1,0
BRDA:102,10,0,0
BRDA:102,10,1,0
BRF:24
BRH:0
end_of_record
TN:
SF:/Users/hantao/colive/backoffice_backend/src/application/services/memberTags.service.ts
FN:8,(anonymous_4)
FN:12,(anonymous_5)
FN:14,(anonymous_6)
FN:16,(anonymous_7)
FN:18,(anonymous_8)
FNF:5
FNH:0
FNDA:0,(anonymous_4)
FNDA:0,(anonymous_5)
FNDA:0,(anonymous_6)
FNDA:0,(anonymous_7)
FNDA:0,(anonymous_8)
DA:1,12
DA:2,12
DA:7,12
DA:9,0
DA:12,0
DA:14,0
DA:16,0
DA:18,0
DA:19,0
LF:9
LH:3
BRF:0
BRH:0
end_of_record
TN:
SF:/Users/hantao/colive/backoffice_backend/src/application/services/members.service.ts
FN:11,(anonymous_5)
FN:20,(anonymous_6)
FN:22,(anonymous_7)
FN:24,(anonymous_8)
FN:26,(anonymous_9)
FN:33,(anonymous_10)
FN:35,(anonymous_11)
FN:36,(anonymous_12)
FN:36,(anonymous_13)
FN:37,(anonymous_14)
FN:39,(anonymous_15)
FN:40,(anonymous_16)
FN:41,(anonymous_17)
FN:46,(anonymous_18)
FN:46,(anonymous_19)
FN:47,(anonymous_20)
FN:47,(anonymous_21)
FN:49,(anonymous_22)
FN:51,(anonymous_23)
FN:51,(anonymous_24)
FN:53,(anonymous_25)
FN:57,(anonymous_26)
FN:60,(anonymous_27)
FN:63,(anonymous_28)
FN:63,(anonymous_29)
FN:64,(anonymous_30)
FN:64,(anonymous_31)
FNF:27
FNH:0
FNDA:0,(anonymous_5)
FNDA:0,(anonymous_6)
FNDA:0,(anonymous_7)
FNDA:0,(anonymous_8)
FNDA:0,(anonymous_9)
FNDA:0,(anonymous_10)
FNDA:0,(anonymous_11)
FNDA:0,(anonymous_12)
FNDA:0,(anonymous_13)
FNDA:0,(anonymous_14)
FNDA:0,(anonymous_15)
FNDA:0,(anonymous_16)
FNDA:0,(anonymous_17)
FNDA:0,(anonymous_18)
FNDA:0,(anonymous_19)
FNDA:0,(anonymous_20)
FNDA:0,(anonymous_21)
FNDA:0,(anonymous_22)
FNDA:0,(anonymous_23)
FNDA:0,(anonymous_24)
FNDA:0,(anonymous_25)
FNDA:0,(anonymous_26)
FNDA:0,(anonymous_27)
FNDA:0,(anonymous_28)
FNDA:0,(anonymous_29)
FNDA:0,(anonymous_30)
FNDA:0,(anonymous_31)
DA:1,12
DA:2,12
DA:3,12
DA:7,12
DA:10,12
DA:12,0
DA:13,0
DA:14,0
DA:15,0
DA:16,0
DA:17,0
DA:20,0
DA:22,0
DA:24,0
DA:26,0
DA:27,0
DA:28,0
DA:29,0
DA:30,0
DA:32,0
DA:33,0
DA:35,0
DA:36,0
DA:38,0
DA:39,0
DA:40,0
DA:41,0
DA:46,0
DA:47,0
DA:49,0
DA:51,0
DA:52,0
DA:53,0
DA:57,0
DA:60,0
DA:61,0
DA:63,0
DA:64,0
DA:65,0
LF:39
LH:5
BRDA:27,0,0,0
BRDA:27,1,0,0
BRDA:34,2,0,0
BRDA:34,2,1,0
BRDA:39,3,0,0
BRDA:39,3,1,0
BRDA:43,4,0,0
BRDA:43,4,1,0
BRDA:46,5,0,0
BRDA:46,5,1,0
BRDA:49,6,0,0
BRDA:49,6,1,0
BRDA:52,7,0,0
BRDA:52,7,1,0
BRDA:54,8,0,0
BRDA:54,8,1,0
BRF:16
BRH:0
end_of_record
TN:
SF:/Users/hantao/colive/backoffice_backend/src/application/services/offer.service.ts
FN:49,(anonymous_5)
FN:63,(anonymous_6)
FN:65,(anonymous_7)
FN:66,(anonymous_8)
FN:67,(anonymous_9)
FN:69,(anonymous_10)
FN:70,(anonymous_11)
FN:71,(anonymous_12)
FN:72,(anonymous_13)
FN:73,(anonymous_14)
FN:76,(anonymous_15)
FN:82,(anonymous_16)
FN:84,(anonymous_17)
FN:85,(anonymous_18)
FN:86,(anonymous_19)
FN:87,(anonymous_20)
FN:88,(anonymous_21)
FN:90,(anonymous_22)
FN:96,(anonymous_23)
FN:96,(anonymous_24)
FN:115,(anonymous_25)
FN:117,(anonymous_26)
FN:119,(anonymous_27)
FN:124,(anonymous_28)
FN:132,(anonymous_29)
FN:133,(anonymous_30)
FN:134,(anonymous_31)
FN:135,(anonymous_32)
FN:137,(anonymous_33)
FN:138,(anonymous_34)
FN:141,(anonymous_35)
FN:143,(anonymous_36)
FN:147,(anonymous_37)
FN:150,(anonymous_38)
FN:152,(anonymous_39)
FN:156,(anonymous_40)
FN:162,(anonymous_41)
FN:162,(anonymous_42)
FN:163,(anonymous_43)
FN:167,(anonymous_44)
FN:169,(anonymous_45)
FN:170,(anonymous_46)
FN:174,(anonymous_47)
FN:174,(anonymous_48)
FN:177,(anonymous_49)
FN:178,(anonymous_50)
FN:179,(anonymous_51)
FN:180,(anonymous_52)
FN:180,(anonymous_53)
FN:186,(anonymous_54)
FN:192,(anonymous_55)
FN:194,(anonymous_56)
FN:195,(anonymous_57)
FN:196,(anonymous_58)
FN:197,(anonymous_59)
FN:199,(anonymous_60)
FN:200,(anonymous_61)
FN:204,(anonymous_62)
FN:208,(anonymous_63)
FN:209,(anonymous_64)
FN:210,(anonymous_65)
FN:218,(anonymous_66)
FN:219,(anonymous_67)
FN:219,(anonymous_68)
FN:221,(anonymous_69)
FN:226,(anonymous_70)
FN:227,(anonymous_71)
FN:228,(anonymous_72)
FN:229,(anonymous_73)
FN:235,(anonymous_74)
FN:236,(anonymous_75)
FN:237,(anonymous_76)
FN:244,(anonymous_77)
FN:246,(anonymous_78)
FN:247,(anonymous_79)
FN:249,(anonymous_80)
FNF:76
FNH:35
FNDA:1,(anonymous_5)
FNDA:3,(anonymous_6)
FNDA:2,(anonymous_7)
FNDA:2,(anonymous_8)
FNDA:2,(anonymous_9)
FNDA:2,(anonymous_10)
FNDA:2,(anonymous_11)
FNDA:2,(anonymous_12)
FNDA:2,(anonymous_13)
FNDA:2,(anonymous_14)
FNDA:1,(anonymous_15)
FNDA:0,(anonymous_16)
FNDA:0,(anonymous_17)
FNDA:0,(anonymous_18)
FNDA:0,(anonymous_19)
FNDA:0,(anonymous_20)
FNDA:0,(anonymous_21)
FNDA:0,(anonymous_22)
FNDA:0,(anonymous_23)
FNDA:0,(anonymous_24)
FNDA:1,(anonymous_25)
FNDA:1,(anonymous_26)
FNDA:0,(anonymous_27)
FNDA:6,(anonymous_28)
FNDA:6,(anonymous_29)
FNDA:6,(anonymous_30)
FNDA:6,(anonymous_31)
FNDA:0,(anonymous_32)
FNDA:6,(anonymous_33)
FNDA:6,(anonymous_34)
FNDA:6,(anonymous_35)
FNDA:6,(anonymous_36)
FNDA:6,(anonymous_37)
FNDA:6,(anonymous_38)
FNDA:1,(anonymous_39)
FNDA:6,(anonymous_40)
FNDA:5,(anonymous_41)
FNDA:6,(anonymous_42)
FNDA:5,(anonymous_43)
FNDA:0,(anonymous_44)
FNDA:0,(anonymous_45)
FNDA:0,(anonymous_46)
FNDA:5,(anonymous_47)
FNDA:5,(anonymous_48)
FNDA:5,(anonymous_49)
FNDA:5,(anonymous_50)
FNDA:5,(anonymous_51)
FNDA:5,(anonymous_52)
FNDA:5,(anonymous_53)
FNDA:0,(anonymous_54)
FNDA:0,(anonymous_55)
FNDA:0,(anonymous_56)
FNDA:0,(anonymous_57)
FNDA:0,(anonymous_58)
FNDA:0,(anonymous_59)
FNDA:0,(anonymous_60)
FNDA:0,(anonymous_61)
FNDA:0,(anonymous_62)
FNDA:0,(anonymous_63)
FNDA:0,(anonymous_64)
FNDA:0,(anonymous_65)
FNDA:0,(anonymous_66)
FNDA:0,(anonymous_67)
FNDA:0,(anonymous_68)
FNDA:0,(anonymous_69)
FNDA:0,(anonymous_70)
FNDA:0,(anonymous_71)
FNDA:0,(anonymous_72)
FNDA:0,(anonymous_73)
FNDA:0,(anonymous_74)
FNDA:0,(anonymous_75)
FNDA:0,(anonymous_76)
FNDA:0,(anonymous_77)
FNDA:0,(anonymous_78)
FNDA:0,(anonymous_79)
FNDA:0,(anonymous_80)
DA:1,12
DA:2,12
DA:3,12
DA:19,12
DA:20,12
DA:21,12
DA:22,12
DA:23,12
DA:24,12
DA:39,12
DA:40,12
DA:42,12
DA:43,12
DA:44,12
DA:45,12
DA:48,12
DA:50,1
DA:51,1
DA:52,1
DA:53,1
DA:54,1
DA:55,1
DA:56,1
DA:57,1
DA:58,1
DA:59,1
DA:60,1
DA:63,3
DA:65,2
DA:66,2
DA:67,2
DA:69,2
DA:70,2
DA:71,2
DA:72,2
DA:73,2
DA:76,1
DA:82,1
DA:83,0
DA:84,0
DA:85,0
DA:86,0
DA:87,0
DA:88,0
DA:91,0
DA:96,0
DA:115,1
DA:116,1
DA:117,1
DA:119,1
DA:120,0
DA:121,0
DA:124,1
DA:125,6
DA:126,6
DA:127,6
DA:128,6
DA:129,6
DA:130,6
DA:132,6
DA:133,6
DA:134,6
DA:135,0
DA:137,6
DA:138,6
DA:141,6
DA:143,6
DA:147,6
DA:150,6
DA:152,1
DA:157,6
DA:162,6
DA:163,5
DA:167,0
DA:169,0
DA:170,0
DA:174,5
DA:177,5
DA:178,5
DA:179,5
DA:180,5
DA:186,1
DA:192,0
DA:193,0
DA:195,0
DA:196,0
DA:197,0
DA:198,0
DA:199,0
DA:200,0
DA:204,0
DA:205,0
DA:206,0
DA:207,0
DA:208,0
DA:209,0
DA:210,0
DA:218,0
DA:219,0
DA:220,0
DA:221,0
DA:226,0
DA:227,0
DA:228,0
DA:230,0
DA:231,0
DA:235,0
DA:236,0
DA:237,0
DA:244,1
DA:245,0
DA:246,0
DA:248,0
DA:250,0
LF:114
LH:69
BRDA:66,0,0,0
BRDA:66,0,1,2
BRDA:69,1,0,0
BRDA:69,1,1,2
BRDA:71,2,0,2
BRDA:71,2,1,0
BRDA:74,3,0,1
BRDA:74,3,1,1
BRDA:84,4,0,0
BRDA:84,4,1,0
BRDA:86,5,0,0
BRDA:86,5,1,0
BRDA:89,6,0,0
BRDA:89,6,1,0
BRDA:101,7,0,0
BRDA:101,7,1,0
BRDA:117,8,0,0
BRDA:117,8,1,1
BRDA:132,9,0,0
BRDA:132,9,1,6
BRDA:134,10,0,0
BRDA:134,10,1,6
BRDA:135,11,0,0
BRDA:135,11,1,0
BRDA:139,12,0,0
BRDA:139,12,1,6
BRDA:144,13,0,0
BRDA:144,13,1,6
BRDA:148,14,0,0
BRDA:148,14,1,6
BRDA:151,15,0,1
BRDA:151,15,1,5
BRDA:158,16,0,1
BRDA:158,16,1,5
BRDA:164,17,0,5
BRDA:164,17,1,0
BRDA:171,18,0,0
BRDA:171,18,1,0
BRDA:175,19,0,1
BRDA:175,19,1,4
BRDA:198,20,0,0
BRDA:198,20,1,0
BRDA:201,21,0,0
BRDA:201,21,1,0
BRDA:200,22,0,0
BRDA:200,22,1,0
BRDA:204,23,0,0
BRDA:204,23,1,0
BRDA:205,24,0,0
BRDA:205,24,1,0
BRDA:207,25,0,0
BRDA:207,25,1,0
BRDA:219,26,0,0
BRDA:219,26,1,0
BRDA:246,27,0,0
BRDA:246,27,1,0
BRF:56
BRH:18
end_of_record
TN:
SF:/Users/hantao/colive/backoffice_backend/src/application/services/payment.service.ts
FN:19,(anonymous_4)
FN:29,(anonymous_5)
FN:32,(anonymous_6)
FN:33,(anonymous_7)
FN:35,(anonymous_8)
FN:38,(anonymous_9)
FN:41,(anonymous_10)
FN:43,(anonymous_11)
FN:45,(anonymous_12)
FN:48,(anonymous_13)
FN:51,(anonymous_14)
FN:63,(anonymous_15)
FN:65,(anonymous_16)
FN:67,(anonymous_17)
FN:73,(anonymous_18)
FN:75,(anonymous_19)
FN:76,(anonymous_20)
FN:81,(anonymous_21)
FN:84,(anonymous_22)
FN:86,(anonymous_23)
FN:89,(anonymous_24)
FN:92,(anonymous_25)
FN:101,(anonymous_26)
FN:105,(anonymous_27)
FN:107,(anonymous_28)
FN:110,(anonymous_29)
FN:114,(anonymous_30)
FN:125,(anonymous_31)
FN:137,(anonymous_32)
FN:140,(anonymous_33)
FN:142,(anonymous_34)
FN:143,(anonymous_35)
FN:145,(anonymous_36)
FN:150,(anonymous_37)
FN:151,(anonymous_38)
FN:158,(anonymous_39)
FN:159,(anonymous_40)
FN:161,(anonymous_41)
FN:162,(anonymous_42)
FN:177,(anonymous_43)
FN:179,(anonymous_44)
FN:182,(anonymous_45)
FN:183,(anonymous_46)
FN:186,(anonymous_47)
FNF:44
FNH:0
FNDA:0,(anonymous_4)
FNDA:0,(anonymous_5)
FNDA:0,(anonymous_6)
FNDA:0,(anonymous_7)
FNDA:0,(anonymous_8)
FNDA:0,(anonymous_9)
FNDA:0,(anonymous_10)
FNDA:0,(anonymous_11)
FNDA:0,(anonymous_12)
FNDA:0,(anonymous_13)
FNDA:0,(anonymous_14)
FNDA:0,(anonymous_15)
FNDA:0,(anonymous_16)
FNDA:0,(anonymous_17)
FNDA:0,(anonymous_18)
FNDA:0,(anonymous_19)
FNDA:0,(anonymous_20)
FNDA:0,(anonymous_21)
FNDA:0,(anonymous_22)
FNDA:0,(anonymous_23)
FNDA:0,(anonymous_24)
FNDA:0,(anonymous_25)
FNDA:0,(anonymous_26)
FNDA:0,(anonymous_27)
FNDA:0,(anonymous_28)
FNDA:0,(anonymous_29)
FNDA:0,(anonymous_30)
FNDA:0,(anonymous_31)
FNDA:0,(anonymous_32)
FNDA:0,(anonymous_33)
FNDA:0,(anonymous_34)
FNDA:0,(anonymous_35)
FNDA:0,(anonymous_36)
FNDA:0,(anonymous_37)
FNDA:0,(anonymous_38)
FNDA:0,(anonymous_39)
FNDA:0,(anonymous_40)
FNDA:0,(anonymous_41)
FNDA:0,(anonymous_42)
FNDA:0,(anonymous_43)
FNDA:0,(anonymous_44)
FNDA:0,(anonymous_45)
FNDA:0,(anonymous_46)
FNDA:0,(anonymous_47)
DA:1,12
DA:2,12
DA:6,12
DA:7,12
DA:8,12
DA:9,12
DA:15,12
DA:18,12
DA:20,0
DA:21,0
DA:22,0
DA:23,0
DA:24,0
DA:25,0
DA:26,0
DA:29,0
DA:31,0
DA:32,0
DA:33,0
DA:35,0
DA:38,0
DA:41,0
DA:43,0
DA:44,0
DA:46,0
DA:50,0
DA:52,0
DA:63,0
DA:64,0
DA:65,0
DA:67,0
DA:73,0
DA:74,0
DA:75,0
DA:76,0
DA:81,0
DA:82,0
DA:84,0
DA:85,0
DA:87,0
DA:90,0
DA:92,0
DA:101,0
DA:105,0
DA:106,0
DA:108,0
DA:112,0
DA:114,0
DA:125,0
DA:137,0
DA:139,0
DA:140,0
DA:142,0
DA:143,0
DA:145,0
DA:146,0
DA:147,0
DA:149,0
DA:150,0
DA:151,0
DA:155,0
DA:157,0
DA:158,0
DA:159,0
DA:161,0
DA:162,0
DA:171,0
DA:174,0
DA:177,0
DA:178,0
DA:180,0
DA:183,0
DA:186,0
DA:187,0
LF:74
LH:8
BRDA:34,0,0,0
[...]
BRDA:1,0,1,20
BRF:2
BRH:2
end_of_record
TN:
SF:/Users/hantao/colive/backoffice_backend/src/infrastructure/constants/index.ts
FNF:0
FNH:0
DA:1,20
DA:2,20
DA:3,20
DA:4,20
DA:5,20
DA:6,20
DA:7,20
DA:8,20
DA:9,20
DA:10,20
DA:11,20
DA:12,20
LF:12
LH:12
BRF:0
BRH:0
end_of_record
TN:
SF:/Users/hantao/colive/backoffice_backend/src/infrastructure/constants/mailchimp.ts
FN:15,(anonymous_0)
FN:22,(anonymous_1)
FN:33,(anonymous_2)
FNF:3
FNH:3
FNDA:20,(anonymous_0)
FNDA:20,(anonymous_1)
FNDA:20,(anonymous_2)
DA:1,20
DA:15,20
DA:16,20
DA:17,20
DA:18,20
DA:19,20
DA:22,20
DA:23,20
DA:24,20
DA:27,20
DA:33,20
DA:34,20
DA:35,20
LF:13
LH:13
BRDA:15,0,0,20
BRDA:15,0,1,20
BRDA:22,1,0,20
BRDA:22,1,1,20
BRDA:33,2,0,20
BRDA:33,2,1,20
BRF:6
BRH:6
end_of_record
TN:
SF:/Users/hantao/colive/backoffice_backend/src/infrastructure/constants/offer.ts
FNF:0
FNH:0
DA:1,20
LF:1
LH:1
BRF:0
BRH:0
end_of_record
TN:
SF:/Users/hantao/colive/backoffice_backend/src/infrastructure/constants/payment.ts
FN:1,(anonymous_0)
FNF:1
FNH:1
FNDA:20,(anonymous_0)
DA:1,20
DA:2,20
DA:3,20
DA:4,20
DA:5,20
LF:5
LH:5
BRDA:1,0,0,20
BRDA:1,0,1,20
BRF:2
BRH:2
end_of_record
TN:
SF:/Users/hantao/colive/backoffice_backend/src/infrastructure/constants/project.ts
FN:1,(anonymous_0)
FNF:1
FNH:1
FNDA:20,(anonymous_0)
DA:1,20
DA:2,20
DA:3,20
DA:4,20
DA:5,20
DA:6,20
LF:6
LH:6
BRDA:1,0,0,20
BRDA:1,0,1,20
BRF:2
BRH:2
end_of_record
TN:
SF:/Users/hantao/colive/backoffice_backend/src/infrastructure/constants/room.ts
FN:1,(anonymous_0)
FN:9,(anonymous_1)
FN:16,(anonymous_2)
FNF:3
FNH:3
FNDA:20,(anonymous_0)
FNDA:20,(anonymous_1)
FNDA:20,(anonymous_2)
DA:1,20
DA:2,20
DA:3,20
DA:4,20
DA:5,20
DA:6,20
DA:9,20
DA:10,20
DA:11,20
DA:12,20
DA:13,20
DA:16,20
DA:17,20
DA:18,20
DA:19,20
LF:15
LH:15
BRDA:1,0,0,20
BRDA:1,0,1,20
BRDA:9,1,0,20
BRDA:9,1,1,20
BRDA:16,2,0,20
BRDA:16,2,1,20
BRF:6
BRH:6
end_of_record
TN:
SF:/Users/hantao/colive/backoffice_backend/src/infrastructure/constants/scope.ts
FNF:0
FNH:0
DA:5,20
DA:6,20
DA:7,20
DA:8,20
DA:9,20
DA:10,20
DA:11,20
DA:12,20
DA:13,20
DA:14,20
DA:15,20
DA:16,20
DA:17,20
DA:18,20
DA:19,20
DA:20,20
DA:21,20
DA:22,20
DA:23,20
DA:24,20
DA:25,20
LF:21
LH:21
BRF:0
BRH:0
end_of_record
TN:
SF:/Users/hantao/colive/backoffice_backend/src/infrastructure/constants/user.ts
FN:1,(anonymous_0)
FN:29,(anonymous_1)
FNF:2
FNH:2
FNDA:20,(anonymous_0)
FNDA:20,(anonymous_1)
DA:1,20
DA:2,20
DA:3,20
DA:4,20
DA:10,20
DA:27,20
DA:29,20
DA:30,20
DA:31,20
DA:32,20
DA:35,20
DA:37,20
DA:39,20
LF:13
LH:13
BRDA:1,0,0,20
BRDA:1,0,1,20
BRDA:29,1,0,20
BRDA:29,1,1,20
BRF:4
BRH:4
end_of_record
TN:
SF:/Users/hantao/colive/backoffice_backend/src/infrastructure/persistence/queue/offer.queue.ts
FN:7,(anonymous_0)
FN:11,(anonymous_1)
FNF:2
FNH:0
FNDA:0,(anonymous_0)
FNDA:0,(anonymous_1)
DA:1,12
DA:2,12
DA:3,12
DA:5,12
DA:7,12
DA:8,0
DA:11,12
DA:12,0
LF:8
LH:6
BRF:0
BRH:0
end_of_record
TN:
SF:/Users/hantao/colive/backoffice_backend/src/infrastructure/persistence/redis/index.ts
FNF:0
FNH:0
DA:1,12
DA:2,12
DA:4,12
DA:5,12
LF:4
LH:4
BRF:0
BRH:0
end_of_record
TN:
SF:/Users/hantao/colive/backoffice_backend/src/infrastructure/persistence/typeorm/connection.ts
FN:8,(anonymous_1)
FN:11,(anonymous_2)
FN:16,(anonymous_3)
FNF:3
FNH:3
FNDA:342,(anonymous_1)
FNDA:342,(anonymous_2)
FNDA:342,(anonymous_3)
DA:1,12
DA:3,12
DA:6,12
DA:11,342
DA:12,342
DA:17,342
LF:6
LH:6
BRDA:17,0,0,342
BRDA:17,0,1,0
BRF:2
BRH:1
end_of_record
TN:
SF:/Users/hantao/colive/backoffice_backend/src/infrastructure/persistence/typeorm/service.ts
FN:7,(anonymous_1)
FN:9,(anonymous_2)
FNF:2
FNH:2
FNDA:12,(anonymous_1)
FNDA:12,(anonymous_2)
DA:1,12
DA:2,12
DA:3,12
DA:6,12
DA:8,12
DA:9,12
DA:10,12
DA:11,12
DA:14,0
LF:9
LH:8
BRDA:8,0,0,12
BRDA:8,0,1,0
BRF:2
BRH:1
end_of_record
TN:
SF:/Users/hantao/colive/backoffice_backend/src/infrastructure/utils/common.ts
FN:7,(anonymous_0)
FN:9,(anonymous_1)
FN:17,(anonymous_2)
FN:20,(anonymous_3)
FN:23,(anonymous_4)
FN:26,(anonymous_5)
FN:26,(anonymous_6)
FN:30,(anonymous_7)
FN:36,(anonymous_8)
FN:38,(anonymous_9)
FN:41,(anonymous_10)
FN:43,(anonymous_11)
FN:45,(anonymous_12)
FN:47,(anonymous_13)
FN:48,(anonymous_14)
FN:50,(anonymous_15)
FNF:16
FNH:12
FNDA:0,(anonymous_0)
FNDA:4,(anonymous_1)
FNDA:4,(anonymous_2)
FNDA:4,(anonymous_3)
FNDA:1,(anonymous_4)
FNDA:5,(anonymous_5)
FNDA:5,(anonymous_6)
FNDA:6,(anonymous_7)
FNDA:29,(anonymous_8)
FNDA:0,(anonymous_9)
FNDA:0,(anonymous_10)
FNDA:0,(anonymous_11)
FNDA:3,(anonymous_12)
FNDA:6,(anonymous_13)
FNDA:8,(anonymous_14)
FNDA:3,(anonymous_15)
DA:1,14
DA:2,14
DA:3,14
DA:5,14
DA:7,14
DA:9,14
DA:10,4
DA:11,4
DA:13,1
DA:17,14
DA:18,4
DA:20,14
DA:21,4
DA:23,14
DA:24,1
DA:26,14
DA:27,5
DA:28,1
DA:30,4
DA:31,6
DA:33,4
DA:36,29
DA:38,14
DA:39,0
DA:41,14
DA:43,14
DA:45,14
DA:47,14
DA:48,8
DA:50,14
LF:30
LH:29
BRDA:11,0,0,3
BRDA:11,0,1,1
BRDA:18,1,0,3
BRDA:18,1,1,1
BRDA:21,2,0,2
BRDA:21,2,1,2
BRDA:24,3,0,0
BRDA:24,3,1,1
BRDA:27,4,0,1
BRDA:27,4,1,4
BRDA:36,5,0,0
BRDA:36,5,1,29
BRDA:39,6,0,0
BRDA:39,6,1,0
BRDA:50,7,0,3
BRDA:50,7,1,1
BRF:16
BRH:12
end_of_record
TN:
SF:/Users/hantao/colive/backoffice_backend/src/infrastructure/utils/contract.ts
FN:20,(anonymous_0)
FN:30,(anonymous_1)
FN:30,(anonymous_2)
FN:35,(anonymous_3)
FN:38,(anonymous_4)
FN:47,(anonymous_5)
FN:50,(anonymous_6)
FN:56,(anonymous_7)
FN:59,(anonymous_8)
FN:62,(anonymous_9)
FN:65,(anonymous_10)
FN:67,(anonymous_11)
FN:69,(anonymous_12)
FN:85,(anonymous_13)
FN:88,(anonymous_14)
FN:90,(anonymous_15)
FN:94,(anonymous_16)
FN:95,(anonymous_17)
FN:195,(anonymous_18)
FN:230,(anonymous_19)
FN:230,(anonymous_20)
FN:235,(anonymous_21)
FN:239,(anonymous_22)
FN:250,(anonymous_23)
FN:253,(anonymous_24)
FN:254,(anonymous_25)
FN:260,(anonymous_26)
FN:262,(anonymous_27)
FN:262,(anonymous_28)
FN:264,(anonymous_29)
FN:265,(anonymous_30)
FN:266,(anonymous_31)
FNF:32
FNH:7
FNDA:0,(anonymous_0)
FNDA:0,(anonymous_1)
FNDA:0,(anonymous_2)
FNDA:0,(anonymous_3)
FNDA:0,(anonymous_4)
FNDA:0,(anonymous_5)
FNDA:0,(anonymous_6)
FNDA:0,(anonymous_7)
FNDA:0,(anonymous_8)
FNDA:0,(anonymous_9)
FNDA:0,(anonymous_10)
FNDA:0,(anonymous_11)
FNDA:2,(anonymous_12)
FNDA:0,(anonymous_13)
FNDA:0,(anonymous_14)
FNDA:3,(anonymous_15)
FNDA:2,(anonymous_16)
FNDA:4,(anonymous_17)
FNDA:62,(anonymous_18)
FNDA:0,(anonymous_19)
FNDA:0,(anonymous_20)
FNDA:2,(anonymous_21)
FNDA:2,(anonymous_22)
FNDA:0,(anonymous_23)
FNDA:0,(anonymous_24)
FNDA:0,(anonymous_25)
FNDA:0,(anonymous_26)
FNDA:0,(anonymous_27)
FNDA:0,(anonymous_28)
FNDA:0,(anonymous_29)
FNDA:0,(anonymous_30)
FNDA:0,(anonymous_31)
DA:1,13
DA:2,13
DA:3,13
DA:4,13
DA:5,13
DA:15,13
DA:19,13
DA:21,0
DA:22,0
DA:23,0
DA:24,0
DA:25,0
DA:26,0
DA:30,13
DA:32,0
DA:35,13
DA:36,0
DA:38,13
DA:39,0
DA:47,13
DA:48,0
DA:50,13
DA:51,0
DA:56,13
DA:57,0
DA:59,13
DA:60,0
DA:62,13
DA:63,0
DA:65,13
DA:67,13
DA:69,13
DA:70,2
DA:71,2
DA:72,62
DA:74,2
DA:75,1
DA:77,1
DA:78,1
DA:82,2
DA:85,13
DA:86,0
DA:88,0
DA:90,13
DA:91,3
DA:92,3
DA:93,3
DA:94,2
DA:95,4
DA:97,3
DA:99,3
DA:100,1
DA:103,2
DA:104,2
DA:140,2
DA:141,2
DA:142,2
DA:147,2
DA:155,2
DA:195,2
DA:196,62
DA:205,2
DA:206,0
DA:207,0
DA:208,0
DA:213,0
DA:227,2
DA:230,13
DA:231,0
DA:232,0
DA:235,13
DA:236,2
DA:239,2
DA:240,2
DA:242,2
DA:244,2
DA:245,1
DA:247,1
DA:250,13
DA:251,0
DA:252,0
DA:253,0
DA:254,0
DA:260,13
DA:262,13
DA:264,13
DA:265,0
DA:267,0
DA:268,0
LF:89
LH:60
BRDA:72,0,0,2
BRDA:72,0,1,60
BRDA:74,1,0,1
BRDA:74,1,1,1
BRDA:74,2,0,2
BRDA:74,2,1,1
BRDA:94,3,0,3
BRDA:94,3,1,1
BRDA:95,4,0,3
BRDA:95,4,1,1
BRDA:99,5,0,1
BRDA:99,5,1,2
BRDA:145,6,0,2
BRDA:145,6,1,0
BRDA:150,7,0,2
BRDA:150,7,1,0
BRDA:151,8,0,2
BRDA:151,8,1,0
BRDA:200,9,0,61
BRDA:200,9,1,1
BRDA:205,10,0,0
BRDA:205,10,1,2
BRDA:211,11,0,0
BRDA:211,11,1,0
BRDA:242,12,0,2
BRDA:242,12,1,0
BRDA:244,13,0,1
BRDA:244,13,1,1
BRDA:256,14,0,0
BRDA:256,14,1,0
BRF:30
BRH:21
end_of_record
TN:
SF:/Users/hantao/colive/backoffice_backend/src/infrastructure/utils/email.ts
FN:11,(anonymous_0)
FN:22,(anonymous_1)
FN:23,(anonymous_2)
FN:27,(anonymous_3)
FN:28,(anonymous_4)
FN:30,(anonymous_5)
FN:32,(anonymous_6)
FN:34,(anonymous_7)
FN:37,(anonymous_8)
FN:40,(anonymous_9)
FN:43,(anonymous_10)
FNF:11
FNH:3
FNDA:7,(anonymous_0)
FNDA:0,(anonymous_1)
FNDA:7,(anonymous_2)
FNDA:7,(anonymous_3)
FNDA:0,(anonymous_4)
FNDA:0,(anonymous_5)
FNDA:0,(anonymous_6)
FNDA:0,(anonymous_7)
FNDA:0,(anonymous_8)
FNDA:0,(anonymous_9)
FNDA:0,(anonymous_10)
DA:1,12
DA:2,12
DA:6,12
DA:10,12
DA:12,7
DA:13,7
DA:15,0
DA:16,0
DA:17,0
DA:21,12
DA:22,0
DA:24,7
DA:27,12
DA:28,0
DA:30,12
DA:32,12
DA:34,12
DA:35,0
DA:36,0
DA:37,0
DA:40,12
DA:41,0
DA:43,12
DA:44,0
LF:24
LH:14
BRDA:12,0,0,7
BRDA:12,0,1,0
BRDA:24,1,0,7
BRDA:24,1,1,0
BRF:4
BRH:2
end_of_record
TN:
SF:/Users/hantao/colive/backoffice_backend/src/infrastructure/utils/error.ts
FN:5,(anonymous_0)
FN:6,(anonymous_1)
FN:8,(anonymous_2)
FN:8,(anonymous_3)
FNF:4
FNH:3
FNDA:1,(anonymous_0)
FNDA:0,(anonymous_1)
FNDA:6,(anonymous_2)
FNDA:1,(anonymous_3)
DA:1,12
DA:4,12
DA:5,1
DA:6,0
DA:8,12
DA:9,1
LF:6
LH:5
BRDA:10,0,0,1
BRDA:10,0,1,0
BRF:2
BRH:1
end_of_record
TN:
SF:/Users/hantao/colive/backoffice_backend/src/infrastructure/utils/firebase.ts
FN:3,(anonymous_0)
FNF:1
FNH:0
FNDA:0,(anonymous_0)
DA:3,12
LF:1
LH:1
BRF:0
BRH:0
end_of_record
TN:
SF:/Users/hantao/colive/backoffice_backend/src/infrastructure/utils/mailchimp.ts
FN:27,(anonymous_1)
FN:36,(anonymous_2)
FN:37,(anonymous_3)
FN:41,(anonymous_4)
FN:41,(anonymous_5)
FN:49,(anonymous_6)
FN:49,(anonymous_7)
FN:52,(anonymous_8)
FN:52,(anonymous_9)
FN:60,(anonymous_10)
FN:60,(anonymous_11)
FN:66,(anonymous_12)
FN:66,(anonymous_13)
FN:75,(anonymous_14)
FN:78,(anonymous_15)
FN:117,(anonymous_16)
FN:134,(anonymous_17)
FNF:17
FNH:8
FNDA:3,(anonymous_1)
FNDA:0,(anonymous_2)
FNDA:3,(anonymous_3)
FNDA:2,(anonymous_4)
FNDA:2,(anonymous_5)
FNDA:0,(anonymous_6)
FNDA:0,(anonymous_7)
FNDA:0,(anonymous_8)
FNDA:0,(anonymous_9)
FNDA:0,(anonymous_10)
FNDA:0,(anonymous_11)
FNDA:1,(anonymous_12)
FNDA:1,(anonymous_13)
FNDA:0,(anonymous_14)
FNDA:3,(anonymous_15)
FNDA:0,(anonymous_16)
FNDA:1,(anonymous_17)
DA:1,12
DA:2,12
DA:3,12
DA:17,12
DA:19,12
DA:27,12
DA:28,3
DA:29,3
DA:31,0
DA:32,0
DA:35,12
DA:36,0
DA:38,3
DA:41,12
DA:44,2
DA:49,12
DA:50,0
DA:52,12
DA:55,0
DA:60,12
DA:61,0
DA:66,12
DA:70,1
DA:75,12
DA:76,0
DA:78,12
DA:93,3
DA:94,3
DA:95,3
DA:100,3
DA:101,2
DA:103,3
DA:104,2
DA:106,3
DA:107,2
DA:109,3
DA:110,2
DA:112,3
DA:113,2
DA:116,3
DA:117,0
DA:118,0
DA:119,0
DA:121,0
DA:125,3
DA:126,0
DA:132,3
DA:133,1
DA:134,1
DA:141,3
DA:142,0
DA:147,3
DA:148,0
DA:149,0
DA:155,0
DA:156,0
DA:162,0
DA:163,0
DA:170,3
DA:171,3
LF:60
LH:41
BRDA:28,0,0,3
BRDA:28,0,1,0
BRDA:38,1,0,3
BRDA:38,1,1,0
BRDA:89,2,0,3
BRDA:100,3,0,2
BRDA:100,3,1,1
BRDA:103,4,0,2
BRDA:103,4,1,1
BRDA:106,5,0,2
BRDA:106,5,1,1
BRDA:109,6,0,2
BRDA:109,6,1,1
BRDA:112,7,0,2
BRDA:112,7,1,1
BRDA:116,8,0,0
BRDA:116,8,1,3
BRDA:125,9,0,0
BRDA:125,9,1,3
BRDA:128,10,0,0
BRDA:128,10,1,0
BRDA:132,11,0,1
BRDA:132,11,1,2
BRDA:136,12,0,1
BRDA:136,12,1,1
BRDA:141,13,0,0
BRDA:141,13,1,3
BRDA:147,14,0,0
BRDA:147,14,1,3
BRDA:148,15,0,0
BRDA:148,15,1,0
BRDA:148,16,0,0
BRDA:148,16,1,0
BRDA:155,17,0,0
BRDA:155,17,1,0
BRDA:155,18,0,0
BRDA:155,18,1,0
BRDA:162,19,0,0
BRDA:162,19,1,0
BRDA:162,20,0,0
BRDA:162,20,1,0
BRF:41
BRH:21
end_of_record
TN:
SF:/Users/hantao/colive/backoffice_backend/src/infrastructure/utils/offer.ts
FN:16,(anonymous_1)
FN:19,(anonymous_2)
FN:19,(anonymous_3)
FN:21,(anonymous_4)
FN:24,(anonymous_5)
FN:24,(anonymous_6)
FN:29,(anonymous_7)
FN:44,(anonymous_8)
FN:44,(anonymous_9)
FN:46,(anonymous_10)
FN:56,(anonymous_11)
FN:56,(anonymous_12)
FN:57,(anonymous_13)
FN:59,(anonymous_14)
FN:59,(anonymous_15)
FN:94,(anonymous_16)
FN:105,(anonymous_17)
FN:111,(anonymous_18)
FN:112,(anonymous_19)
FN:116,(anonymous_20)
FN:123,(anonymous_21)
FN:123,(anonymous_22)
FN:125,(anonymous_23)
FN:128,(anonymous_24)
FN:142,(anonymous_25)
FN:143,(anonymous_26)
FN:146,(anonymous_27)
FN:165,(anonymous_28)
FN:165,(anonymous_29)
FN:166,(anonymous_30)
FN:166,(anonymous_31)
FN:168,(anonymous_32)
FN:169,(anonymous_33)
FN:171,(anonymous_34)
FN:172,(anonymous_35)
FN:174,(anonymous_36)
FN:174,(anonymous_37)
FN:184,(anonymous_38)
FN:184,(anonymous_39)
FN:194,(anonymous_40)
FN:195,(anonymous_41)
FN:197,(anonymous_42)
FN:200,(anonymous_43)
FN:201,(anonymous_44)
FN:203,(anonymous_45)
FN:214,(anonymous_46)
FN:217,(anonymous_47)
FN:219,(anonymous_48)
FN:220,(anonymous_49)
FN:225,(anonymous_50)
FN:226,(anonymous_51)
FN:237,(anonymous_52)
FN:243,(anonymous_53)
FN:250,(anonymous_54)
FN:251,(anonymous_55)
FN:254,(anonymous_56)
FN:257,(anonymous_57)
FNF:57
FNH:47
FNDA:24,(anonymous_1)
FNDA:8,(anonymous_2)
FNDA:8,(anonymous_3)
FNDA:2,(anonymous_4)
FNDA:8,(anonymous_5)
FNDA:8,(anonymous_6)
FNDA:3,(anonymous_7)
FNDA:7,(anonymous_8)
FNDA:7,(anonymous_9)
FNDA:3,(anonymous_10)
FNDA:7,(anonymous_11)
FNDA:7,(anonymous_12)
FNDA:2,(anonymous_13)
FNDA:6,(anonymous_14)
FNDA:6,(anonymous_15)
FNDA:0,(anonymous_16)
FNDA:0,(anonymous_17)
FNDA:6,(anonymous_18)
FNDA:84,(anonymous_19)
FNDA:98,(anonymous_20)
FNDA:4,(anonymous_21)
FNDA:4,(anonymous_22)
FNDA:12,(anonymous_23)
FNDA:7,(anonymous_24)
FNDA:8,(anonymous_25)
FNDA:13,(anonymous_26)
FNDA:6,(anonymous_27)
FNDA:6,(anonymous_28)
FNDA:6,(anonymous_29)
FNDA:8,(anonymous_30)
FNDA:0,(anonymous_31)
FNDA:0,(anonymous_32)
FNDA:0,(anonymous_33)
FNDA:2,(anonymous_34)
FNDA:2,(anonymous_35)
FNDA:1,(anonymous_36)
FNDA:1,(anonymous_37)
FNDA:5,(anonymous_38)
FNDA:5,(anonymous_39)
FNDA:5,(anonymous_40)
FNDA:7,(anonymous_41)
FNDA:5,(anonymous_42)
FNDA:6,(anonymous_43)
FNDA:8,(anonymous_44)
FNDA:133,(anonymous_45)
FNDA:132,(anonymous_46)
FNDA:36,(anonymous_47)
FNDA:1,(anonymous_48)
FNDA:14,(anonymous_49)
FNDA:1,(anonymous_50)
FNDA:133,(anonymous_51)
FNDA:1,(anonymous_52)
FNDA:0,(anonymous_53)
FNDA:0,(anonymous_54)
FNDA:0,(anonymous_55)
FNDA:0,(anonymous_56)
FNDA:0,(anonymous_57)
DA:1,13
DA:4,13
DA:16,13
DA:17,24
DA:19,13
DA:20,8
DA:21,2
DA:24,13
DA:25,8
DA:26,3
DA:27,0
DA:29,3
DA:30,3
DA:31,2
DA:32,1
DA:33,1
DA:35,0
DA:40,5
DA:44,13
DA:45,7
DA:47,3
DA:48,0
DA:49,3
DA:50,2
DA:51,1
DA:52,1
DA:56,13
DA:57,7
DA:59,13
DA:67,6
DA:69,6
DA:76,6
DA:77,6
DA:78,6
DA:79,6
DA:80,6
DA:82,6
DA:83,19
DA:84,19
DA:85,19
DA:86,19
DA:87,2
DA:88,2
DA:90,2
DA:91,1
DA:93,1
DA:94,0
DA:95,0
DA:97,1
DA:99,17
DA:102,5
DA:105,13
DA:107,0
DA:108,0
DA:111,13
DA:112,6
DA:114,84
DA:116,98
DA:117,84
DA:118,84
DA:119,84
DA:120,84
DA:123,13
DA:125,4
DA:126,12
DA:128,7
DA:129,6
DA:130,0
DA:132,6
DA:133,6
DA:135,6
DA:137,12
DA:139,4
DA:142,13
DA:143,8
DA:144,13
DA:147,6
DA:160,10
DA:162,13
DA:165,13
DA:166,8
DA:168,13
DA:169,0
DA:171,13
DA:172,2
DA:174,13
DA:176,1
DA:177,1
DA:184,13
DA:185,5
DA:186,5
DA:187,4
DA:188,1
DA:189,1
DA:191,0
DA:194,13
DA:195,7
DA:197,13
DA:198,5
DA:200,13
DA:201,8
DA:203,13
DA:205,133
DA:206,914
DA:207,132
DA:208,132
DA:211,133
DA:214,13
DA:215,132
DA:217,36
DA:219,13
DA:220,1
DA:221,14
DA:222,1
DA:225,13
DA:226,1
DA:227,133
DA:228,133
DA:229,1
DA:231,132
DA:232,132
DA:234,132
DA:237,13
DA:238,1
DA:239,1
DA:240,1
DA:243,13
DA:249,0
DA:250,0
DA:251,0
DA:254,13
DA:257,0
DA:258,0
DA:259,0
DA:261,0
LF:135
LH:118
BRDA:21,0,0,2
BRDA:21,0,1,6
BRDA:25,1,0,3
BRDA:25,1,1,5
BRDA:26,2,0,0
BRDA:26,2,1,3
BRDA:26,3,0,3
BRDA:26,3,1,1
BRDA:30,4,0,2
BRDA:30,4,1,1
BRDA:32,5,0,1
BRDA:32,5,1,0
BRDA:46,6,0,3
BRDA:46,6,1,4
BRDA:45,7,0,7
BRDA:45,7,1,4
BRDA:47,8,0,0
BRDA:47,8,1,3
BRDA:47,9,0,3
BRDA:47,9,1,1
BRDA:49,10,0,2
BRDA:49,10,1,1
BRDA:49,11,0,3
BRDA:49,11,1,3
BRDA:51,12,0,1
BRDA:51,12,1,0
BRDA:51,13,0,1
BRDA:51,13,1,1
BRDA:52,14,0,1
BRDA:52,14,1,1
BRDA:57,15,0,2
BRDA:57,15,1,5
BRDA:86,16,0,2
BRDA:86,16,1,17
BRDA:90,17,0,1
BRDA:90,17,1,1
BRDA:93,18,0,0
BRDA:93,18,1,1
BRDA:126,19,0,6
BRDA:126,19,1,6
BRDA:129,20,0,0
BRDA:129,20,1,6
BRDA:144,21,0,10
BRDA:144,21,1,3
BRDA:147,22,0,6
BRDA:147,22,1,5
BRDA:147,22,2,3
BRDA:147,22,3,3
BRDA:147,22,4,3
BRDA:147,22,5,3
BRDA:147,22,6,3
BRDA:147,22,7,3
BRDA:147,22,8,3
BRDA:147,22,9,3
BRDA:179,23,0,1
BRDA:179,23,1,1
BRDA:186,24,0,4
BRDA:186,24,1,1
BRDA:188,25,0,1
BRDA:188,25,1,0
BRDA:188,26,0,1
BRDA:188,26,1,1
BRDA:206,27,0,132
BRDA:206,27,1,782
BRDA:228,28,0,1
BRDA:228,28,1,132
BRDA:231,29,0,36
BRDA:231,29,1,96
BRDA:232,30,0,118
BRDA:232,30,1,14
BRDA:249,31,0,0
BRDA:249,31,1,0
BRDA:258,32,0,0
BRDA:258,32,1,0
BRF:74
BRH:63
end_of_record
TN:
SF:/Users/hantao/colive/backoffice_backend/src/infrastructure/utils/project.ts
FN:4,(anonymous_0)
FN:57,(anonymous_1)
FNF:2
FNH:0
FNDA:0,(anonymous_0)
FNDA:0,(anonymous_1)
DA:1,12
DA:4,12
DA:5,0
DA:14,0
DA:57,0
DA:58,0
LF:6
LH:2
BRDA:58,0,0,0
BRDA:58,0,1,0
BRF:2
BRH:0
end_of_record
TN:
SF:/Users/hantao/colive/backoffice_backend/src/infrastructure/utils/user.ts
FN:6,(anonymous_0)
FN:48,(anonymous_1)
FN:53,(anonymous_2)
FN:62,(anonymous_3)
FN:71,(anonymous_4)
FN:91,(anonymous_5)
FN:93,(anonymous_6)
FNF:7
FNH:1
FNDA:0,(anonymous_0)
FNDA:0,(anonymous_1)
FNDA:0,(anonymous_2)
FNDA:0,(anonymous_3)
FNDA:0,(anonymous_4)
FNDA:6,(anonymous_5)
FNDA:0,(anonymous_6)
DA:1,12
DA:2,12
DA:3,12
DA:6,12
DA:7,0
DA:8,0
DA:9,0
DA:10,0
DA:11,0
DA:12,0
DA:13,0
DA:14,0
DA:15,0
DA:16,0
DA:17,0
DA:19,0
DA:21,0
DA:22,0
DA:23,0
DA:25,0
DA:27,0
DA:28,0
DA:29,0
DA:31,0
DA:35,0
DA:36,0
DA:38,0
DA:39,0
DA:41,0
DA:42,0
DA:45,0
DA:48,12
DA:49,0
DA:50,0
DA:53,12
DA:54,0
DA:56,0
DA:59,0
DA:62,12
DA:63,0
DA:65,0
DA:68,0
DA:71,12
DA:72,0
DA:74,0
DA:75,0
DA:78,0
DA:79,0
DA:80,0
DA:81,0
DA:82,0
DA:83,0
DA:84,0
DA:85,0
DA:88,0
DA:91,12
DA:93,12
LF:57
LH:10
BRDA:7,0,0,0
BRDA:7,0,1,0
BRDA:15,1,0,0
BRDA:15,1,1,0
BRDA:15,2,0,0
BRDA:15,2,1,0
BRDA:16,3,0,0
BRDA:16,3,1,0
BRDA:21,4,0,0
BRDA:21,4,1,0
BRDA:21,5,0,0
BRDA:21,5,1,0
BRDA:22,6,0,0
BRDA:22,6,1,0
BRDA:27,7,0,0
BRDA:27,7,1,0
BRDA:27,8,0,0
BRDA:27,8,1,0
BRDA:28,9,0,0
BRDA:28,9,1,0
BRDA:35,10,0,0
BRDA:35,10,1,0
BRDA:35,11,0,0
BRDA:35,11,1,0
BRDA:38,12,0,0
BRDA:38,12,1,0
BRDA:38,13,0,0
BRDA:38,13,1,0
BRDA:41,14,0,0
BRDA:41,14,1,0
BRDA:41,15,0,0
BRDA:41,15,1,0
BRDA:54,16,0,0
BRDA:54,16,1,0
BRDA:63,17,0,0
BRDA:63,17,1,0
BRDA:74,18,0,0
BRDA:74,18,1,0
BRDA:74,19,0,0
BRDA:74,19,1,0
BRF:40
BRH:0
end_of_record
TN:
SF:/Users/hantao/colive/backoffice_backend/src/infrastructure/utils/loggers/contractEvent.ts
FN:11,(anonymous_4)
FN:16,(anonymous_5)
FN:24,(anonymous_6)
FNF:3
FNH:1
FNDA:12,(anonymous_4)
FNDA:0,(anonymous_5)
FNDA:0,(anonymous_6)
DA:1,12
DA:2,12
DA:3,12
DA:4,12
DA:7,12
DA:10,12
DA:12,12
DA:13,12
DA:17,0
DA:18,0
DA:19,0
DA:23,12
DA:24,12
DA:26,12
DA:27,12
DA:28,12
DA:32,12
DA:36,12
DA:38,12
DA:39,12
DA:42,12
LF:21
LH:18
BRDA:38,0,0,12
BRDA:38,0,1,0
BRF:2
BRH:1
end_of_record
TN:
SF:/Users/hantao/colive/backoffice_backend/src/infrastructure/utils/loggers/errorEvent.ts
FN:4,(anonymous_0)
FN:16,(anonymous_1)
FNF:2
FNH:0
FNDA:0,(anonymous_0)
FNDA:0,(anonymous_1)
DA:1,12
DA:2,12
DA:3,12
DA:4,12
DA:5,0
DA:7,12
DA:13,12
DA:15,12
DA:17,0
DA:21,12
LF:10
LH:8
BRF:0
BRH:0
end_of_record
TN:
SF:/Users/hantao/colive/backoffice_backend/src/infrastructure/utils/loggers/generalEvent.ts
FN:4,(anonymous_0)
FN:14,(anonymous_1)
FNF:2
FNH:1
FNDA:24,(anonymous_0)
FNDA:0,(anonymous_1)
DA:1,12
DA:2,12
DA:3,12
DA:4,24
DA:6,12
DA:11,12
DA:13,12
DA:15,0
DA:19,12
DA:20,12
DA:23,12
LF:11
LH:10
BRDA:19,0,0,12
BRDA:19,0,1,0
BRF:2
BRH:1
end_of_record
TN:
SF:/Users/hantao/colive/backoffice_backend/src/infrastructure/utils/loggers/index.ts
FNF:0
FNH:0
DA:1,12
DA:2,12
DA:3,12
DA:4,12
LF:4
LH:4
BRF:0
BRH:0
end_of_record
TN:
SF:/Users/hantao/colive/backoffice_backend/src/infrastructure/utils/loggers/offerEvent.ts
FN:12,(anonymous_4)
FN:17,(anonymous_5)
FN:29,(anonymous_6)
FNF:3
FNH:3
FNDA:12,(anonymous_4)
FNDA:13,(anonymous_5)
FNDA:13,(anonymous_6)
DA:1,12
DA:2,12
DA:3,12
DA:4,12
DA:5,12
DA:8,12
DA:11,12
DA:13,12
DA:14,12
DA:18,13
DA:19,13
DA:20,13
DA:21,0
DA:23,13
DA:27,12
DA:28,12
DA:29,13
DA:31,12
DA:32,12
DA:36,12
DA:40,12
DA:42,12
DA:43,12
DA:46,12
LF:24
LH:23
BRDA:20,0,0,0
BRDA:20,0,1,13
BRDA:20,1,0,13
BRDA:20,1,1,0
BRDA:42,2,0,12
BRDA:42,2,1,0
BRF:6
BRH:3
end_of_record
TN:
SF:/Users/hantao/colive/backoffice_backend/test/index.ts
FN:11,(anonymous_0)
FN:12,(anonymous_1)
FNF:2
FNH:1
FNDA:12,(anonymous_0)
FNDA:0,(anonymous_1)
DA:1,12
DA:2,12
DA:4,12
DA:6,12
DA:8,12
DA:10,12
DA:11,12
DA:12,0
DA:14,12
LF:9
LH:8
BRF:0
BRH:0
end_of_record
